{"C:\\repo\\binance-phicube\\frontend\\src\\components\\ErrorBanner.vue": {"path":"C:\\repo\\binance-phicube\\frontend\\src\\components\\ErrorBanner.vue","statementMap":{"0":{"start":{"line":14,"column":14},"end":{"line":14,"column":null}},"1":{"start":{"line":18,"column":13},"end":{"line":18,"column":null}},"2":{"start":{"line":22,"column":6},"end":{"line":22,"column":25}},"3":{"start":{"line":24,"column":0},"end":{"line":29,"column":null}},"4":{"start":{"line":25,"column":2},"end":{"line":28,"column":null}},"5":{"start":{"line":26,"column":4},"end":{"line":26,"column":null}},"6":{"start":{"line":27,"column":4},"end":{"line":27,"column":null}},"7":{"start":{"line":32,"column":2},"end":{"line":32,"column":null}},"8":{"start":{"line":33,"column":2},"end":{"line":33,"column":null}},"9":{"start":{"line":36,"column":40},"end":{"line":40,"column":null}},"10":{"start":{"line":45,"column":10},"end":{"line":45,"column":36}},"11":{"start":{"line":46,"column":10},"end":{"line":46,"column":39}},"12":{"start":{"line":44,"column":13},"end":{"line":47,"column":87}}},"fnMap":{"0":{"name":"(anonymous_0)","decl":{"start":{"line":24,"column":0},"end":{"line":24,"column":16}},"loc":{"start":{"line":24,"column":16},"end":{"line":29,"column":null}},"line":24},"1":{"name":"(anonymous_1)","decl":{"start":{"line":25,"column":2},"end":{"line":25,"column":19}},"loc":{"start":{"line":25,"column":19},"end":{"line":28,"column":10}},"line":25},"2":{"name":"dismiss","decl":{"start":{"line":31,"column":9},"end":{"line":31,"column":19}},"loc":{"start":{"line":31,"column":19},"end":{"line":33,"column":null}},"line":31}},"branchMap":{"0":{"loc":{"start":{"line":44,"column":13},"end":{"line":47,"column":87}},"type":"cond-expr","locations":[{"start":{"line":44,"column":13},"end":{"line":47,"column":87}}],"line":44}},"s":{"0":6,"1":6,"2":6,"3":6,"4":6,"5":1,"6":1,"7":1,"8":1,"9":6,"10":2,"11":2,"12":8},"f":{"0":6,"1":1,"2":1},"b":{"0":[6]},"meta":{"lastBranch":0,"lastFunction":0,"lastStatement":0,"seen":{}}}
,"C:\\repo\\binance-phicube\\frontend\\src\\components\\LoadingSpinner.vue": {"path":"C:\\repo\\binance-phicube\\frontend\\src\\components\\LoadingSpinner.vue","statementMap":{"0":{"start":{"line":18,"column":2},"end":{"line":19,"column":45}}},"fnMap":{},"branchMap":{"0":{"loc":{"start":{"line":19,"column":4},"end":{"line":19,"column":45}},"type":"binary-expr","locations":[{"start":{"line":19,"column":4},"end":{"line":19,"column":9}},{"start":{"line":19,"column":4},"end":{"line":19,"column":45}}],"line":19}},"s":{"0":5},"f":{},"b":{"0":[5,5]},"meta":{"lastBranch":1,"lastFunction":0,"lastStatement":1,"seen":{"s:18:2:19:45":0,"b:19:4:19:9:19:4:19:45":0}}}
,"C:\\repo\\binance-phicube\\frontend\\src\\components\\MetricCard.vue": {"path":"C:\\repo\\binance-phicube\\frontend\\src\\components\\MetricCard.vue","statementMap":{"0":{"start":{"line":15,"column":14},"end":{"line":15,"column":null}},"1":{"start":{"line":18,"column":2},"end":{"line":18,"column":null}},"2":{"start":{"line":18,"column":17},"end":{"line":18,"column":null}},"3":{"start":{"line":19,"column":2},"end":{"line":19,"column":null}},"4":{"start":{"line":19,"column":17},"end":{"line":19,"column":null}},"5":{"start":{"line":20,"column":2},"end":{"line":20,"column":null}},"6":{"start":{"line":24,"column":2},"end":{"line":24,"column":null}},"7":{"start":{"line":24,"column":17},"end":{"line":24,"column":null}},"8":{"start":{"line":25,"column":2},"end":{"line":25,"column":null}},"9":{"start":{"line":25,"column":17},"end":{"line":25,"column":null}},"10":{"start":{"line":26,"column":2},"end":{"line":26,"column":null}},"11":{"start":{"line":31,"column":7},"end":{"line":31,"column":26}},"12":{"start":{"line":32,"column":9},"end":{"line":32,"column":35}},"13":{"start":{"line":33,"column":9},"end":{"line":33,"column":35}},"14":{"start":{"line":31,"column":2},"end":{"line":38,"column":null}}},"fnMap":{"0":{"name":"deltaArrow","decl":{"start":{"line":17,"column":9},"end":{"line":17,"column":20}},"loc":{"start":{"line":17,"column":43},"end":{"line":20,"column":null}},"line":17},"1":{"name":"deltaClass","decl":{"start":{"line":23,"column":9},"end":{"line":23,"column":20}},"loc":{"start":{"line":23,"column":43},"end":{"line":26,"column":null}},"line":23}},"branchMap":{"0":{"loc":{"start":{"line":18,"column":2},"end":{"line":18,"column":null}},"type":"if","locations":[{"start":{"line":18,"column":2},"end":{"line":18,"column":null}},{"start":{},"end":{}}],"line":18},"1":{"loc":{"start":{"line":19,"column":2},"end":{"line":19,"column":null}},"type":"if","locations":[{"start":{"line":19,"column":2},"end":{"line":19,"column":null}},{"start":{},"end":{}}],"line":19},"2":{"loc":{"start":{"line":24,"column":2},"end":{"line":24,"column":null}},"type":"if","locations":[{"start":{"line":24,"column":2},"end":{"line":24,"column":null}},{"start":{},"end":{}}],"line":24},"3":{"loc":{"start":{"line":25,"column":2},"end":{"line":25,"column":null}},"type":"if","locations":[{"start":{"line":25,"column":2},"end":{"line":25,"column":null}},{"start":{},"end":{}}],"line":25},"4":{"loc":{"start":{"line":34,"column":29},"end":{"line":34,"column":78}},"type":"cond-expr","locations":[{"start":{"line":34,"column":29},"end":{"line":34,"column":78}},{"start":{"line":34,"column":68},"end":{"line":34,"column":78}}],"line":34},"5":{"loc":{"start":{"line":36,"column":15},"end":{"line":38,"column":null}},"type":"cond-expr","locations":[{"start":{"line":36,"column":25},"end":{"line":38,"column":null}},{"start":{"line":38,"column":62},"end":{"line":38,"column":null}}],"line":36},"6":{"loc":{"start":{"line":38,"column":9},"end":{"line":38,"column":36}},"type":"cond-expr","locations":[{"start":{"line":38,"column":14},"end":{"line":38,"column":36}},{"start":{"line":38,"column":14},"end":{"line":38,"column":36}}],"line":38},"7":{"loc":{"start":{"line":38,"column":58},"end":{"line":38,"column":null}},"type":"binary-expr","locations":[{"start":{"line":38,"column":58},"end":{"line":38,"column":62}},{"start":{"line":38,"column":62},"end":{"line":38,"column":null}}],"line":38}},"s":{"0":4,"1":2,"2":1,"3":1,"4":1,"5":0,"6":2,"7":1,"8":1,"9":1,"10":0,"11":1,"12":1,"13":1,"14":4},"f":{"0":2,"1":2},"b":{"0":[1,1],"1":[1,0],"2":[1,1],"3":[1,0],"4":[3,1],"5":[2,2],"6":[1,1],"7":[2,0]},"meta":{"lastBranch":8,"lastFunction":2,"lastStatement":15,"seen":{"s:15:14:15:Infinity":0,"f:17:9:17:20":0,"b:18:2:18:Infinity:undefined:undefined:undefined:undefined":0,"s:18:2:18:Infinity":1,"s:18:17:18:Infinity":2,"b:19:2:19:Infinity:undefined:undefined:undefined:undefined":1,"s:19:2:19:Infinity":3,"s:19:17:19:Infinity":4,"s:20:2:20:Infinity":5,"f:23:9:23:20":1,"b:24:2:24:Infinity:undefined:undefined:undefined:undefined":2,"s:24:2:24:Infinity":6,"s:24:17:24:Infinity":7,"b:25:2:25:Infinity:undefined:undefined:undefined:undefined":3,"s:25:2:25:Infinity":8,"s:25:17:25:Infinity":9,"s:26:2:26:Infinity":10,"s:31:7:31:26":11,"s:32:9:32:35":12,"s:33:9:33:35":13,"s:31:2:38:Infinity":14,"b:34:29:34:78:34:68:34:78":4,"b:36:25:38:Infinity:38:62:38:Infinity":5,"b:38:14:38:36:38:14:38:36":6,"b:38:58:38:62:38:62:38:Infinity":7}}}
,"C:\\repo\\binance-phicube\\frontend\\src\\components\\PositionTable.vue": {"path":"C:\\repo\\binance-phicube\\frontend\\src\\components\\PositionTable.vue","statementMap":{"0":{"start":{"line":13,"column":14},"end":{"line":13,"column":null}},"1":{"start":{"line":18,"column":13},"end":{"line":18,"column":null}},"2":{"start":{"line":22,"column":6},"end":{"line":22,"column":27}},"3":{"start":{"line":23,"column":6},"end":{"line":23,"column":43}},"4":{"start":{"line":24,"column":6},"end":{"line":24,"column":48}},"5":{"start":{"line":26,"column":6},"end":{"line":44,"column":null}},"6":{"start":{"line":27,"column":13},"end":{"line":27,"column":33}},"7":{"start":{"line":29,"column":2},"end":{"line":31,"column":null}},"8":{"start":{"line":30,"column":14},"end":{"line":30,"column":45}},"9":{"start":{"line":31,"column":4},"end":{"line":31,"column":null}},"10":{"start":{"line":31,"column":30},"end":{"line":31,"column":64}},"11":{"start":{"line":34,"column":2},"end":{"line":40,"column":null}},"12":{"start":{"line":35,"column":4},"end":{"line":40,"column":null}},"13":{"start":{"line":36,"column":19},"end":{"line":36,"column":null}},"14":{"start":{"line":37,"column":19},"end":{"line":37,"column":null}},"15":{"start":{"line":38,"column":18},"end":{"line":38,"column":null}},"16":{"start":{"line":39,"column":6},"end":{"line":39,"column":null}},"17":{"start":{"line":43,"column":2},"end":{"line":43,"column":null}},"18":{"start":{"line":47,"column":2},"end":{"line":51,"column":null}},"19":{"start":{"line":48,"column":4},"end":{"line":48,"column":null}},"20":{"start":{"line":50,"column":4},"end":{"line":50,"column":null}},"21":{"start":{"line":51,"column":4},"end":{"line":51,"column":null}},"22":{"start":{"line":53,"column":2},"end":{"line":53,"column":null}},"23":{"start":{"line":57,"column":2},"end":{"line":57,"column":null}},"24":{"start":{"line":57,"column":35},"end":{"line":57,"column":null}},"25":{"start":{"line":58,"column":2},"end":{"line":58,"column":null}},"26":{"start":{"line":62,"column":2},"end":{"line":65,"column":null}},"27":{"start":{"line":69,"column":2},"end":{"line":69,"column":null}},"28":{"start":{"line":69,"column":15},"end":{"line":69,"column":null}},"29":{"start":{"line":70,"column":2},"end":{"line":70,"column":null}},"30":{"start":{"line":70,"column":15},"end":{"line":70,"column":null}},"31":{"start":{"line":71,"column":2},"end":{"line":71,"column":null}},"32":{"start":{"line":76,"column":7},"end":{"line":76,"column":29}},"33":{"start":{"line":77,"column":9},"end":{"line":77,"column":40}},"34":{"start":{"line":120,"column":14},"end":{"line":120,"column":67}},"35":{"start":{"line":121,"column":14},"end":{"line":121,"column":40}},"36":{"start":{"line":124,"column":14},"end":{"line":124,"column":40}},"37":{"start":{"line":125,"column":14},"end":{"line":125,"column":40}},"38":{"start":{"line":126,"column":14},"end":{"line":126,"column":40}},"39":{"start":{"line":133,"column":14},"end":{"line":133,"column":40}},"40":{"start":{"line":134,"column":14},"end":{"line":134,"column":40}},"41":{"start":{"line":76,"column":2},"end":{"line":134,"column":80}},"42":{"start":{"line":79,"column":17},"end":{"line":79,"column":null}},"43":{"start":{"line":95,"column":59},"end":{"line":95,"column":81}},"44":{"start":{"line":99,"column":59},"end":{"line":99,"column":86}},"45":{"start":{"line":102,"column":59},"end":{"line":102,"column":88}},"46":{"start":{"line":105,"column":59},"end":{"line":105,"column":83}},"47":{"start":{"line":108,"column":59},"end":{"line":108,"column":83}},"48":{"start":{"line":111,"column":59},"end":{"line":111,"column":82}},"49":{"start":{"line":119,"column":8},"end":{"line":134,"column":80}}},"fnMap":{"0":{"name":"(anonymous_0)","decl":{"start":{"line":26,"column":26},"end":{"line":26,"column":41}},"loc":{"start":{"line":26,"column":41},"end":{"line":44,"column":null}},"line":26},"1":{"name":"(anonymous_1)","decl":{"start":{"line":31,"column":16},"end":{"line":31,"column":24}},"loc":{"start":{"line":31,"column":30},"end":{"line":31,"column":64}},"line":31},"2":{"name":"(anonymous_2)","decl":{"start":{"line":35,"column":9},"end":{"line":35,"column":15}},"loc":{"start":{"line":35,"column":24},"end":{"line":40,"column":null}},"line":35},"3":{"name":"toggleSort","decl":{"start":{"line":46,"column":9},"end":{"line":46,"column":20}},"loc":{"start":{"line":46,"column":36},"end":{"line":53,"column":null}},"line":46},"4":{"name":"sortIcon","decl":{"start":{"line":56,"column":9},"end":{"line":56,"column":18}},"loc":{"start":{"line":56,"column":42},"end":{"line":58,"column":null}},"line":56},"5":{"name":"formatCurrency","decl":{"start":{"line":61,"column":9},"end":{"line":61,"column":24}},"loc":{"start":{"line":61,"column":47},"end":{"line":65,"column":null}},"line":61},"6":{"name":"pnlClass","decl":{"start":{"line":68,"column":9},"end":{"line":68,"column":18}},"loc":{"start":{"line":68,"column":39},"end":{"line":71,"column":null}},"line":68},"7":{"name":"(anonymous_7)","decl":{"start":{"line":79,"column":17},"end":{"line":79,"column":28}},"loc":{"start":{"line":79,"column":17},"end":{"line":79,"column":null}},"line":79},"8":{"name":"(anonymous_8)","decl":{"start":{"line":95,"column":57},"end":{"line":95,"column":59}},"loc":{"start":{"line":95,"column":59},"end":{"line":95,"column":81}},"line":95},"9":{"name":"(anonymous_9)","decl":{"start":{"line":99,"column":57},"end":{"line":99,"column":59}},"loc":{"start":{"line":99,"column":59},"end":{"line":99,"column":86}},"line":99},"10":{"name":"(anonymous_10)","decl":{"start":{"line":102,"column":57},"end":{"line":102,"column":59}},"loc":{"start":{"line":102,"column":59},"end":{"line":102,"column":88}},"line":102},"11":{"name":"(anonymous_11)","decl":{"start":{"line":105,"column":57},"end":{"line":105,"column":59}},"loc":{"start":{"line":105,"column":59},"end":{"line":105,"column":83}},"line":105},"12":{"name":"(anonymous_12)","decl":{"start":{"line":108,"column":57},"end":{"line":108,"column":59}},"loc":{"start":{"line":108,"column":59},"end":{"line":108,"column":83}},"line":108},"13":{"name":"(anonymous_13)","decl":{"start":{"line":111,"column":57},"end":{"line":111,"column":59}},"loc":{"start":{"line":111,"column":59},"end":{"line":111,"column":82}},"line":111},"14":{"name":"(anonymous_14)","decl":{"start":{"line":119,"column":26},"end":{"line":119,"column":46}},"loc":{"start":{"line":119,"column":22},"end":{"line":134,"column":80}},"line":119}},"branchMap":{"0":{"loc":{"start":{"line":29,"column":2},"end":{"line":31,"column":null}},"type":"if","locations":[{"start":{"line":29,"column":2},"end":{"line":31,"column":null}},{"start":{},"end":{}}],"line":29},"1":{"loc":{"start":{"line":34,"column":2},"end":{"line":40,"column":null}},"type":"if","locations":[{"start":{"line":34,"column":2},"end":{"line":40,"column":null}},{"start":{},"end":{}}],"line":34},"2":{"loc":{"start":{"line":38,"column":18},"end":{"line":38,"column":null}},"type":"cond-expr","locations":[{"start":{"line":38,"column":32},"end":{"line":38,"column":37}},{"start":{"line":38,"column":37},"end":{"line":38,"column":null}}],"line":38},"3":{"loc":{"start":{"line":38,"column":37},"end":{"line":38,"column":null}},"type":"cond-expr","locations":[{"start":{"line":38,"column":51},"end":{"line":38,"column":55}},{"start":{"line":38,"column":55},"end":{"line":38,"column":null}}],"line":38},"4":{"loc":{"start":{"line":39,"column":13},"end":{"line":39,"column":null}},"type":"cond-expr","locations":[{"start":{"line":39,"column":45},"end":{"line":39,"column":51}},{"start":{"line":39,"column":51},"end":{"line":39,"column":null}}],"line":39},"5":{"loc":{"start":{"line":47,"column":2},"end":{"line":51,"column":null}},"type":"if","locations":[{"start":{"line":47,"column":2},"end":{"line":51,"column":null}},{"start":{"line":49,"column":9},"end":{"line":51,"column":null}}],"line":47},"6":{"loc":{"start":{"line":48,"column":26},"end":{"line":48,"column":null}},"type":"cond-expr","locations":[{"start":{"line":48,"column":58},"end":{"line":48,"column":67}},{"start":{"line":48,"column":67},"end":{"line":48,"column":null}}],"line":48},"7":{"loc":{"start":{"line":57,"column":2},"end":{"line":57,"column":null}},"type":"if","locations":[{"start":{"line":57,"column":2},"end":{"line":57,"column":null}},{"start":{},"end":{}}],"line":57},"8":{"loc":{"start":{"line":58,"column":9},"end":{"line":58,"column":null}},"type":"cond-expr","locations":[{"start":{"line":58,"column":41},"end":{"line":58,"column":47}},{"start":{"line":58,"column":47},"end":{"line":58,"column":null}}],"line":58},"9":{"loc":{"start":{"line":69,"column":2},"end":{"line":69,"column":null}},"type":"if","locations":[{"start":{"line":69,"column":2},"end":{"line":69,"column":null}},{"start":{},"end":{}}],"line":69},"10":{"loc":{"start":{"line":70,"column":2},"end":{"line":70,"column":null}},"type":"if","locations":[{"start":{"line":70,"column":2},"end":{"line":70,"column":null}},{"start":{},"end":{}}],"line":70},"11":{"loc":{"start":{"line":79,"column":17},"end":{"line":79,"column":null}},"type":"binary-expr","locations":[{"start":{"line":79,"column":17},"end":{"line":79,"column":28}},{"start":{"line":79,"column":17},"end":{"line":79,"column":null}}],"line":79},"12":{"loc":{"start":{"line":86,"column":26},"end":{"line":134,"column":80}},"type":"cond-expr","locations":[{"start":{"line":86,"column":26},"end":{"line":86,"column":null}},{"start":{"line":88,"column":20},"end":{"line":134,"column":80}}],"line":86},"13":{"loc":{"start":{"line":88,"column":20},"end":{"line":134,"column":80}},"type":"cond-expr","locations":[{"start":{"line":88,"column":44},"end":{"line":88,"column":null}},{"start":{"line":90,"column":4},"end":{"line":134,"column":80}}],"line":88},"14":{"loc":{"start":{"line":95,"column":57},"end":{"line":95,"column":81}},"type":"binary-expr","locations":[{"start":{"line":95,"column":57},"end":{"line":95,"column":59}},{"start":{"line":95,"column":57},"end":{"line":95,"column":81}}],"line":95},"15":{"loc":{"start":{"line":98,"column":10},"end":{"line":98,"column":53}},"type":"binary-expr","locations":[{"start":{"line":98,"column":10},"end":{"line":98,"column":14}},{"start":{"line":98,"column":10},"end":{"line":98,"column":53}}],"line":98},"16":{"loc":{"start":{"line":99,"column":57},"end":{"line":99,"column":86}},"type":"binary-expr","locations":[{"start":{"line":99,"column":57},"end":{"line":99,"column":59}},{"start":{"line":99,"column":57},"end":{"line":99,"column":86}}],"line":99},"17":{"loc":{"start":{"line":102,"column":57},"end":{"line":102,"column":88}},"type":"binary-expr","locations":[{"start":{"line":102,"column":57},"end":{"line":102,"column":59}},{"start":{"line":102,"column":57},"end":{"line":102,"column":88}}],"line":102},"18":{"loc":{"start":{"line":105,"column":57},"end":{"line":105,"column":83}},"type":"binary-expr","locations":[{"start":{"line":105,"column":57},"end":{"line":105,"column":59}},{"start":{"line":105,"column":57},"end":{"line":105,"column":83}}],"line":105},"19":{"loc":{"start":{"line":108,"column":57},"end":{"line":108,"column":83}},"type":"binary-expr","locations":[{"start":{"line":108,"column":57},"end":{"line":108,"column":59}},{"start":{"line":108,"column":57},"end":{"line":108,"column":83}}],"line":108},"20":{"loc":{"start":{"line":111,"column":57},"end":{"line":111,"column":82}},"type":"binary-expr","locations":[{"start":{"line":111,"column":57},"end":{"line":111,"column":59}},{"start":{"line":111,"column":57},"end":{"line":111,"column":82}}],"line":111},"21":{"loc":{"start":{"line":114,"column":10},"end":{"line":114,"column":48}},"type":"binary-expr","locations":[{"start":{"line":114,"column":10},"end":{"line":114,"column":14}},{"start":{"line":114,"column":10},"end":{"line":114,"column":48}}],"line":114},"22":{"loc":{"start":{"line":115,"column":10},"end":{"line":115,"column":48}},"type":"binary-expr","locations":[{"start":{"line":115,"column":10},"end":{"line":115,"column":14}},{"start":{"line":115,"column":10},"end":{"line":115,"column":48}}],"line":115},"23":{"loc":{"start":{"line":131,"column":15},"end":{"line":131,"column":48}},"type":"cond-expr","locations":[{"start":{"line":131,"column":26},"end":{"line":131,"column":48}},{"start":{"line":131,"column":26},"end":{"line":131,"column":48}}],"line":131}},"s":{"0":7,"1":7,"2":7,"3":7,"4":7,"5":7,"6":10,"7":10,"8":1,"9":1,"10":3,"11":10,"12":3,"13":7,"14":7,"15":7,"16":7,"17":10,"18":3,"19":1,"20":2,"21":2,"22":3,"23":54,"24":51,"25":3,"26":125,"27":50,"28":34,"29":16,"30":16,"31":0,"32":2,"33":2,"34":2,"35":2,"36":2,"37":2,"38":2,"39":2,"40":2,"41":11,"42":1,"43":3,"44":0,"45":0,"46":0,"47":0,"48":0,"49":25},"f":{"0":10,"1":3,"2":7,"3":3,"4":54,"5":125,"6":50,"7":1,"8":3,"9":0,"10":0,"11":0,"12":0,"13":0,"14":25},"b":{"0":[1,9],"1":[3,7],"2":[0,7],"3":[7,0],"4":[4,3],"5":[1,2],"6":[1,0],"7":[51,3],"8":[2,1],"9":[34,16],"10":[16,0],"11":[11,7],"12":[1,10],"13":[1,9],"14":[9,5],"15":[9,5],"16":[9,5],"17":[9,5],"18":[9,5],"19":[9,5],"20":[9,5],"21":[9,5],"22":[9,5],"23":[17,8]},"meta":{"lastBranch":0,"lastFunction":0,"lastStatement":0,"seen":{}}}
,"C:\\repo\\binance-phicube\\frontend\\src\\components\\PriceChart.vue": {"path":"C:\\repo\\binance-phicube\\frontend\\src\\components\\PriceChart.vue","statementMap":{"0":{"start":{"line":23,"column":7},"end":{"line":23,"column":26}},"1":{"start":{"line":23,"column":2},"end":{"line":28,"column":81}}},"fnMap":{},"branchMap":{"0":{"loc":{"start":{"line":24,"column":15},"end":{"line":28,"column":81}},"type":"cond-expr","locations":[{"start":{"line":24,"column":15},"end":{"line":24,"column":78}},{"start":{"line":24,"column":78},"end":{"line":28,"column":81}}],"line":24},"1":{"loc":{"start":{"line":29,"column":10},"end":{"line":28,"column":81}},"type":"binary-expr","locations":[{"start":{"line":29,"column":10},"end":{"line":29,"column":null}},{"start":{"line":29,"column":10},"end":{"line":28,"column":81}}],"line":29}},"s":{"0":1,"1":3},"f":{},"b":{"0":[1,2],"1":[2,2]},"meta":{"lastBranch":0,"lastFunction":0,"lastStatement":0,"seen":{}}}
,"C:\\repo\\binance-phicube\\frontend\\src\\components\\SignalBadge.vue": {"path":"C:\\repo\\binance-phicube\\frontend\\src\\components\\SignalBadge.vue","statementMap":{"0":{"start":{"line":16,"column":2},"end":{"line":17,"column":null}}},"fnMap":{},"branchMap":{},"s":{"0":18},"f":{},"b":{},"meta":{"lastBranch":0,"lastFunction":0,"lastStatement":0,"seen":{}}}
,"C:\\repo\\binance-phicube\\frontend\\src\\components\\Layout\\Footer.vue": {"path":"C:\\repo\\binance-phicube\\frontend\\src\\components\\Layout\\Footer.vue","statementMap":{"0":{"start":{"line":8,"column":20},"end":{"line":8,"column":null}},"1":{"start":{"line":9,"column":19},"end":{"line":9,"column":null}},"2":{"start":{"line":7,"column":20},"end":{"line":7,"column":44}},"3":{"start":{"line":17,"column":10},"end":{"line":17,"column":24}},"4":{"start":{"line":18,"column":9},"end":{"line":18,"column":34}},"5":{"start":{"line":19,"column":11},"end":{"line":19,"column":31}},"6":{"start":{"line":20,"column":14},"end":{"line":20,"column":37}},"7":{"start":{"line":25,"column":11},"end":{"line":25,"column":36}},"8":{"start":{"line":17,"column":2},"end":{"line":25,"column":90}}},"fnMap":{},"branchMap":{"0":{"loc":{"start":{"line":20,"column":50},"end":{"line":20,"column":81}},"type":"binary-expr","locations":[{"start":{"line":20,"column":50},"end":{"line":20,"column":60}},{"start":{"line":20,"column":60},"end":{"line":20,"column":81}}],"line":20}},"s":{"0":1,"1":1,"2":4,"3":1,"4":1,"5":1,"6":1,"7":1,"8":4},"f":{},"b":{"0":[4,3]},"meta":{"lastBranch":0,"lastFunction":0,"lastStatement":0,"seen":{}}}
,"C:\\repo\\binance-phicube\\frontend\\src\\components\\Layout\\Navbar.vue": {"path":"C:\\repo\\binance-phicube\\frontend\\src\\components\\Layout\\Navbar.vue","statementMap":{"0":{"start":{"line":10,"column":7},"end":{"line":10,"column":21}},"1":{"start":{"line":11,"column":9},"end":{"line":11,"column":34}},"2":{"start":{"line":14,"column":11},"end":{"line":14,"column":32}},"3":{"start":{"line":10,"column":2},"end":{"line":26,"column":22}},"4":{"start":{"line":12,"column":66},"end":{"line":12,"column":80}},"5":{"start":{"line":17,"column":8},"end":{"line":17,"column":22}},"6":{"start":{"line":20,"column":8},"end":{"line":20,"column":22}},"7":{"start":{"line":23,"column":8},"end":{"line":23,"column":22}},"8":{"start":{"line":26,"column":8},"end":{"line":26,"column":22}}},"fnMap":{"0":{"name":"(anonymous_0)","decl":{"start":{"line":12,"column":66},"end":{"line":12,"column":80}},"loc":{"start":{"line":12,"column":66},"end":{"line":12,"column":80}},"line":12},"1":{"name":"(anonymous_1)","decl":{"start":{"line":17,"column":8},"end":{"line":17,"column":22}},"loc":{"start":{"line":17,"column":8},"end":{"line":17,"column":22}},"line":17},"2":{"name":"(anonymous_2)","decl":{"start":{"line":20,"column":8},"end":{"line":20,"column":22}},"loc":{"start":{"line":20,"column":8},"end":{"line":20,"column":22}},"line":20},"3":{"name":"(anonymous_3)","decl":{"start":{"line":23,"column":8},"end":{"line":23,"column":22}},"loc":{"start":{"line":23,"column":8},"end":{"line":23,"column":22}},"line":23},"4":{"name":"(anonymous_4)","decl":{"start":{"line":26,"column":8},"end":{"line":26,"column":22}},"loc":{"start":{"line":26,"column":8},"end":{"line":26,"column":22}},"line":26}},"branchMap":{"0":{"loc":{"start":{"line":12,"column":66},"end":{"line":12,"column":80}},"type":"binary-expr","locations":[{"start":{"line":12,"column":66},"end":{"line":12,"column":80}},{"start":{"line":12,"column":66},"end":{"line":12,"column":80}}],"line":12},"1":{"loc":{"start":{"line":17,"column":8},"end":{"line":17,"column":22}},"type":"binary-expr","locations":[{"start":{"line":17,"column":8},"end":{"line":17,"column":22}},{"start":{"line":17,"column":8},"end":{"line":17,"column":22}}],"line":17},"2":{"loc":{"start":{"line":20,"column":8},"end":{"line":20,"column":22}},"type":"binary-expr","locations":[{"start":{"line":20,"column":8},"end":{"line":20,"column":22}},{"start":{"line":20,"column":8},"end":{"line":20,"column":22}}],"line":20},"3":{"loc":{"start":{"line":23,"column":8},"end":{"line":23,"column":22}},"type":"binary-expr","locations":[{"start":{"line":23,"column":8},"end":{"line":23,"column":22}},{"start":{"line":23,"column":8},"end":{"line":23,"column":22}}],"line":23},"4":{"loc":{"start":{"line":26,"column":8},"end":{"line":26,"column":22}},"type":"binary-expr","locations":[{"start":{"line":26,"column":8},"end":{"line":26,"column":22}},{"start":{"line":26,"column":8},"end":{"line":26,"column":22}}],"line":26}},"s":{"0":1,"1":1,"2":1,"3":4,"4":3,"5":3,"6":3,"7":3,"8":3},"f":{"0":3,"1":3,"2":3,"3":3,"4":3},"b":{"0":[3,3],"1":[3,3],"2":[3,3],"3":[3,3],"4":[3,3]},"meta":{"lastBranch":5,"lastFunction":5,"lastStatement":9,"seen":{"s:10:7:10:21":0,"s:11:9:11:34":1,"s:14:11:14:32":2,"s:10:2:26:22":3,"f:12:66:12:80":0,"s:12:66:12:80":4,"b:12:66:12:80:12:66:12:80":0,"f:17:8:17:22":1,"s:17:8:17:22":5,"b:17:8:17:22:17:8:17:22":1,"f:20:8:20:22":2,"s:20:8:20:22":6,"b:20:8:20:22:20:8:20:22":2,"f:23:8:23:22":3,"s:23:8:23:22":7,"b:23:8:23:22:23:8:23:22":3,"f:26:8:26:22":4,"s:26:8:26:22":8,"b:26:8:26:22:26:8:26:22":4}}}
,"C:\\repo\\binance-phicube\\frontend\\src\\services\\api.ts": {"path":"C:\\repo\\binance-phicube\\frontend\\src\\services\\api.ts","statementMap":{"0":{"start":{"line":13,"column":27},"end":{"line":19,"column":2}},"1":{"start":{"line":22,"column":17},"end":{"line":22,"column":null}},"2":{"start":{"line":24,"column":0},"end":{"line":53,"column":null}},"3":{"start":{"line":26,"column":4},"end":{"line":26,"column":null}},"4":{"start":{"line":27,"column":4},"end":{"line":27,"column":null}},"5":{"start":{"line":30,"column":28},"end":{"line":30,"column":null}},"6":{"start":{"line":33,"column":4},"end":{"line":35,"column":null}},"7":{"start":{"line":34,"column":6},"end":{"line":34,"column":null}},"8":{"start":{"line":35,"column":6},"end":{"line":35,"column":null}},"9":{"start":{"line":39,"column":4},"end":{"line":47,"column":null}},"10":{"start":{"line":44,"column":6},"end":{"line":44,"column":null}},"11":{"start":{"line":45,"column":20},"end":{"line":45,"column":null}},"12":{"start":{"line":46,"column":6},"end":{"line":46,"column":null}},"13":{"start":{"line":46,"column":37},"end":{"line":46,"column":63}},"14":{"start":{"line":47,"column":6},"end":{"line":47,"column":null}},"15":{"start":{"line":50,"column":4},"end":{"line":50,"column":null}},"16":{"start":{"line":51,"column":4},"end":{"line":51,"column":null}},"17":{"start":{"line":59,"column":2},"end":{"line":65,"column":null}},"18":{"start":{"line":60,"column":23},"end":{"line":60,"column":null}},"19":{"start":{"line":61,"column":4},"end":{"line":65,"column":null}},"20":{"start":{"line":67,"column":2},"end":{"line":71,"column":null}},"21":{"start":{"line":78,"column":19},"end":{"line":78,"column":58}},"22":{"start":{"line":79,"column":2},"end":{"line":79,"column":null}},"23":{"start":{"line":86,"column":19},"end":{"line":86,"column":69}},"24":{"start":{"line":87,"column":2},"end":{"line":87,"column":null}},"25":{"start":{"line":94,"column":19},"end":{"line":94,"column":57}},"26":{"start":{"line":95,"column":2},"end":{"line":95,"column":null}}},"fnMap":{"0":{"name":"(anonymous_0)","decl":{"start":{"line":24,"column":26},"end":{"line":24,"column":null}},"loc":{"start":{"line":25,"column":16},"end":{"line":29,"column":9}},"line":25},"1":{"name":"(anonymous_1)","decl":{"start":{"line":29,"column":2},"end":{"line":29,"column":9}},"loc":{"start":{"line":29,"column":31},"end":{"line":53,"column":null}},"line":29},"2":{"name":"(anonymous_2)","decl":{"start":{"line":46,"column":16},"end":{"line":46,"column":25}},"loc":{"start":{"line":46,"column":37},"end":{"line":46,"column":63}},"line":46},"3":{"name":"parseApiError","decl":{"start":{"line":58,"column":16},"end":{"line":58,"column":30}},"loc":{"start":{"line":58,"column":56},"end":{"line":71,"column":null}},"line":58},"4":{"name":"getPositions","decl":{"start":{"line":77,"column":22},"end":{"line":77,"column":58}},"loc":{"start":{"line":77,"column":58},"end":{"line":79,"column":null}},"line":77},"5":{"name":"getPerformance","decl":{"start":{"line":85,"column":22},"end":{"line":85,"column":69}},"loc":{"start":{"line":85,"column":69},"end":{"line":87,"column":null}},"line":85},"6":{"name":"getHealth","decl":{"start":{"line":93,"column":22},"end":{"line":93,"column":57}},"loc":{"start":{"line":93,"column":57},"end":{"line":95,"column":null}},"line":93}},"branchMap":{"0":{"loc":{"start":{"line":33,"column":4},"end":{"line":35,"column":null}},"type":"if","locations":[{"start":{"line":33,"column":4},"end":{"line":35,"column":null}},{"start":{},"end":{}}],"line":33},"1":{"loc":{"start":{"line":39,"column":4},"end":{"line":47,"column":null}},"type":"if","locations":[{"start":{"line":39,"column":4},"end":{"line":47,"column":null}},{"start":{},"end":{}}],"line":39},"2":{"loc":{"start":{"line":39,"column":4},"end":{"line":42,"column":null}},"type":"binary-expr","locations":[{"start":{"line":40,"column":7},"end":{"line":40,"column":26}},{"start":{"line":40,"column":26},"end":{"line":40,"column":null}},{"start":{"line":41,"column":6},"end":{"line":41,"column":null}},{"start":{"line":42,"column":6},"end":{"line":42,"column":null}}],"line":39},"3":{"loc":{"start":{"line":59,"column":2},"end":{"line":65,"column":null}},"type":"if","locations":[{"start":{"line":59,"column":2},"end":{"line":65,"column":null}},{"start":{},"end":{}}],"line":59},"4":{"loc":{"start":{"line":62,"column":14},"end":{"line":62,"column":null}},"type":"binary-expr","locations":[{"start":{"line":62,"column":14},"end":{"line":62,"column":45}},{"start":{"line":62,"column":45},"end":{"line":62,"column":null}}],"line":62},"5":{"loc":{"start":{"line":63,"column":15},"end":{"line":63,"column":null}},"type":"binary-expr","locations":[{"start":{"line":63,"column":15},"end":{"line":63,"column":53}},{"start":{"line":63,"column":53},"end":{"line":63,"column":null}}],"line":63},"6":{"loc":{"start":{"line":69,"column":13},"end":{"line":69,"column":null}},"type":"cond-expr","locations":[{"start":{"line":69,"column":38},"end":{"line":69,"column":54}},{"start":{"line":69,"column":54},"end":{"line":69,"column":null}}],"line":69}},"s":{"0":2,"1":2,"2":2,"3":0,"4":0,"5":0,"6":0,"7":0,"8":0,"9":0,"10":0,"11":0,"12":0,"13":0,"14":0,"15":0,"16":0,"17":4,"18":2,"19":2,"20":2,"21":0,"22":0,"23":0,"24":0,"25":0,"26":0},"f":{"0":0,"1":0,"2":0,"3":4,"4":0,"5":0,"6":0},"b":{"0":[0,0],"1":[0,0],"2":[0,0,0,0],"3":[2,2],"4":[2,0],"5":[2,1],"6":[1,1]},"meta":{"lastBranch":7,"lastFunction":7,"lastStatement":27,"seen":{"s:13:27:19:2":0,"s:22:17:22:Infinity":1,"s:24:0:53:Infinity":2,"f:24:26:24:Infinity":0,"s:26:4:26:Infinity":3,"s:27:4:27:Infinity":4,"f:29:2:29:9":1,"s:30:28:30:Infinity":5,"b:33:4:35:Infinity:undefined:undefined:undefined:undefined":0,"s:33:4:35:Infinity":6,"s:34:6:34:Infinity":7,"s:35:6:35:Infinity":8,"b:39:4:47:Infinity:undefined:undefined:undefined:undefined":1,"s:39:4:47:Infinity":9,"b:40:7:40:26:40:26:40:Infinity:41:6:41:Infinity:42:6:42:Infinity":2,"s:44:6:44:Infinity":10,"s:45:20:45:Infinity":11,"s:46:6:46:Infinity":12,"f:46:16:46:25":2,"s:46:37:46:63":13,"s:47:6:47:Infinity":14,"s:50:4:50:Infinity":15,"s:51:4:51:Infinity":16,"f:58:16:58:30":3,"b:59:2:65:Infinity:undefined:undefined:undefined:undefined":3,"s:59:2:65:Infinity":17,"s:60:23:60:Infinity":18,"s:61:4:65:Infinity":19,"b:62:14:62:45:62:45:62:Infinity":4,"b:63:15:63:53:63:53:63:Infinity":5,"s:67:2:71:Infinity":20,"b:69:38:69:54:69:54:69:Infinity":6,"f:77:22:77:58":4,"s:78:19:78:58":21,"s:79:2:79:Infinity":22,"f:85:22:85:69":5,"s:86:19:86:69":23,"s:87:2:87:Infinity":24,"f:93:22:93:57":6,"s:94:19:94:57":25,"s:95:2:95:Infinity":26}}}
,"C:\\repo\\binance-phicube\\frontend\\src\\services\\config.ts": {"path":"C:\\repo\\binance-phicube\\frontend\\src\\services\\config.ts","statementMap":{"0":{"start":{"line":7,"column":28},"end":{"line":7,"column":null}},"1":{"start":{"line":8,"column":31},"end":{"line":8,"column":null}},"2":{"start":{"line":9,"column":27},"end":{"line":9,"column":null}}},"fnMap":{},"branchMap":{"0":{"loc":{"start":{"line":7,"column":28},"end":{"line":7,"column":null}},"type":"binary-expr","locations":[{"start":{"line":7,"column":28},"end":{"line":7,"column":65}},{"start":{"line":7,"column":65},"end":{"line":7,"column":null}}],"line":7}},"s":{"0":2,"1":2,"2":2},"f":{},"b":{"0":[2,0]},"meta":{"lastBranch":1,"lastFunction":0,"lastStatement":3,"seen":{"s:7:28:7:Infinity":0,"b:7:28:7:65:7:65:7:Infinity":0,"s:8:31:8:Infinity":1,"s:9:27:9:Infinity":2}}}
,"C:\\repo\\binance-phicube\\frontend\\src\\services\\types.ts": {"path":"C:\\repo\\binance-phicube\\frontend\\src\\services\\types.ts","statementMap":{},"fnMap":{},"branchMap":{},"s":{},"f":{},"b":{},"meta":{"lastBranch":0,"lastFunction":0,"lastStatement":0,"seen":{}}}
,"C:\\repo\\binance-phicube\\frontend\\src\\stores\\performanceStore.ts": {"path":"C:\\repo\\binance-phicube\\frontend\\src\\stores\\performanceStore.ts","statementMap":{"0":{"start":{"line":12,"column":13},"end":{"line":51,"column":null}},"1":{"start":{"line":14,"column":8},"end":{"line":14,"column":52}},"2":{"start":{"line":15,"column":8},"end":{"line":15,"column":28}},"3":{"start":{"line":16,"column":8},"end":{"line":16,"column":40}},"4":{"start":{"line":17,"column":8},"end":{"line":17,"column":43}},"5":{"start":{"line":20,"column":8},"end":{"line":20,"column":92}},"6":{"start":{"line":20,"column":65},"end":{"line":20,"column":92}},"7":{"start":{"line":24,"column":4},"end":{"line":24,"column":null}},"8":{"start":{"line":25,"column":4},"end":{"line":25,"column":null}},"9":{"start":{"line":26,"column":4},"end":{"line":33,"column":null}},"10":{"start":{"line":27,"column":6},"end":{"line":27,"column":null}},"11":{"start":{"line":28,"column":6},"end":{"line":28,"column":null}},"12":{"start":{"line":30,"column":22},"end":{"line":30,"column":null}},"13":{"start":{"line":31,"column":6},"end":{"line":31,"column":null}},"14":{"start":{"line":33,"column":6},"end":{"line":33,"column":null}},"15":{"start":{"line":38,"column":4},"end":{"line":38,"column":null}},"16":{"start":{"line":39,"column":4},"end":{"line":39,"column":null}},"17":{"start":{"line":42,"column":2},"end":{"line":50,"column":null}}},"fnMap":{"0":{"name":"(anonymous_0)","decl":{"start":{"line":12,"column":47},"end":{"line":12,"column":68}},"loc":{"start":{"line":12,"column":68},"end":{"line":51,"column":null}},"line":12},"1":{"name":"(anonymous_1)","decl":{"start":{"line":20,"column":24},"end":{"line":20,"column":65}},"loc":{"start":{"line":20,"column":65},"end":{"line":20,"column":92}},"line":20},"2":{"name":"fetchPerformance","decl":{"start":{"line":23,"column":17},"end":{"line":23,"column":36}},"loc":{"start":{"line":23,"column":36},"end":{"line":33,"column":null}},"line":23},"3":{"name":"clearPerformance","decl":{"start":{"line":37,"column":11},"end":{"line":37,"column":30}},"loc":{"start":{"line":37,"column":30},"end":{"line":39,"column":null}},"line":37}},"branchMap":{"0":{"loc":{"start":{"line":20,"column":65},"end":{"line":20,"column":92}},"type":"binary-expr","locations":[{"start":{"line":20,"column":65},"end":{"line":20,"column":87}},{"start":{"line":20,"column":87},"end":{"line":20,"column":92}}],"line":20},"1":{"loc":{"start":{"line":30,"column":22},"end":{"line":30,"column":null}},"type":"cond-expr","locations":[{"start":{"line":30,"column":43},"end":{"line":30,"column":55}},{"start":{"line":30,"column":55},"end":{"line":30,"column":null}}],"line":30}},"s":{"0":1,"1":4,"2":4,"3":4,"4":4,"5":4,"6":2,"7":2,"8":2,"9":2,"10":2,"11":1,"12":1,"13":1,"14":2,"15":0,"16":0,"17":4},"f":{"0":4,"1":2,"2":2,"3":0},"b":{"0":[2,1],"1":[1,0]},"meta":{"lastBranch":2,"lastFunction":4,"lastStatement":18,"seen":{"s:12:13:51:Infinity":0,"f:12:47:12:68":0,"s:14:8:14:52":1,"s:15:8:15:28":2,"s:16:8:16:40":3,"s:17:8:17:43":4,"s:20:8:20:92":5,"f:20:24:20:65":1,"s:20:65:20:92":6,"b:20:65:20:87:20:87:20:92":0,"f:23:17:23:36":2,"s:24:4:24:Infinity":7,"s:25:4:25:Infinity":8,"s:26:4:33:Infinity":9,"s:27:6:27:Infinity":10,"s:28:6:28:Infinity":11,"s:30:22:30:Infinity":12,"b:30:43:30:55:30:55:30:Infinity":1,"s:31:6:31:Infinity":13,"s:33:6:33:Infinity":14,"f:37:11:37:30":3,"s:38:4:38:Infinity":15,"s:39:4:39:Infinity":16,"s:42:2:50:Infinity":17}}}
,"C:\\repo\\binance-phicube\\frontend\\src\\stores\\positionStore.ts": {"path":"C:\\repo\\binance-phicube\\frontend\\src\\stores\\positionStore.ts","statementMap":{"0":{"start":{"line":12,"column":13},"end":{"line":68,"column":null}},"1":{"start":{"line":14,"column":8},"end":{"line":14,"column":39}},"2":{"start":{"line":15,"column":8},"end":{"line":15,"column":28}},"3":{"start":{"line":16,"column":8},"end":{"line":16,"column":40}},"4":{"start":{"line":17,"column":8},"end":{"line":17,"column":43}},"5":{"start":{"line":20,"column":8},"end":{"line":20,"column":90}},"6":{"start":{"line":20,"column":34},"end":{"line":20,"column":89}},"7":{"start":{"line":20,"column":69},"end":{"line":20,"column":87}},"8":{"start":{"line":22,"column":8},"end":{"line":22,"column":87}},"9":{"start":{"line":22,"column":34},"end":{"line":22,"column":87}},"10":{"start":{"line":22,"column":64},"end":{"line":22,"column":79}},"11":{"start":{"line":24,"column":8},"end":{"line":24,"column":88}},"12":{"start":{"line":24,"column":35},"end":{"line":24,"column":88}},"13":{"start":{"line":24,"column":65},"end":{"line":24,"column":80}},"14":{"start":{"line":26,"column":8},"end":{"line":26,"column":63}},"15":{"start":{"line":26,"column":40},"end":{"line":26,"column":63}},"16":{"start":{"line":30,"column":4},"end":{"line":30,"column":null}},"17":{"start":{"line":31,"column":4},"end":{"line":31,"column":null}},"18":{"start":{"line":32,"column":4},"end":{"line":39,"column":null}},"19":{"start":{"line":33,"column":6},"end":{"line":33,"column":null}},"20":{"start":{"line":34,"column":6},"end":{"line":34,"column":null}},"21":{"start":{"line":36,"column":22},"end":{"line":36,"column":null}},"22":{"start":{"line":37,"column":6},"end":{"line":37,"column":null}},"23":{"start":{"line":39,"column":6},"end":{"line":39,"column":null}},"24":{"start":{"line":44,"column":18},"end":{"line":44,"column":79}},"25":{"start":{"line":44,"column":51},"end":{"line":44,"column":79}},"26":{"start":{"line":45,"column":4},"end":{"line":46,"column":null}},"27":{"start":{"line":46,"column":6},"end":{"line":46,"column":null}},"28":{"start":{"line":51,"column":4},"end":{"line":51,"column":null}},"29":{"start":{"line":52,"column":4},"end":{"line":52,"column":null}},"30":{"start":{"line":55,"column":2},"end":{"line":67,"column":null}}},"fnMap":{"0":{"name":"(anonymous_0)","decl":{"start":{"line":12,"column":44},"end":{"line":12,"column":63}},"loc":{"start":{"line":12,"column":63},"end":{"line":68,"column":null}},"line":12},"1":{"name":"(anonymous_1)","decl":{"start":{"line":20,"column":19},"end":{"line":20,"column":34}},"loc":{"start":{"line":20,"column":34},"end":{"line":20,"column":89}},"line":20},"2":{"name":"(anonymous_2)","decl":{"start":{"line":20,"column":50},"end":{"line":20,"column":58}},"loc":{"start":{"line":20,"column":69},"end":{"line":20,"column":87}},"line":20},"3":{"name":"(anonymous_3)","decl":{"start":{"line":22,"column":19},"end":{"line":22,"column":34}},"loc":{"start":{"line":22,"column":34},"end":{"line":22,"column":87}},"line":22},"4":{"name":"(anonymous_4)","decl":{"start":{"line":22,"column":50},"end":{"line":22,"column":58}},"loc":{"start":{"line":22,"column":64},"end":{"line":22,"column":79}},"line":22},"5":{"name":"(anonymous_5)","decl":{"start":{"line":24,"column":20},"end":{"line":24,"column":35}},"loc":{"start":{"line":24,"column":35},"end":{"line":24,"column":88}},"line":24},"6":{"name":"(anonymous_6)","decl":{"start":{"line":24,"column":51},"end":{"line":24,"column":59}},"loc":{"start":{"line":24,"column":65},"end":{"line":24,"column":80}},"line":24},"7":{"name":"(anonymous_7)","decl":{"start":{"line":26,"column":25},"end":{"line":26,"column":40}},"loc":{"start":{"line":26,"column":40},"end":{"line":26,"column":63}},"line":26},"8":{"name":"fetchPositions","decl":{"start":{"line":29,"column":17},"end":{"line":29,"column":34}},"loc":{"start":{"line":29,"column":34},"end":{"line":39,"column":null}},"line":29},"9":{"name":"updatePosition","decl":{"start":{"line":43,"column":11},"end":{"line":43,"column":26}},"loc":{"start":{"line":43,"column":45},"end":{"line":46,"column":null}},"line":43},"10":{"name":"(anonymous_10)","decl":{"start":{"line":44,"column":34},"end":{"line":44,"column":45}},"loc":{"start":{"line":44,"column":51},"end":{"line":44,"column":79}},"line":44},"11":{"name":"clearPositions","decl":{"start":{"line":50,"column":11},"end":{"line":50,"column":28}},"loc":{"start":{"line":50,"column":28},"end":{"line":52,"column":null}},"line":50}},"branchMap":{"0":{"loc":{"start":{"line":36,"column":22},"end":{"line":36,"column":null}},"type":"cond-expr","locations":[{"start":{"line":36,"column":43},"end":{"line":36,"column":55}},{"start":{"line":36,"column":55},"end":{"line":36,"column":null}}],"line":36},"1":{"loc":{"start":{"line":45,"column":4},"end":{"line":46,"column":null}},"type":"if","locations":[{"start":{"line":45,"column":4},"end":{"line":46,"column":null}},{"start":{},"end":{}}],"line":45}},"s":{"0":2,"1":7,"2":7,"3":7,"4":7,"5":7,"6":1,"7":3,"8":7,"9":1,"10":3,"11":7,"12":1,"13":3,"14":7,"15":0,"16":2,"17":2,"18":2,"19":2,"20":1,"21":1,"22":1,"23":2,"24":1,"25":1,"26":1,"27":1,"28":1,"29":1,"30":7},"f":{"0":7,"1":1,"2":3,"3":1,"4":3,"5":1,"6":3,"7":0,"8":2,"9":1,"10":1,"11":1},"b":{"0":[1,0],"1":[1,0]},"meta":{"lastBranch":2,"lastFunction":12,"lastStatement":31,"seen":{"s:12:13:68:Infinity":0,"f:12:44:12:63":0,"s:14:8:14:39":1,"s:15:8:15:28":2,"s:16:8:16:40":3,"s:17:8:17:43":4,"s:20:8:20:90":5,"f:20:19:20:34":1,"s:20:34:20:89":6,"f:20:50:20:58":2,"s:20:69:20:87":7,"s:22:8:22:87":8,"f:22:19:22:34":3,"s:22:34:22:87":9,"f:22:50:22:58":4,"s:22:64:22:79":10,"s:24:8:24:88":11,"f:24:20:24:35":5,"s:24:35:24:88":12,"f:24:51:24:59":6,"s:24:65:24:80":13,"s:26:8:26:63":14,"f:26:25:26:40":7,"s:26:40:26:63":15,"f:29:17:29:34":8,"s:30:4:30:Infinity":16,"s:31:4:31:Infinity":17,"s:32:4:39:Infinity":18,"s:33:6:33:Infinity":19,"s:34:6:34:Infinity":20,"s:36:22:36:Infinity":21,"b:36:43:36:55:36:55:36:Infinity":0,"s:37:6:37:Infinity":22,"s:39:6:39:Infinity":23,"f:43:11:43:26":9,"s:44:18:44:79":24,"f:44:34:44:45":10,"s:44:51:44:79":25,"b:45:4:46:Infinity:undefined:undefined:undefined:undefined":1,"s:45:4:46:Infinity":26,"s:46:6:46:Infinity":27,"f:50:11:50:28":11,"s:51:4:51:Infinity":28,"s:52:4:52:Infinity":29,"s:55:2:67:Infinity":30}}}
,"C:\\repo\\binance-phicube\\frontend\\src\\stores\\uiStore.ts": {"path":"C:\\repo\\binance-phicube\\frontend\\src\\stores\\uiStore.ts","statementMap":{"0":{"start":{"line":16,"column":13},"end":{"line":54,"column":null}},"1":{"start":{"line":18,"column":8},"end":{"line":18,"column":46}},"2":{"start":{"line":19,"column":8},"end":{"line":19,"column":31}},"3":{"start":{"line":20,"column":8},"end":{"line":20,"column":47}},"4":{"start":{"line":24,"column":4},"end":{"line":24,"column":null}},"5":{"start":{"line":28,"column":4},"end":{"line":28,"column":null}},"6":{"start":{"line":32,"column":15},"end":{"line":32,"column":null}},"7":{"start":{"line":33,"column":4},"end":{"line":38,"column":null}},"8":{"start":{"line":42,"column":4},"end":{"line":42,"column":null}},"9":{"start":{"line":42,"column":60},"end":{"line":42,"column":72}},"10":{"start":{"line":45,"column":2},"end":{"line":53,"column":null}}},"fnMap":{"0":{"name":"(anonymous_0)","decl":{"start":{"line":16,"column":38},"end":{"line":16,"column":50}},"loc":{"start":{"line":16,"column":50},"end":{"line":54,"column":null}},"line":16},"1":{"name":"toggleTheme","decl":{"start":{"line":23,"column":11},"end":{"line":23,"column":25}},"loc":{"start":{"line":23,"column":25},"end":{"line":24,"column":null}},"line":23},"2":{"name":"toggleSidebar","decl":{"start":{"line":27,"column":11},"end":{"line":27,"column":27}},"loc":{"start":{"line":27,"column":27},"end":{"line":28,"column":null}},"line":27},"3":{"name":"addNotification","decl":{"start":{"line":31,"column":11},"end":{"line":31,"column":27}},"loc":{"start":{"line":31,"column":85},"end":{"line":38,"column":null}},"line":31},"4":{"name":"removeNotification","decl":{"start":{"line":41,"column":11},"end":{"line":41,"column":30}},"loc":{"start":{"line":41,"column":42},"end":{"line":42,"column":null}},"line":41},"5":{"name":"(anonymous_5)","decl":{"start":{"line":42,"column":46},"end":{"line":42,"column":54}},"loc":{"start":{"line":42,"column":60},"end":{"line":42,"column":72}},"line":42}},"branchMap":{"0":{"loc":{"start":{"line":24,"column":18},"end":{"line":24,"column":null}},"type":"cond-expr","locations":[{"start":{"line":24,"column":44},"end":{"line":24,"column":53}},{"start":{"line":24,"column":53},"end":{"line":24,"column":null}}],"line":24},"1":{"loc":{"start":{"line":31,"column":40},"end":{"line":31,"column":85}},"type":"default-arg","locations":[{"start":{"line":31,"column":77},"end":{"line":31,"column":85}}],"line":31}},"s":{"0":1,"1":11,"2":11,"3":11,"4":3,"5":2,"6":8,"7":8,"8":1,"9":2,"10":11},"f":{"0":11,"1":3,"2":2,"3":8,"4":1,"5":2},"b":{"0":[2,1],"1":[8]},"meta":{"lastBranch":2,"lastFunction":6,"lastStatement":11,"seen":{"s:16:13:54:Infinity":0,"f:16:38:16:50":0,"s:18:8:18:46":1,"s:19:8:19:31":2,"s:20:8:20:47":3,"f:23:11:23:25":1,"s:24:4:24:Infinity":4,"b:24:44:24:53:24:53:24:Infinity":0,"f:27:11:27:27":2,"s:28:4:28:Infinity":5,"f:31:11:31:27":3,"b:31:77:31:85":1,"s:32:15:32:Infinity":6,"s:33:4:38:Infinity":7,"f:41:11:41:30":4,"s:42:4:42:Infinity":8,"f:42:46:42:54":5,"s:42:60:42:72":9,"s:45:2:53:Infinity":10}}}
}
