{"meta": {"format": 3, "version": "7.11.3", "timestamp": "2026-05-10T17:09:40.561358", "branch_coverage": false, "show_contexts": false}, "files": {"src\\__init__.py": {"executed_lines": [0], "summary": {"covered_lines": 0, "num_statements": 0, "percent_covered": 100.0, "percent_covered_display": "100", "missing_lines": 0, "excluded_lines": 0}, "missing_lines": [], "excluded_lines": [], "functions": {"": {"executed_lines": [], "summary": {"covered_lines": 0, "num_statements": 0, "percent_covered": 100.0, "percent_covered_display": "100", "missing_lines": 0, "excluded_lines": 0}, "missing_lines": [], "excluded_lines": []}}, "classes": {"": {"executed_lines": [], "summary": {"covered_lines": 0, "num_statements": 0, "percent_covered": 100.0, "percent_covered_display": "100", "missing_lines": 0, "excluded_lines": 0}, "missing_lines": [], "excluded_lines": []}}}, "src\\api\\__init__.py": {"executed_lines": [1, 3, 5], "summary": {"covered_lines": 2, "num_statements": 2, "percent_covered": 100.0, "percent_covered_display": "100", "missing_lines": 0, "excluded_lines": 0}, "missing_lines": [], "excluded_lines": [], "functions": {"": {"executed_lines": [1, 3, 5], "summary": {"covered_lines": 2, "num_statements": 2, "percent_covered": 100.0, "percent_covered_display": "100", "missing_lines": 0, "excluded_lines": 0}, "missing_lines": [], "excluded_lines": []}}, "classes": {"": {"executed_lines": [1, 3, 5], "summary": {"covered_lines": 2, "num_statements": 2, "percent_covered": 100.0, "percent_covered_display": "100", "missing_lines": 0, "excluded_lines": 0}, "missing_lines": [], "excluded_lines": []}}}, "src\\api\\datetime_utils.py": {"executed_lines": [1, 3, 5, 6, 7, 9, 10, 13, 14, 15, 16, 17, 18, 20, 21, 25, 27, 29, 32, 33, 34, 35, 36, 39, 40, 41, 42, 43, 46, 47, 48, 49, 50, 51, 53, 54, 55, 56], "summary": {"covered_lines": 37, "num_statements": 41, "percent_covered": 90.2439024390244, "percent_covered_display": "90", "missing_lines": 4, "excluded_lines": 0}, "missing_lines": [19, 22, 23, 28], "excluded_lines": [], "functions": {"_coerce_datetime": {"executed_lines": [14, 15, 16, 17, 18, 20, 21, 25, 27, 29], "summary": {"covered_lines": 10, "num_statements": 14, "percent_covered": 71.42857142857143, "percent_covered_display": "71", "missing_lines": 4, "excluded_lines": 0}, "missing_lines": [19, 22, 23, 28], "excluded_lines": []}, "to_iso8601_utc": {"executed_lines": [33, 34, 35, 36], "summary": {"covered_lines": 4, "num_statements": 4, "percent_covered": 100.0, "percent_covered_display": "100", "missing_lines": 0, "excluded_lines": 0}, "missing_lines": [], "excluded_lines": []}, "to_brazil_datetime_str": {"executed_lines": [40, 41, 42, 43], "summary": {"covered_lines": 4, "num_statements": 4, "percent_covered": 100.0, "percent_covered_display": "100", "missing_lines": 0, "excluded_lines": 0}, "missing_lines": [], "excluded_lines": []}, "enrich_datetime_fields": {"executed_lines": [47, 48, 49, 50, 51, 53, 54, 55, 56], "summary": {"covered_lines": 9, "num_statements": 9, "percent_covered": 100.0, "percent_covered_display": "100", "missing_lines": 0, "excluded_lines": 0}, "missing_lines": [], "excluded_lines": []}, "": {"executed_lines": [1, 3, 5, 6, 7, 9, 10, 13, 32, 39, 46], "summary": {"covered_lines": 10, "num_statements": 10, "percent_covered": 100.0, "percent_covered_display": "100", "missing_lines": 0, "excluded_lines": 0}, "missing_lines": [], "excluded_lines": []}}, "classes": {"": {"executed_lines": [1, 3, 5, 6, 7, 9, 10, 13, 14, 15, 16, 17, 18, 20, 21, 25, 27, 29, 32, 33, 34, 35, 36, 39, 40, 41, 42, 43, 46, 47, 48, 49, 50, 51, 53, 54, 55, 56], "summary": {"covered_lines": 37, "num_statements": 41, "percent_covered": 90.2439024390244, "percent_covered_display": "90", "missing_lines": 4, "excluded_lines": 0}, "missing_lines": [19, 22, 23, 28], "excluded_lines": []}}}, "src\\api\\main.py": {"executed_lines": [1, 3, 5, 6, 7, 8, 9, 11, 13, 14, 15, 16, 17, 18, 19, 20, 21, 22, 23, 24, 25, 26, 27, 28, 29, 31, 33, 36, 37, 38, 40, 43, 46, 49, 53, 54, 56, 57, 58, 59, 60, 61, 66, 67, 69, 70, 71, 72, 73, 74, 75, 77, 78, 82, 86, 87, 88, 96, 97, 102, 103, 109, 110, 111, 112, 114, 115, 119, 120, 122, 124, 125, 126, 127, 131, 133, 139, 140, 141, 142, 143, 144, 145, 146, 148, 149, 151, 153, 156], "summary": {"covered_lines": 88, "num_statements": 93, "percent_covered": 94.6236559139785, "percent_covered_display": "95", "missing_lines": 5, "excluded_lines": 0}, "missing_lines": [41, 44, 47, 50, 128], "excluded_lines": [], "functions": {"_OfflinePositionStream.__init__": {"executed_lines": [38], "summary": {"covered_lines": 1, "num_statements": 1, "percent_covered": 100.0, "percent_covered_display": "100", "missing_lines": 0, "excluded_lines": 0}, "missing_lines": [], "excluded_lines": []}, "_OfflinePositionStream.get_positions": {"executed_lines": [], "summary": {"covered_lines": 0, "num_statements": 1, "percent_covered": 0.0, "percent_covered_display": "0", "missing_lines": 1, "excluded_lines": 0}, "missing_lines": [41], "excluded_lines": []}, "_OfflinePositionStream.get_status": {"executed_lines": [], "summary": {"covered_lines": 0, "num_statements": 1, "percent_covered": 0.0, "percent_covered_display": "0", "missing_lines": 1, "excluded_lines": 0}, "missing_lines": [44], "excluded_lines": []}, "_OfflinePositionStream.get_account_equity_usdt": {"executed_lines": [], "summary": {"covered_lines": 0, "num_statements": 1, "percent_covered": 0.0, "percent_covered_display": "0", "missing_lines": 1, "excluded_lines": 0}, "missing_lines": [47], "excluded_lines": []}, "_OfflinePositionStream.stop": {"executed_lines": [], "summary": {"covered_lines": 0, "num_statements": 1, "percent_covered": 0.0, "percent_covered_display": "0", "missing_lines": 1, "excluded_lines": 0}, "missing_lines": [50], "excluded_lines": []}, "lifespan": {"executed_lines": [56, 57, 58, 59, 60, 61, 66, 67, 69, 70, 71, 72, 73, 74, 75, 77, 78, 82, 86, 87, 88, 96, 97, 102, 103, 109, 110, 111, 112, 114, 115, 119, 120, 122, 124, 125, 126, 127], "summary": {"covered_lines": 38, "num_statements": 39, "percent_covered": 97.43589743589743, "percent_covered_display": "97", "missing_lines": 1, "excluded_lines": 0}, "missing_lines": [128], "excluded_lines": []}, "create_app": {"executed_lines": [133, 139, 140, 141, 142, 143, 144, 145, 146, 148, 149, 153], "summary": {"covered_lines": 12, "num_statements": 12, "percent_covered": 100.0, "percent_covered_display": "100", "missing_lines": 0, "excluded_lines": 0}, "missing_lines": [], "excluded_lines": []}, "create_app.read_index": {"executed_lines": [151], "summary": {"covered_lines": 1, "num_statements": 1, "percent_covered": 100.0, "percent_covered_display": "100", "missing_lines": 0, "excluded_lines": 0}, "missing_lines": [], "excluded_lines": []}, "": {"executed_lines": [1, 3, 5, 6, 7, 8, 9, 11, 13, 14, 15, 16, 17, 18, 19, 20, 21, 22, 23, 24, 25, 26, 27, 28, 29, 31, 33, 36, 37, 40, 43, 46, 49, 53, 54, 131, 156], "summary": {"covered_lines": 36, "num_statements": 36, "percent_covered": 100.0, "percent_covered_display": "100", "missing_lines": 0, "excluded_lines": 0}, "missing_lines": [], "excluded_lines": []}}, "classes": {"_OfflinePositionStream": {"executed_lines": [38], "summary": {"covered_lines": 1, "num_statements": 5, "percent_covered": 20.0, "percent_covered_display": "20", "missing_lines": 4, "excluded_lines": 0}, "missing_lines": [41, 44, 47, 50], "excluded_lines": []}, "": {"executed_lines": [1, 3, 5, 6, 7, 8, 9, 11, 13, 14, 15, 16, 17, 18, 19, 20, 21, 22, 23, 24, 25, 26, 27, 28, 29, 31, 33, 36, 37, 40, 43, 46, 49, 53, 54, 56, 57, 58, 59, 60, 61, 66, 67, 69, 70, 71, 72, 73, 74, 75, 77, 78, 82, 86, 87, 88, 96, 97, 102, 103, 109, 110, 111, 112, 114, 115, 119, 120, 122, 124, 125, 126, 127, 131, 133, 139, 140, 141, 142, 143, 144, 145, 146, 148, 149, 151, 153, 156], "summary": {"covered_lines": 87, "num_statements": 88, "percent_covered": 98.86363636363636, "percent_covered_display": "99", "missing_lines": 1, "excluded_lines": 0}, "missing_lines": [128], "excluded_lines": []}}}, "src\\api\\routes\\__init__.py": {"executed_lines": [1, 3, 5], "summary": {"covered_lines": 2, "num_statements": 2, "percent_covered": 100.0, "percent_covered_display": "100", "missing_lines": 0, "excluded_lines": 0}, "missing_lines": [], "excluded_lines": [], "functions": {"": {"executed_lines": [1, 3, 5], "summary": {"covered_lines": 2, "num_statements": 2, "percent_covered": 100.0, "percent_covered_display": "100", "missing_lines": 0, "excluded_lines": 0}, "missing_lines": [], "excluded_lines": []}}, "classes": {"": {"executed_lines": [1, 3, 5], "summary": {"covered_lines": 2, "num_statements": 2, "percent_covered": 100.0, "percent_covered_display": "100", "missing_lines": 0, "excluded_lines": 0}, "missing_lines": [], "excluded_lines": []}}}, "src\\api\\routes\\backtest.py": {"executed_lines": [1, 3, 5, 6, 7, 8, 10, 11, 13, 15, 18, 35, 36], "summary": {"covered_lines": 12, "num_statements": 41, "percent_covered": 29.26829268292683, "percent_covered_display": "29", "missing_lines": 29, "excluded_lines": 0}, "missing_lines": [19, 20, 21, 22, 23, 24, 25, 26, 27, 28, 30, 31, 32, 51, 52, 57, 58, 59, 60, 62, 63, 64, 65, 66, 67, 71, 73, 74, 75], "excluded_lines": [], "functions": {"_serialize": {"executed_lines": [], "summary": {"covered_lines": 0, "num_statements": 13, "percent_covered": 0.0, "percent_covered_display": "0", "missing_lines": 13, "excluded_lines": 0}, "missing_lines": [19, 20, 21, 22, 23, 24, 25, 26, 27, 28, 30, 31, 32], "excluded_lines": []}, "get_backtest": {"executed_lines": [], "summary": {"covered_lines": 0, "num_statements": 16, "percent_covered": 0.0, "percent_covered_display": "0", "missing_lines": 16, "excluded_lines": 0}, "missing_lines": [51, 52, 57, 58, 59, 60, 62, 63, 64, 65, 66, 67, 71, 73, 74, 75], "excluded_lines": []}, "": {"executed_lines": [1, 3, 5, 6, 7, 8, 10, 11, 13, 15, 18, 35, 36], "summary": {"covered_lines": 12, "num_statements": 12, "percent_covered": 100.0, "percent_covered_display": "100", "missing_lines": 0, "excluded_lines": 0}, "missing_lines": [], "excluded_lines": []}}, "classes": {"": {"executed_lines": [1, 3, 5, 6, 7, 8, 10, 11, 13, 15, 18, 35, 36], "summary": {"covered_lines": 12, "num_statements": 41, "percent_covered": 29.26829268292683, "percent_covered_display": "29", "missing_lines": 29, "excluded_lines": 0}, "missing_lines": [19, 20, 21, 22, 23, 24, 25, 26, 27, 28, 30, 31, 32, 51, 52, 57, 58, 59, 60, 62, 63, 64, 65, 66, 67, 71, 73, 74, 75], "excluded_lines": []}}}, "src\\api\\routes\\health.py": {"executed_lines": [1, 3, 5, 7, 8, 10, 11, 13, 14, 15, 16, 19, 25, 26, 27, 28, 30, 31, 33, 34, 35, 38, 39, 40, 46, 47, 48, 49, 63, 64, 65, 66, 67, 68, 82, 83, 85, 100, 101, 103, 104, 105, 107, 122, 123, 124, 125, 126, 128, 129, 143, 146, 149], "summary": {"covered_lines": 52, "num_statements": 53, "percent_covered": 98.11320754716981, "percent_covered_display": "98", "missing_lines": 1, "excluded_lines": 0}, "missing_lines": [108], "excluded_lines": [], "functions": {"_get_bot_process_status": {"executed_lines": [25, 26, 27, 28, 30, 31, 33, 34, 35], "summary": {"covered_lines": 9, "num_statements": 9, "percent_covered": 100.0, "percent_covered_display": "100", "missing_lines": 0, "excluded_lines": 0}, "missing_lines": [], "excluded_lines": []}, "health_check": {"executed_lines": [46, 47, 48, 49, 63, 64, 65, 66, 67, 68, 82, 83, 85], "summary": {"covered_lines": 13, "num_statements": 13, "percent_covered": 100.0, "percent_covered_display": "100", "missing_lines": 0, "excluded_lines": 0}, "missing_lines": [], "excluded_lines": []}, "get_bot_activity": {"executed_lines": [103, 104, 105, 107, 122, 123, 124, 125, 126, 128, 129, 143, 146, 149], "summary": {"covered_lines": 14, "num_statements": 15, "percent_covered": 93.33333333333333, "percent_covered_display": "93", "missing_lines": 1, "excluded_lines": 0}, "missing_lines": [108], "excluded_lines": []}, "": {"executed_lines": [1, 3, 5, 7, 8, 10, 11, 13, 14, 15, 16, 19, 38, 39, 40, 100, 101], "summary": {"covered_lines": 16, "num_statements": 16, "percent_covered": 100.0, "percent_covered_display": "100", "missing_lines": 0, "excluded_lines": 0}, "missing_lines": [], "excluded_lines": []}}, "classes": {"": {"executed_lines": [1, 3, 5, 7, 8, 10, 11, 13, 14, 15, 16, 19, 25, 26, 27, 28, 30, 31, 33, 34, 35, 38, 39, 40, 46, 47, 48, 49, 63, 64, 65, 66, 67, 68, 82, 83, 85, 100, 101, 103, 104, 105, 107, 122, 123, 124, 125, 126, 128, 129, 143, 146, 149], "summary": {"covered_lines": 52, "num_statements": 53, "percent_covered": 98.11320754716981, "percent_covered_display": "98", "missing_lines": 1, "excluded_lines": 0}, "missing_lines": [108], "excluded_lines": []}}}, "src\\api\\routes\\onboarding.py": {"executed_lines": [1, 3, 5, 6, 7, 8, 9, 10, 11, 12, 13, 14, 16, 17, 18, 19, 21, 22, 23, 25, 26, 28, 29, 30, 31, 32, 33, 36, 37, 38, 39, 40, 42, 43, 44, 45, 46, 47, 48, 50, 51, 54, 55, 61, 62, 63, 64, 65, 66, 68, 71, 72, 75, 76, 78, 79, 80, 81, 82, 83, 84, 85, 86, 89, 90, 94, 95, 96, 97, 102, 103, 106, 107, 108, 109, 110, 111, 113, 114, 117, 120, 121, 122, 123, 124, 125, 126, 127, 129, 130, 133, 134, 135, 136, 137, 138, 139, 140, 141, 142, 143, 146, 147, 148, 150, 151, 152, 154, 155, 156, 157, 158, 160, 161, 162, 163, 165, 171, 178, 179, 180, 183, 184, 185, 191, 192, 194, 195, 198, 199, 200, 207, 210, 211, 212, 216, 219, 220, 221, 224, 225, 226, 229, 230, 231, 232, 236, 239, 247, 248, 250, 251, 254, 256, 259, 260, 261, 262, 264, 265, 266, 269, 270, 276, 277, 278, 280, 281, 282, 283, 287, 288, 291, 292, 294, 295, 296, 297, 298, 299, 315, 316, 317, 318, 319, 320, 321, 322, 323, 324, 325, 326, 327, 329, 342, 343, 345, 346, 347, 349, 350, 354, 355, 356, 366, 367, 368, 369, 370, 377, 382, 383, 384, 387, 388, 389, 390, 391, 392, 393, 394, 395, 400, 415, 416, 417, 418, 420, 421, 424, 425, 426, 427, 429, 430, 433, 434, 438, 439, 441, 442, 445, 446, 447, 449, 450, 451, 452, 453, 454, 455, 456, 457, 460, 461, 467, 468, 469, 474, 475, 488, 489, 492, 493, 503, 504, 505, 508, 509, 511, 512, 513, 514, 515, 516, 517, 519, 520, 521, 522, 536, 537, 543, 546, 548, 561, 562, 563, 564, 567, 568, 569, 570, 572, 577, 578, 579, 580, 582, 583, 584, 585, 586, 587, 594, 596, 597, 598, 599, 600, 610, 620, 653, 654, 659, 662, 663, 670, 671, 672, 673, 676, 683, 684, 685, 686, 687, 689, 690, 705, 706, 707, 723, 724, 731, 733, 734, 735, 736, 737, 746, 747, 766, 769, 770, 771, 772, 773, 774, 775, 784, 785, 786, 787, 789, 790, 792, 795, 796, 801, 804, 805, 808, 809, 810, 812, 813, 818, 819, 821, 829, 830, 831, 832, 835, 836, 841, 844, 845, 848, 849, 850, 853, 854, 860, 861, 862, 865, 866, 867, 870, 871, 872, 874, 875, 878, 879, 880, 884, 885, 886, 890, 891, 900, 901, 904, 905, 906, 922, 923, 924, 925, 926, 929, 930, 931, 934, 935, 938, 939, 940, 943, 944, 945, 947, 948, 949, 950, 951, 957, 959, 965, 966, 972, 973, 974, 976, 984, 985, 986], "summary": {"covered_lines": 439, "num_statements": 542, "percent_covered": 80.99630996309963, "percent_covered_display": "81", "missing_lines": 103, "excluded_lines": 0}, "missing_lines": [67, 69, 77, 87, 91, 98, 99, 112, 115, 116, 128, 153, 172, 173, 174, 175, 181, 186, 187, 188, 189, 222, 223, 240, 241, 242, 243, 244, 249, 252, 253, 255, 279, 293, 344, 348, 351, 419, 428, 443, 494, 495, 496, 497, 498, 499, 500, 506, 510, 518, 547, 565, 621, 622, 631, 632, 633, 634, 635, 644, 645, 660, 664, 677, 691, 748, 749, 758, 759, 777, 779, 780, 781, 788, 791, 802, 806, 811, 842, 846, 851, 855, 863, 868, 876, 908, 909, 910, 911, 912, 913, 914, 915, 916, 917, 918, 919, 920, 932, 936, 941, 960, 967], "excluded_lines": [], "functions": {"_is_write_authorized": {"executed_lines": [37, 38, 39, 40, 42, 43, 44, 45, 46, 47, 48, 50, 51], "summary": {"covered_lines": 13, "num_statements": 13, "percent_covered": 100.0, "percent_covered_display": "100", "missing_lines": 0, "excluded_lines": 0}, "missing_lines": [], "excluded_lines": []}, "_unauthorized_response": {"executed_lines": [55], "summary": {"covered_lines": 1, "num_statements": 1, "percent_covered": 100.0, "percent_covered_display": "100", "missing_lines": 0, "excluded_lines": 0}, "missing_lines": [], "excluded_lines": []}, "_serialize_session": {"executed_lines": [62, 63, 64, 65, 66, 68, 71, 72], "summary": {"covered_lines": 8, "num_statements": 10, "percent_covered": 80.0, "percent_covered_display": "80", "missing_lines": 2, "excluded_lines": 0}, "missing_lines": [67, 69], "excluded_lines": []}, "_serialize_backtest": {"executed_lines": [76, 78, 79, 80, 81, 82, 83, 84, 85, 86, 89, 90], "summary": {"covered_lines": 12, "num_statements": 15, "percent_covered": 80.0, "percent_covered_display": "80", "missing_lines": 3, "excluded_lines": 0}, "missing_lines": [77, 87, 91], "excluded_lines": []}, "_active_symbols": {"executed_lines": [95, 96, 97], "summary": {"covered_lines": 3, "num_statements": 5, "percent_covered": 60.0, "percent_covered_display": "60", "missing_lines": 2, "excluded_lines": 0}, "missing_lines": [98, 99], "excluded_lines": []}, "_compose_triplet": {"executed_lines": [103], "summary": {"covered_lines": 1, "num_statements": 1, "percent_covered": 100.0, "percent_covered_display": "100", "missing_lines": 0, "excluded_lines": 0}, "missing_lines": [], "excluded_lines": []}, "_parse_triplet": {"executed_lines": [107, 108, 109, 110, 111, 113, 114, 117], "summary": {"covered_lines": 8, "num_statements": 11, "percent_covered": 72.72727272727273, "percent_covered_display": "73", "missing_lines": 3, "excluded_lines": 0}, "missing_lines": [112, 115, 116], "excluded_lines": []}, "_settings_triplets": {"executed_lines": [121, 122, 123, 124, 125, 126, 127, 129, 130], "summary": {"covered_lines": 9, "num_statements": 10, "percent_covered": 90.0, "percent_covered_display": "90", "missing_lines": 1, "excluded_lines": 0}, "missing_lines": [128], "excluded_lines": []}, "_approved_triplets": {"executed_lines": [134, 135, 136, 137, 138, 139, 140, 141, 142, 143], "summary": {"covered_lines": 10, "num_statements": 10, "percent_covered": 100.0, "percent_covered_display": "100", "missing_lines": 0, "excluded_lines": 0}, "missing_lines": [], "excluded_lines": []}, "_merge_triplets": {"executed_lines": [147, 148, 150, 160, 161, 162, 163, 165], "summary": {"covered_lines": 8, "num_statements": 8, "percent_covered": 100.0, "percent_covered_display": "100", "missing_lines": 0, "excluded_lines": 0}, "missing_lines": [], "excluded_lines": []}, "_merge_triplets._upsert": {"executed_lines": [151, 152, 154, 155, 156, 157, 158], "summary": {"covered_lines": 7, "num_statements": 8, "percent_covered": 87.5, "percent_covered_display": "88", "missing_lines": 1, "excluded_lines": 0}, "missing_lines": [153], "excluded_lines": []}, "_resolve_env_path": {"executed_lines": [], "summary": {"covered_lines": 0, "num_statements": 4, "percent_covered": 0.0, "percent_covered_display": "0", "missing_lines": 4, "excluded_lines": 0}, "missing_lines": [172, 173, 174, 175], "excluded_lines": []}, "_upsert_env_key": {"executed_lines": [179, 180, 183, 184, 185, 191, 192, 194, 195], "summary": {"covered_lines": 9, "num_statements": 14, "percent_covered": 64.28571428571429, "percent_covered_display": "64", "missing_lines": 5, "excluded_lines": 0}, "missing_lines": [181, 186, 187, 188, 189], "excluded_lines": []}, "_validate_symbol": {"executed_lines": [199, 200, 207], "summary": {"covered_lines": 3, "num_statements": 3, "percent_covered": 100.0, "percent_covered_display": "100", "missing_lines": 0, "excluded_lines": 0}, "missing_lines": [], "excluded_lines": []}, "_validate_timeframe": {"executed_lines": [211, 212, 216], "summary": {"covered_lines": 3, "num_statements": 3, "percent_covered": 100.0, "percent_covered_display": "100", "missing_lines": 0, "excluded_lines": 0}, "missing_lines": [], "excluded_lines": []}, "_parse_leverage": {"executed_lines": [220, 221, 224, 225, 226], "summary": {"covered_lines": 5, "num_statements": 7, "percent_covered": 71.42857142857143, "percent_covered_display": "71", "missing_lines": 2, "excluded_lines": 0}, "missing_lines": [222, 223], "excluded_lines": []}, "_validate_leverage": {"executed_lines": [230, 231, 232, 236], "summary": {"covered_lines": 4, "num_statements": 4, "percent_covered": 100.0, "percent_covered_display": "100", "missing_lines": 0, "excluded_lines": 0}, "missing_lines": [], "excluded_lines": []}, "_serialize_signal": {"executed_lines": [], "summary": {"covered_lines": 0, "num_statements": 5, "percent_covered": 0.0, "percent_covered_display": "0", "missing_lines": 5, "excluded_lines": 0}, "missing_lines": [240, 241, 242, 243, 244], "excluded_lines": []}, "_safe_float": {"executed_lines": [248, 250, 251, 254, 256], "summary": {"covered_lines": 5, "num_statements": 9, "percent_covered": 55.55555555555556, "percent_covered_display": "56", "missing_lines": 4, "excluded_lines": 0}, "missing_lines": [249, 252, 253, 255], "excluded_lines": []}, "_BacktestJobExecutor.__init__": {"executed_lines": [261, 262], "summary": {"covered_lines": 2, "num_statements": 2, "percent_covered": 100.0, "percent_covered_display": "100", "missing_lines": 0, "excluded_lines": 0}, "missing_lines": [], "excluded_lines": []}, "_BacktestJobExecutor.run": {"executed_lines": [265, 266], "summary": {"covered_lines": 2, "num_statements": 2, "percent_covered": 100.0, "percent_covered_display": "100", "missing_lines": 0, "excluded_lines": 0}, "missing_lines": [], "excluded_lines": []}, "_job_error_response": {"executed_lines": [270], "summary": {"covered_lines": 1, "num_statements": 1, "percent_covered": 100.0, "percent_covered_display": "100", "missing_lines": 0, "excluded_lines": 0}, "missing_lines": [], "excluded_lines": []}, "_get_backtest_executor": {"executed_lines": [277, 278, 280, 281, 282, 283, 287, 288], "summary": {"covered_lines": 8, "num_statements": 9, "percent_covered": 88.88888888888889, "percent_covered_display": "89", "missing_lines": 1, "excluded_lines": 0}, "missing_lines": [279], "excluded_lines": []}, "_serialize_market_context": {"executed_lines": [292, 294, 295, 296, 297, 298, 299], "summary": {"covered_lines": 7, "num_statements": 8, "percent_covered": 87.5, "percent_covered_display": "88", "missing_lines": 1, "excluded_lines": 0}, "missing_lines": [293], "excluded_lines": []}, "_build_symbol_timeframes_payload": {"executed_lines": [316, 317, 318, 319, 320, 321, 322, 323, 324, 325, 326, 327, 329], "summary": {"covered_lines": 13, "num_statements": 13, "percent_covered": 100.0, "percent_covered_display": "100", "missing_lines": 0, "excluded_lines": 0}, "missing_lines": [], "excluded_lines": []}, "_read_env_key": {"executed_lines": [343, 345, 346, 347, 349, 350], "summary": {"covered_lines": 6, "num_statements": 9, "percent_covered": 66.66666666666667, "percent_covered_display": "67", "missing_lines": 3, "excluded_lines": 0}, "missing_lines": [344, 348, 351], "excluded_lines": []}, "_build_sync_status": {"executed_lines": [355, 356], "summary": {"covered_lines": 2, "num_statements": 2, "percent_covered": 100.0, "percent_covered_display": "100", "missing_lines": 0, "excluded_lines": 0}, "missing_lines": [], "excluded_lines": []}, "_apply_symbol_timeframes_sync": {"executed_lines": [367, 368, 369, 370, 377, 382, 383, 384], "summary": {"covered_lines": 8, "num_statements": 8, "percent_covered": 100.0, "percent_covered_display": "100", "missing_lines": 0, "excluded_lines": 0}, "missing_lines": [], "excluded_lines": []}, "_build_consistency_snapshot": {"executed_lines": [388, 389, 390, 391, 392, 393, 394, 395, 400], "summary": {"covered_lines": 9, "num_statements": 9, "percent_covered": 100.0, "percent_covered_display": "100", "missing_lines": 0, "excluded_lines": 0}, "missing_lines": [], "excluded_lines": []}, "list_sessions": {"executed_lines": [417, 418, 420, 421], "summary": {"covered_lines": 4, "num_statements": 5, "percent_covered": 80.0, "percent_covered_display": "80", "missing_lines": 1, "excluded_lines": 0}, "missing_lines": [419], "excluded_lines": []}, "get_consistency": {"executed_lines": [426, 427, 429, 430], "summary": {"covered_lines": 4, "num_statements": 5, "percent_covered": 80.0, "percent_covered_display": "80", "missing_lines": 1, "excluded_lines": 0}, "missing_lines": [428], "excluded_lines": []}, "create_session": {"executed_lines": [438, 439, 441, 442, 445, 446, 447, 449, 450, 451, 452, 453, 454, 455, 456, 457, 460, 461, 467, 468, 469, 474, 475, 488, 489], "summary": {"covered_lines": 25, "num_statements": 26, "percent_covered": 96.15384615384616, "percent_covered_display": "96", "missing_lines": 1, "excluded_lines": 0}, "missing_lines": [443], "excluded_lines": []}, "get_session": {"executed_lines": [], "summary": {"covered_lines": 0, "num_statements": 7, "percent_covered": 0.0, "percent_covered_display": "0", "missing_lines": 7, "excluded_lines": 0}, "missing_lines": [494, 495, 496, 497, 498, 499, 500], "excluded_lines": []}, "delete_session": {"executed_lines": [505, 508, 509, 511, 512, 513, 514, 515, 516, 517, 519, 520, 521, 522], "summary": {"covered_lines": 14, "num_statements": 17, "percent_covered": 82.3529411764706, "percent_covered_display": "82", "missing_lines": 3, "excluded_lines": 0}, "missing_lines": [506, 510, 518], "excluded_lines": []}, "run_backtest": {"executed_lines": [543, 546, 548], "summary": {"covered_lines": 3, "num_statements": 4, "percent_covered": 75.0, "percent_covered_display": "75", "missing_lines": 1, "excluded_lines": 0}, "missing_lines": [547], "excluded_lines": []}, "_run_backtest_job": {"executed_lines": [562, 563, 564, 567, 568, 569, 570, 572, 577, 578, 579, 580, 582, 583, 584, 585, 586, 587, 594, 596, 597, 598, 599, 600, 610, 620], "summary": {"covered_lines": 26, "num_statements": 36, "percent_covered": 72.22222222222223, "percent_covered_display": "72", "missing_lines": 10, "excluded_lines": 0}, "missing_lines": [565, 621, 622, 631, 632, 633, 634, 635, 644, 645], "excluded_lines": []}, "create_backtest_job": {"executed_lines": [659, 662, 663, 670, 671, 672, 673, 676, 683, 684, 685, 686, 687, 689, 690, 705, 706, 707, 723, 724, 731, 733, 766, 769, 770, 771, 772, 773, 774, 775], "summary": {"covered_lines": 30, "num_statements": 38, "percent_covered": 78.94736842105263, "percent_covered_display": "79", "missing_lines": 8, "excluded_lines": 0}, "missing_lines": [660, 664, 677, 691, 777, 779, 780, 781], "excluded_lines": []}, "create_backtest_job._execute": {"executed_lines": [734, 735, 736, 737, 746, 747], "summary": {"covered_lines": 6, "num_statements": 10, "percent_covered": 60.0, "percent_covered_display": "60", "missing_lines": 4, "excluded_lines": 0}, "missing_lines": [748, 749, 758, 759], "excluded_lines": []}, "get_backtest_job": {"executed_lines": [786, 787, 789, 790, 792], "summary": {"covered_lines": 5, "num_statements": 7, "percent_covered": 71.42857142857143, "percent_covered_display": "71", "missing_lines": 2, "excluded_lines": 0}, "missing_lines": [788, 791], "excluded_lines": []}, "approve_session": {"executed_lines": [801, 804, 805, 808, 809, 810, 812, 813, 818, 819, 821, 829, 830, 831, 832], "summary": {"covered_lines": 15, "num_statements": 18, "percent_covered": 83.33333333333333, "percent_covered_display": "83", "missing_lines": 3, "excluded_lines": 0}, "missing_lines": [802, 806, 811], "excluded_lines": []}, "patch_session": {"executed_lines": [841, 844, 845, 848, 849, 850, 853, 854, 860, 861, 862, 865, 866, 867, 870, 871, 872, 874, 875, 878, 879, 880, 884, 885, 886, 890, 891, 900, 901, 904, 905, 906, 922, 923, 924, 925, 926], "summary": {"covered_lines": 37, "num_statements": 57, "percent_covered": 64.91228070175438, "percent_covered_display": "65", "missing_lines": 20, "excluded_lines": 0}, "missing_lines": [842, 846, 851, 855, 863, 868, 876, 908, 909, 910, 911, 912, 913, 914, 915, 916, 917, 918, 919, 920], "excluded_lines": []}, "run_market_analysis": {"executed_lines": [931, 934, 935, 938, 939, 940, 943, 944, 945, 947, 948, 949, 950, 951, 957, 959, 965, 966, 972, 973, 974, 976, 984, 985, 986], "summary": {"covered_lines": 25, "num_statements": 30, "percent_covered": 83.33333333333333, "percent_covered_display": "83", "missing_lines": 5, "excluded_lines": 0}, "missing_lines": [932, 936, 941, 960, 967], "excluded_lines": []}, "": {"executed_lines": [1, 3, 5, 6, 7, 8, 9, 10, 11, 12, 13, 14, 16, 17, 18, 19, 21, 22, 23, 25, 26, 28, 29, 30, 31, 32, 33, 36, 54, 61, 75, 94, 102, 106, 120, 133, 146, 171, 178, 198, 210, 219, 229, 239, 247, 259, 260, 264, 269, 276, 291, 315, 342, 354, 366, 387, 415, 416, 424, 425, 433, 434, 492, 493, 503, 504, 536, 537, 561, 653, 654, 784, 785, 795, 796, 835, 836, 929, 930], "summary": {"covered_lines": 78, "num_statements": 78, "percent_covered": 100.0, "percent_covered_display": "100", "missing_lines": 0, "excluded_lines": 0}, "missing_lines": [], "excluded_lines": []}}, "classes": {"_BacktestJobExecutor": {"executed_lines": [261, 262, 265, 266], "summary": {"covered_lines": 4, "num_statements": 4, "percent_covered": 100.0, "percent_covered_display": "100", "missing_lines": 0, "excluded_lines": 0}, "missing_lines": [], "excluded_lines": []}, "": {"executed_lines": [1, 3, 5, 6, 7, 8, 9, 10, 11, 12, 13, 14, 16, 17, 18, 19, 21, 22, 23, 25, 26, 28, 29, 30, 31, 32, 33, 36, 37, 38, 39, 40, 42, 43, 44, 45, 46, 47, 48, 50, 51, 54, 55, 61, 62, 63, 64, 65, 66, 68, 71, 72, 75, 76, 78, 79, 80, 81, 82, 83, 84, 85, 86, 89, 90, 94, 95, 96, 97, 102, 103, 106, 107, 108, 109, 110, 111, 113, 114, 117, 120, 121, 122, 123, 124, 125, 126, 127, 129, 130, 133, 134, 135, 136, 137, 138, 139, 140, 141, 142, 143, 146, 147, 148, 150, 151, 152, 154, 155, 156, 157, 158, 160, 161, 162, 163, 165, 171, 178, 179, 180, 183, 184, 185, 191, 192, 194, 195, 198, 199, 200, 207, 210, 211, 212, 216, 219, 220, 221, 224, 225, 226, 229, 230, 231, 232, 236, 239, 247, 248, 250, 251, 254, 256, 259, 260, 264, 269, 270, 276, 277, 278, 280, 281, 282, 283, 287, 288, 291, 292, 294, 295, 296, 297, 298, 299, 315, 316, 317, 318, 319, 320, 321, 322, 323, 324, 325, 326, 327, 329, 342, 343, 345, 346, 347, 349, 350, 354, 355, 356, 366, 367, 368, 369, 370, 377, 382, 383, 384, 387, 388, 389, 390, 391, 392, 393, 394, 395, 400, 415, 416, 417, 418, 420, 421, 424, 425, 426, 427, 429, 430, 433, 434, 438, 439, 441, 442, 445, 446, 447, 449, 450, 451, 452, 453, 454, 455, 456, 457, 460, 461, 467, 468, 469, 474, 475, 488, 489, 492, 493, 503, 504, 505, 508, 509, 511, 512, 513, 514, 515, 516, 517, 519, 520, 521, 522, 536, 537, 543, 546, 548, 561, 562, 563, 564, 567, 568, 569, 570, 572, 577, 578, 579, 580, 582, 583, 584, 585, 586, 587, 594, 596, 597, 598, 599, 600, 610, 620, 653, 654, 659, 662, 663, 670, 671, 672, 673, 676, 683, 684, 685, 686, 687, 689, 690, 705, 706, 707, 723, 724, 731, 733, 734, 735, 736, 737, 746, 747, 766, 769, 770, 771, 772, 773, 774, 775, 784, 785, 786, 787, 789, 790, 792, 795, 796, 801, 804, 805, 808, 809, 810, 812, 813, 818, 819, 821, 829, 830, 831, 832, 835, 836, 841, 844, 845, 848, 849, 850, 853, 854, 860, 861, 862, 865, 866, 867, 870, 871, 872, 874, 875, 878, 879, 880, 884, 885, 886, 890, 891, 900, 901, 904, 905, 906, 922, 923, 924, 925, 926, 929, 930, 931, 934, 935, 938, 939, 940, 943, 944, 945, 947, 948, 949, 950, 951, 957, 959, 965, 966, 972, 973, 974, 976, 984, 985, 986], "summary": {"covered_lines": 435, "num_statements": 538, "percent_covered": 80.85501858736059, "percent_covered_display": "81", "missing_lines": 103, "excluded_lines": 0}, "missing_lines": [67, 69, 77, 87, 91, 98, 99, 112, 115, 116, 128, 153, 172, 173, 174, 175, 181, 186, 187, 188, 189, 222, 223, 240, 241, 242, 243, 244, 249, 252, 253, 255, 279, 293, 344, 348, 351, 419, 428, 443, 494, 495, 496, 497, 498, 499, 500, 506, 510, 518, 547, 565, 621, 622, 631, 632, 633, 634, 635, 644, 645, 660, 664, 677, 691, 748, 749, 758, 759, 777, 779, 780, 781, 788, 791, 802, 806, 811, 842, 846, 851, 855, 863, 868, 876, 908, 909, 910, 911, 912, 913, 914, 915, 916, 917, 918, 919, 920, 932, 936, 941, 960, 967], "excluded_lines": []}}}, "src\\api\\routes\\performance.py": {"executed_lines": [1, 3, 5, 7, 8, 10, 12, 15, 16, 22, 23, 24, 25, 29, 30, 31, 32, 33, 34, 35, 36, 42, 43, 45, 46, 47, 48, 49, 50, 51, 64, 65, 67, 68, 69, 70, 71, 72, 73], "summary": {"covered_lines": 38, "num_statements": 42, "percent_covered": 90.47619047619048, "percent_covered_display": "90", "missing_lines": 4, "excluded_lines": 0}, "missing_lines": [60, 61, 82, 83], "excluded_lines": [], "functions": {"get_performance": {"executed_lines": [22, 23, 24, 25, 29, 30, 31, 32, 33, 34, 35, 36], "summary": {"covered_lines": 12, "num_statements": 12, "percent_covered": 100.0, "percent_covered_display": "100", "missing_lines": 0, "excluded_lines": 0}, "missing_lines": [], "excluded_lines": []}, "get_performance_by_symbol": {"executed_lines": [45, 46, 47, 48, 49, 50, 51], "summary": {"covered_lines": 7, "num_statements": 9, "percent_covered": 77.77777777777777, "percent_covered_display": "78", "missing_lines": 2, "excluded_lines": 0}, "missing_lines": [60, 61], "excluded_lines": []}, "get_performance_by_timeframe": {"executed_lines": [67, 68, 69, 70, 71, 72, 73], "summary": {"covered_lines": 7, "num_statements": 9, "percent_covered": 77.77777777777777, "percent_covered_display": "78", "missing_lines": 2, "excluded_lines": 0}, "missing_lines": [82, 83], "excluded_lines": []}, "": {"executed_lines": [1, 3, 5, 7, 8, 10, 12, 15, 16, 42, 43, 64, 65], "summary": {"covered_lines": 12, "num_statements": 12, "percent_covered": 100.0, "percent_covered_display": "100", "missing_lines": 0, "excluded_lines": 0}, "missing_lines": [], "excluded_lines": []}}, "classes": {"": {"executed_lines": [1, 3, 5, 7, 8, 10, 12, 15, 16, 22, 23, 24, 25, 29, 30, 31, 32, 33, 34, 35, 36, 42, 43, 45, 46, 47, 48, 49, 50, 51, 64, 65, 67, 68, 69, 70, 71, 72, 73], "summary": {"covered_lines": 38, "num_statements": 42, "percent_covered": 90.47619047619048, "percent_covered_display": "90", "missing_lines": 4, "excluded_lines": 0}, "missing_lines": [60, 61, 82, 83], "excluded_lines": []}}}, "src\\api\\routes\\positions.py": {"executed_lines": [1, 3, 5, 6, 8, 9, 11, 12, 13, 14, 15, 17, 18, 21, 24, 25, 26, 27, 28, 32, 33, 34, 35, 36, 39, 43, 44, 45, 64, 65, 66, 78, 79, 80, 81, 82, 100, 121, 122, 123, 128, 131, 132, 135, 136, 137, 138, 139, 140, 143, 144, 145, 146, 149, 150, 151, 152, 167, 168, 169, 170, 171, 172, 173, 175, 176, 179, 180, 181, 182, 183, 188, 193, 194, 195, 196, 206, 207, 210, 211, 212, 213, 214, 215, 218, 219, 220, 223, 224, 225, 226, 232, 233, 234, 240, 241, 243, 244, 247, 248, 250, 251, 252, 255, 258, 259, 261, 262, 263, 268, 271, 272, 274, 276, 277, 278, 279, 281, 282, 283, 284, 285, 286, 288, 289], "summary": {"covered_lines": 124, "num_statements": 136, "percent_covered": 91.17647058823529, "percent_covered_display": "91", "missing_lines": 12, "excluded_lines": 0}, "missing_lines": [29, 30, 40, 41, 124, 174, 221, 227, 228, 229, 235, 253], "excluded_lines": [], "functions": {"_serialize_position": {"executed_lines": [24, 25, 26, 27, 28, 32, 33, 34, 35, 36, 39, 43, 44, 45], "summary": {"covered_lines": 14, "num_statements": 18, "percent_covered": 77.77777777777777, "percent_covered_display": "78", "missing_lines": 4, "excluded_lines": 0}, "missing_lines": [29, 30, 40, 41], "excluded_lines": []}, "_serialize_summary": {"executed_lines": [65, 66], "summary": {"covered_lines": 2, "num_statements": 2, "percent_covered": 100.0, "percent_covered_display": "100", "missing_lines": 0, "excluded_lines": 0}, "missing_lines": [], "excluded_lines": []}, "_serialize_market_analysis": {"executed_lines": [79, 80, 81, 82, 100], "summary": {"covered_lines": 5, "num_statements": 5, "percent_covered": 100.0, "percent_covered_display": "100", "missing_lines": 0, "excluded_lines": 0}, "missing_lines": [], "excluded_lines": []}, "_get_position_stream": {"executed_lines": [122, 123, 128], "summary": {"covered_lines": 3, "num_statements": 4, "percent_covered": 75.0, "percent_covered_display": "75", "missing_lines": 1, "excluded_lines": 0}, "missing_lines": [124], "excluded_lines": []}, "_get_repository": {"executed_lines": [132], "summary": {"covered_lines": 1, "num_statements": 1, "percent_covered": 100.0, "percent_covered_display": "100", "missing_lines": 0, "excluded_lines": 0}, "missing_lines": [], "excluded_lines": []}, "_load_open_trade_sl_tp": {"executed_lines": [137, 138, 139, 140], "summary": {"covered_lines": 4, "num_statements": 4, "percent_covered": 100.0, "percent_covered_display": "100", "missing_lines": 0, "excluded_lines": 0}, "missing_lines": [], "excluded_lines": []}, "_normalize_signal_diag_time": {"executed_lines": [144, 145, 146], "summary": {"covered_lines": 3, "num_statements": 3, "percent_covered": 100.0, "percent_covered_display": "100", "missing_lines": 0, "excluded_lines": 0}, "missing_lines": [], "excluded_lines": []}, "_serialize_signal_telemetry_row": {"executed_lines": [150, 151, 152], "summary": {"covered_lines": 3, "num_statements": 3, "percent_covered": 100.0, "percent_covered_display": "100", "missing_lines": 0, "excluded_lines": 0}, "missing_lines": [], "excluded_lines": []}, "_load_signal_telemetry": {"executed_lines": [169, 170, 171, 172, 173, 175, 176], "summary": {"covered_lines": 7, "num_statements": 8, "percent_covered": 87.5, "percent_covered_display": "88", "missing_lines": 1, "excluded_lines": 0}, "missing_lines": [174], "excluded_lines": []}, "_build_snapshot": {"executed_lines": [180, 181, 182, 183, 188, 193, 194, 195, 196], "summary": {"covered_lines": 9, "num_statements": 9, "percent_covered": 100.0, "percent_covered_display": "100", "missing_lines": 0, "excluded_lines": 0}, "missing_lines": [], "excluded_lines": []}, "_is_stream_active": {"executed_lines": [207], "summary": {"covered_lines": 1, "num_statements": 1, "percent_covered": 100.0, "percent_covered_display": "100", "missing_lines": 0, "excluded_lines": 0}, "missing_lines": [], "excluded_lines": []}, "_ensure_websocket_clients": {"executed_lines": [211, 212, 213, 214, 215], "summary": {"covered_lines": 5, "num_statements": 5, "percent_covered": 100.0, "percent_covered_display": "100", "missing_lines": 0, "excluded_lines": 0}, "missing_lines": [], "excluded_lines": []}, "_broadcast_snapshot": {"executed_lines": [219, 220, 223, 224, 225, 226], "summary": {"covered_lines": 6, "num_statements": 10, "percent_covered": 60.0, "percent_covered_display": "60", "missing_lines": 4, "excluded_lines": 0}, "missing_lines": [221, 227, 228, 229], "excluded_lines": []}, "_attach_update_callback": {"executed_lines": [233, 234, 240, 243, 244], "summary": {"covered_lines": 5, "num_statements": 6, "percent_covered": 83.33333333333333, "percent_covered_display": "83", "missing_lines": 1, "excluded_lines": 0}, "missing_lines": [235], "excluded_lines": []}, "_attach_update_callback._on_update": {"executed_lines": [241], "summary": {"covered_lines": 1, "num_statements": 1, "percent_covered": 100.0, "percent_covered_display": "100", "missing_lines": 0, "excluded_lines": 0}, "missing_lines": [], "excluded_lines": []}, "get_health": {"executed_lines": [250, 251, 252, 255], "summary": {"covered_lines": 4, "num_statements": 5, "percent_covered": 80.0, "percent_covered_display": "80", "missing_lines": 1, "excluded_lines": 0}, "missing_lines": [253], "excluded_lines": []}, "get_positions": {"executed_lines": [261, 262, 263, 268], "summary": {"covered_lines": 4, "num_statements": 4, "percent_covered": 100.0, "percent_covered_display": "100", "missing_lines": 0, "excluded_lines": 0}, "missing_lines": [], "excluded_lines": []}, "websocket_positions": {"executed_lines": [274, 276, 277, 278, 279, 281, 282, 283, 284, 285, 286, 288, 289], "summary": {"covered_lines": 13, "num_statements": 13, "percent_covered": 100.0, "percent_covered_display": "100", "missing_lines": 0, "excluded_lines": 0}, "missing_lines": [], "excluded_lines": []}, "": {"executed_lines": [1, 3, 5, 6, 8, 9, 11, 12, 13, 14, 15, 17, 18, 21, 64, 78, 121, 131, 135, 136, 143, 149, 167, 168, 179, 206, 210, 218, 232, 247, 248, 258, 259, 271, 272], "summary": {"covered_lines": 34, "num_statements": 34, "percent_covered": 100.0, "percent_covered_display": "100", "missing_lines": 0, "excluded_lines": 0}, "missing_lines": [], "excluded_lines": []}}, "classes": {"": {"executed_lines": [1, 3, 5, 6, 8, 9, 11, 12, 13, 14, 15, 17, 18, 21, 24, 25, 26, 27, 28, 32, 33, 34, 35, 36, 39, 43, 44, 45, 64, 65, 66, 78, 79, 80, 81, 82, 100, 121, 122, 123, 128, 131, 132, 135, 136, 137, 138, 139, 140, 143, 144, 145, 146, 149, 150, 151, 152, 167, 168, 169, 170, 171, 172, 173, 175, 176, 179, 180, 181, 182, 183, 188, 193, 194, 195, 196, 206, 207, 210, 211, 212, 213, 214, 215, 218, 219, 220, 223, 224, 225, 226, 232, 233, 234, 240, 241, 243, 244, 247, 248, 250, 251, 252, 255, 258, 259, 261, 262, 263, 268, 271, 272, 274, 276, 277, 278, 279, 281, 282, 283, 284, 285, 286, 288, 289], "summary": {"covered_lines": 124, "num_statements": 136, "percent_covered": 91.17647058823529, "percent_covered_display": "91", "missing_lines": 12, "excluded_lines": 0}, "missing_lines": [29, 30, 40, 41, 124, 174, 221, 227, 228, 229, 235, 253], "excluded_lines": []}}}, "src\\api\\routes\\signals.py": {"executed_lines": [1, 3, 5, 6, 8, 9, 11, 18, 20, 21, 24, 25, 27, 28, 29, 30, 32, 35, 36, 38, 39, 40, 42, 43, 44, 45, 47, 48, 49], "summary": {"covered_lines": 28, "num_statements": 28, "percent_covered": 100.0, "percent_covered_display": "100", "missing_lines": 0, "excluded_lines": 0}, "missing_lines": [], "excluded_lines": [], "functions": {"_normalize_signal": {"executed_lines": [25, 27, 28, 29, 30, 32], "summary": {"covered_lines": 6, "num_statements": 6, "percent_covered": 100.0, "percent_covered_display": "100", "missing_lines": 0, "excluded_lines": 0}, "missing_lines": [], "excluded_lines": []}, "get_signal_history": {"executed_lines": [38, 39, 40, 42, 43, 44, 45, 47, 48, 49], "summary": {"covered_lines": 10, "num_statements": 10, "percent_covered": 100.0, "percent_covered_display": "100", "missing_lines": 0, "excluded_lines": 0}, "missing_lines": [], "excluded_lines": []}, "": {"executed_lines": [1, 3, 5, 6, 8, 9, 11, 18, 20, 21, 24, 35, 36], "summary": {"covered_lines": 12, "num_statements": 12, "percent_covered": 100.0, "percent_covered_display": "100", "missing_lines": 0, "excluded_lines": 0}, "missing_lines": [], "excluded_lines": []}}, "classes": {"": {"executed_lines": [1, 3, 5, 6, 8, 9, 11, 18, 20, 21, 24, 25, 27, 28, 29, 30, 32, 35, 36, 38, 39, 40, 42, 43, 44, 45, 47, 48, 49], "summary": {"covered_lines": 28, "num_statements": 28, "percent_covered": 100.0, "percent_covered_display": "100", "missing_lines": 0, "excluded_lines": 0}, "missing_lines": [], "excluded_lines": []}}}, "src\\api\\routes\\trades.py": {"executed_lines": [1, 3, 5, 6, 8, 9, 11, 18, 21, 22, 25, 26, 27, 28, 29, 34, 35, 36, 38, 39, 40, 41, 44, 51, 52, 62, 68, 69, 70, 80, 81, 82, 83, 93, 94, 96, 97, 98, 100, 101, 102, 103, 105, 106, 107, 119, 120, 122, 123, 124, 126, 127, 131, 132, 133, 134, 135, 136, 137, 138, 140, 141, 142, 143, 147, 148, 149, 150, 151, 152, 153, 154, 155, 165, 166, 167], "summary": {"covered_lines": 75, "num_statements": 90, "percent_covered": 83.33333333333333, "percent_covered_display": "83", "missing_lines": 15, "excluded_lines": 0}, "missing_lines": [30, 31, 37, 53, 54, 55, 56, 57, 58, 59, 128, 129, 139, 144, 145], "excluded_lines": [], "functions": {"_normalize_trade": {"executed_lines": [22], "summary": {"covered_lines": 1, "num_statements": 1, "percent_covered": 100.0, "percent_covered_display": "100", "missing_lines": 0, "excluded_lines": 0}, "missing_lines": [], "excluded_lines": []}, "_to_float": {"executed_lines": [26, 27, 28, 29], "summary": {"covered_lines": 4, "num_statements": 6, "percent_covered": 66.66666666666667, "percent_covered_display": "67", "missing_lines": 2, "excluded_lines": 0}, "missing_lines": [30, 31], "excluded_lines": []}, "_normalize_symbol_for_match": {"executed_lines": [35, 36, 38, 39, 40, 41], "summary": {"covered_lines": 6, "num_statements": 7, "percent_covered": 85.71428571428571, "percent_covered_display": "86", "missing_lines": 1, "excluded_lines": 0}, "missing_lines": [37], "excluded_lines": []}, "_calc_unrealized_pnl": {"executed_lines": [51, 52], "summary": {"covered_lines": 2, "num_statements": 9, "percent_covered": 22.22222222222222, "percent_covered_display": "22", "missing_lines": 7, "excluded_lines": 0}, "missing_lines": [53, 54, 55, 56, 57, 58, 59], "excluded_lines": []}, "_build_open_trade_payload": {"executed_lines": [68, 69, 70, 80, 81, 82, 83], "summary": {"covered_lines": 7, "num_statements": 7, "percent_covered": 100.0, "percent_covered_display": "100", "missing_lines": 0, "excluded_lines": 0}, "missing_lines": [], "excluded_lines": []}, "get_trade_history": {"executed_lines": [96, 97, 98, 100, 101, 102, 103, 105, 106, 107], "summary": {"covered_lines": 10, "num_statements": 10, "percent_covered": 100.0, "percent_covered_display": "100", "missing_lines": 0, "excluded_lines": 0}, "missing_lines": [], "excluded_lines": []}, "get_open_trades": {"executed_lines": [122, 123, 124, 126, 127, 131, 132, 133, 134, 135, 136, 137, 138, 140, 141, 142, 143, 147, 148, 149, 150, 151, 152, 153, 154, 155, 165, 166, 167], "summary": {"covered_lines": 29, "num_statements": 34, "percent_covered": 85.29411764705883, "percent_covered_display": "85", "missing_lines": 5, "excluded_lines": 0}, "missing_lines": [128, 129, 139, 144, 145], "excluded_lines": []}, "": {"executed_lines": [1, 3, 5, 6, 8, 9, 11, 18, 21, 25, 34, 44, 62, 93, 94, 119, 120], "summary": {"covered_lines": 16, "num_statements": 16, "percent_covered": 100.0, "percent_covered_display": "100", "missing_lines": 0, "excluded_lines": 0}, "missing_lines": [], "excluded_lines": []}}, "classes": {"": {"executed_lines": [1, 3, 5, 6, 8, 9, 11, 18, 21, 22, 25, 26, 27, 28, 29, 34, 35, 36, 38, 39, 40, 41, 44, 51, 52, 62, 68, 69, 70, 80, 81, 82, 83, 93, 94, 96, 97, 98, 100, 101, 102, 103, 105, 106, 107, 119, 120, 122, 123, 124, 126, 127, 131, 132, 133, 134, 135, 136, 137, 138, 140, 141, 142, 143, 147, 148, 149, 150, 151, 152, 153, 154, 155, 165, 166, 167], "summary": {"covered_lines": 75, "num_statements": 90, "percent_covered": 83.33333333333333, "percent_covered_display": "83", "missing_lines": 15, "excluded_lines": 0}, "missing_lines": [30, 31, 37, 53, 54, 55, 56, 57, 58, 59, 128, 129, 139, 144, 145], "excluded_lines": []}}}, "src\\backtest\\__init__.py": {"executed_lines": [0], "summary": {"covered_lines": 0, "num_statements": 0, "percent_covered": 100.0, "percent_covered_display": "100", "missing_lines": 0, "excluded_lines": 0}, "missing_lines": [], "excluded_lines": [], "functions": {"": {"executed_lines": [], "summary": {"covered_lines": 0, "num_statements": 0, "percent_covered": 100.0, "percent_covered_display": "100", "missing_lines": 0, "excluded_lines": 0}, "missing_lines": [], "excluded_lines": []}}, "classes": {"": {"executed_lines": [], "summary": {"covered_lines": 0, "num_statements": 0, "percent_covered": 100.0, "percent_covered_display": "100", "missing_lines": 0, "excluded_lines": 0}, "missing_lines": [], "excluded_lines": []}}}, "src\\backtest\\engine.py": {"executed_lines": [1, 3, 4, 5, 7, 9, 10, 11, 12, 15, 31, 32, 33, 34, 35, 37, 38, 39, 40, 42, 43, 44, 45, 46, 47, 48, 49, 50, 52, 54, 55, 56, 57, 59, 61, 62, 63, 65, 66, 67, 76, 77, 78, 79, 80, 82, 83, 84, 87, 88, 89, 90, 91, 92, 93, 94, 95, 96, 98, 107, 114, 115, 117, 118, 125, 126, 128, 130, 131, 132, 133, 134, 135, 137, 138, 139, 140, 141, 142, 143, 145, 146, 147, 148, 149, 150, 151, 160, 161, 162, 166, 167, 168, 170, 186, 188, 189, 190, 191, 192, 200, 201], "summary": {"covered_lines": 102, "num_statements": 111, "percent_covered": 91.89189189189189, "percent_covered_display": "92", "missing_lines": 9, "excluded_lines": 0}, "missing_lines": [51, 60, 153, 154, 155, 156, 157, 158, 164], "excluded_lines": [], "functions": {"BacktestEngine.__init__": {"executed_lines": [33, 34, 35], "summary": {"covered_lines": 3, "num_statements": 3, "percent_covered": 100.0, "percent_covered_display": "100", "missing_lines": 0, "excluded_lines": 0}, "missing_lines": [], "excluded_lines": []}, "BacktestEngine._fetch_ohlcv": {"executed_lines": [38, 39, 40, 42, 43, 44, 45, 46, 47, 48, 49, 50, 52, 54, 55, 56, 57, 59, 61, 62, 63], "summary": {"covered_lines": 21, "num_statements": 23, "percent_covered": 91.30434782608695, "percent_covered_display": "91", "missing_lines": 2, "excluded_lines": 0}, "missing_lines": [51, 60], "excluded_lines": []}, "BacktestEngine._calc_metrics": {"executed_lines": [66, 67, 76, 77, 78, 79, 80, 82, 83, 84, 87, 88, 89, 90, 91, 92, 93, 94, 95, 96, 98], "summary": {"covered_lines": 21, "num_statements": 21, "percent_covered": 100.0, "percent_covered_display": "100", "missing_lines": 0, "excluded_lines": 0}, "missing_lines": [], "excluded_lines": []}, "BacktestEngine.run": {"executed_lines": [114, 115, 117, 118, 125, 126, 128, 130, 131, 132, 133, 134, 135, 137, 138, 139, 140, 141, 142, 143, 145, 146, 147, 148, 149, 150, 151, 160, 161, 162, 166, 167, 168, 170, 186, 188, 189, 190, 191, 192, 200, 201], "summary": {"covered_lines": 42, "num_statements": 49, "percent_covered": 85.71428571428571, "percent_covered_display": "86", "missing_lines": 7, "excluded_lines": 0}, "missing_lines": [153, 154, 155, 156, 157, 158, 164], "excluded_lines": []}, "": {"executed_lines": [1, 3, 4, 5, 7, 9, 10, 11, 12, 15, 31, 32, 37, 65, 107], "summary": {"covered_lines": 15, "num_statements": 15, "percent_covered": 100.0, "percent_covered_display": "100", "missing_lines": 0, "excluded_lines": 0}, "missing_lines": [], "excluded_lines": []}}, "classes": {"BacktestEngine": {"executed_lines": [33, 34, 35, 38, 39, 40, 42, 43, 44, 45, 46, 47, 48, 49, 50, 52, 54, 55, 56, 57, 59, 61, 62, 63, 66, 67, 76, 77, 78, 79, 80, 82, 83, 84, 87, 88, 89, 90, 91, 92, 93, 94, 95, 96, 98, 114, 115, 117, 118, 125, 126, 128, 130, 131, 132, 133, 134, 135, 137, 138, 139, 140, 141, 142, 143, 145, 146, 147, 148, 149, 150, 151, 160, 161, 162, 166, 167, 168, 170, 186, 188, 189, 190, 191, 192, 200, 201], "summary": {"covered_lines": 87, "num_statements": 96, "percent_covered": 90.625, "percent_covered_display": "91", "missing_lines": 9, "excluded_lines": 0}, "missing_lines": [51, 60, 153, 154, 155, 156, 157, 158, 164], "excluded_lines": []}, "": {"executed_lines": [1, 3, 4, 5, 7, 9, 10, 11, 12, 15, 31, 32, 37, 65, 107], "summary": {"covered_lines": 15, "num_statements": 15, "percent_covered": 100.0, "percent_covered_display": "100", "missing_lines": 0, "excluded_lines": 0}, "missing_lines": [], "excluded_lines": []}}}, "src\\backtest\\models.py": {"executed_lines": [1, 3, 4, 7, 8, 9, 10, 11, 12, 13, 14, 15, 16, 17, 18, 19, 20, 23, 24, 25, 26, 27, 28, 29, 30, 31, 32, 33, 34, 35], "summary": {"covered_lines": 30, "num_statements": 30, "percent_covered": 100.0, "percent_covered_display": "100", "missing_lines": 0, "excluded_lines": 0}, "missing_lines": [], "excluded_lines": [], "functions": {"": {"executed_lines": [1, 3, 4, 7, 8, 9, 10, 11, 12, 13, 14, 15, 16, 17, 18, 19, 20, 23, 24, 25, 26, 27, 28, 29, 30, 31, 32, 33, 34, 35], "summary": {"covered_lines": 30, "num_statements": 30, "percent_covered": 100.0, "percent_covered_display": "100", "missing_lines": 0, "excluded_lines": 0}, "missing_lines": [], "excluded_lines": []}}, "classes": {"BacktestTrade": {"executed_lines": [], "summary": {"covered_lines": 0, "num_statements": 0, "percent_covered": 100.0, "percent_covered_display": "100", "missing_lines": 0, "excluded_lines": 0}, "missing_lines": [], "excluded_lines": []}, "BacktestResult": {"executed_lines": [], "summary": {"covered_lines": 0, "num_statements": 0, "percent_covered": 100.0, "percent_covered_display": "100", "missing_lines": 0, "excluded_lines": 0}, "missing_lines": [], "excluded_lines": []}, "": {"executed_lines": [1, 3, 4, 7, 8, 9, 10, 11, 12, 13, 14, 15, 16, 17, 18, 19, 20, 23, 24, 25, 26, 27, 28, 29, 30, 31, 32, 33, 34, 35], "summary": {"covered_lines": 30, "num_statements": 30, "percent_covered": 100.0, "percent_covered_display": "100", "missing_lines": 0, "excluded_lines": 0}, "missing_lines": [], "excluded_lines": []}}}, "src\\backtest\\runner.py": {"executed_lines": [], "summary": {"covered_lines": 0, "num_statements": 51, "percent_covered": 0.0, "percent_covered_display": "0", "missing_lines": 51, "excluded_lines": 0}, "missing_lines": [2, 4, 5, 6, 7, 8, 9, 11, 12, 13, 16, 17, 18, 19, 20, 21, 22, 23, 26, 27, 28, 29, 30, 31, 32, 34, 36, 37, 38, 39, 40, 41, 42, 43, 45, 46, 47, 48, 49, 50, 51, 54, 55, 56, 57, 58, 59, 60, 62, 65, 66], "excluded_lines": [], "functions": {"_to_dict": {"executed_lines": [], "summary": {"covered_lines": 0, "num_statements": 7, "percent_covered": 0.0, "percent_covered_display": "0", "missing_lines": 7, "excluded_lines": 0}, "missing_lines": [17, 18, 19, 20, 21, 22, 23], "excluded_lines": []}, "_run": {"executed_lines": [], "summary": {"covered_lines": 0, "num_statements": 22, "percent_covered": 0.0, "percent_covered_display": "0", "missing_lines": 22, "excluded_lines": 0}, "missing_lines": [27, 28, 29, 30, 31, 32, 34, 36, 37, 38, 39, 40, 41, 42, 43, 45, 46, 47, 48, 49, 50, 51], "excluded_lines": []}, "main": {"executed_lines": [], "summary": {"covered_lines": 0, "num_statements": 7, "percent_covered": 0.0, "percent_covered_display": "0", "missing_lines": 7, "excluded_lines": 0}, "missing_lines": [55, 56, 57, 58, 59, 60, 62], "excluded_lines": []}, "": {"executed_lines": [], "summary": {"covered_lines": 0, "num_statements": 15, "percent_covered": 0.0, "percent_covered_display": "0", "missing_lines": 15, "excluded_lines": 0}, "missing_lines": [2, 4, 5, 6, 7, 8, 9, 11, 12, 13, 16, 26, 54, 65, 66], "excluded_lines": []}}, "classes": {"": {"executed_lines": [], "summary": {"covered_lines": 0, "num_statements": 51, "percent_covered": 0.0, "percent_covered_display": "0", "missing_lines": 51, "excluded_lines": 0}, "missing_lines": [2, 4, 5, 6, 7, 8, 9, 11, 12, 13, 16, 17, 18, 19, 20, 21, 22, 23, 26, 27, 28, 29, 30, 31, 32, 34, 36, 37, 38, 39, 40, 41, 42, 43, 45, 46, 47, 48, 49, 50, 51, 54, 55, 56, 57, 58, 59, 60, 62, 65, 66], "excluded_lines": []}}}, "src\\common\\decorators.py": {"executed_lines": [1, 9, 11, 12, 13, 14, 16, 18, 20, 21, 24, 30, 51, 52, 53, 54, 55, 56, 57, 63, 89, 90, 91, 92, 93, 94, 95, 96, 98, 100, 106, 176, 177, 178, 180, 181, 183, 184, 185, 187, 189, 190, 191, 192, 197, 200, 201, 205, 208, 209, 210, 217, 218, 219, 224, 228, 231, 234, 235, 241, 244, 245, 246, 247, 248, 249, 253, 258, 259, 262, 267, 269, 271], "summary": {"covered_lines": 72, "num_statements": 74, "percent_covered": 97.29729729729729, "percent_covered_display": "97", "missing_lines": 2, "excluded_lines": 1}, "missing_lines": [250, 251], "excluded_lines": [122], "functions": {"_safe_call": {"executed_lines": [51, 52, 53, 54, 55, 56, 57], "summary": {"covered_lines": 7, "num_statements": 7, "percent_covered": 100.0, "percent_covered_display": "100", "missing_lines": 0, "excluded_lines": 0}, "missing_lines": [], "excluded_lines": []}, "safe_async": {"executed_lines": [89, 100], "summary": {"covered_lines": 2, "num_statements": 2, "percent_covered": 100.0, "percent_covered_display": "100", "missing_lines": 0, "excluded_lines": 0}, "missing_lines": [], "excluded_lines": []}, "safe_async.decorator": {"executed_lines": [90, 98], "summary": {"covered_lines": 2, "num_statements": 2, "percent_covered": 100.0, "percent_covered_display": "100", "missing_lines": 0, "excluded_lines": 0}, "missing_lines": [], "excluded_lines": []}, "safe_async.decorator.wrapper": {"executed_lines": [91, 92, 93, 94, 95, 96], "summary": {"covered_lines": 6, "num_statements": 6, "percent_covered": 100.0, "percent_covered_display": "100", "missing_lines": 0, "excluded_lines": 0}, "missing_lines": [], "excluded_lines": []}, "retry": {"executed_lines": [176, 271], "summary": {"covered_lines": 2, "num_statements": 2, "percent_covered": 100.0, "percent_covered_display": "100", "missing_lines": 0, "excluded_lines": 1}, "missing_lines": [], "excluded_lines": [122]}, "retry.decorator": {"executed_lines": [177, 269], "summary": {"covered_lines": 2, "num_statements": 2, "percent_covered": 100.0, "percent_covered_display": "100", "missing_lines": 0, "excluded_lines": 0}, "missing_lines": [], "excluded_lines": []}, "retry.decorator.wrapper": {"executed_lines": [178, 180, 181, 183, 184, 185, 187, 189, 190, 191, 192, 197, 200, 201, 205, 208, 209, 210, 217, 218, 219, 224, 228, 231, 234, 235, 241, 244, 245, 246, 247, 248, 249, 253, 258, 259, 262, 267], "summary": {"covered_lines": 38, "num_statements": 40, "percent_covered": 95.0, "percent_covered_display": "95", "missing_lines": 2, "excluded_lines": 0}, "missing_lines": [250, 251], "excluded_lines": []}, "": {"executed_lines": [1, 9, 11, 12, 13, 14, 16, 18, 20, 21, 24, 30, 63, 106], "summary": {"covered_lines": 13, "num_statements": 13, "percent_covered": 100.0, "percent_covered_display": "100", "missing_lines": 0, "excluded_lines": 0}, "missing_lines": [], "excluded_lines": []}}, "classes": {"": {"executed_lines": [1, 9, 11, 12, 13, 14, 16, 18, 20, 21, 24, 30, 51, 52, 53, 54, 55, 56, 57, 63, 89, 90, 91, 92, 93, 94, 95, 96, 98, 100, 106, 176, 177, 178, 180, 181, 183, 184, 185, 187, 189, 190, 191, 192, 197, 200, 201, 205, 208, 209, 210, 217, 218, 219, 224, 228, 231, 234, 235, 241, 244, 245, 246, 247, 248, 249, 253, 258, 259, 262, 267, 269, 271], "summary": {"covered_lines": 72, "num_statements": 74, "percent_covered": 97.29729729729729, "percent_covered_display": "97", "missing_lines": 2, "excluded_lines": 1}, "missing_lines": [250, 251], "excluded_lines": [122]}}}, "src\\config\\__init__.py": {"executed_lines": [0], "summary": {"covered_lines": 0, "num_statements": 0, "percent_covered": 100.0, "percent_covered_display": "100", "missing_lines": 0, "excluded_lines": 0}, "missing_lines": [], "excluded_lines": [], "functions": {"": {"executed_lines": [], "summary": {"covered_lines": 0, "num_statements": 0, "percent_covered": 100.0, "percent_covered_display": "100", "missing_lines": 0, "excluded_lines": 0}, "missing_lines": [], "excluded_lines": []}}, "classes": {"": {"executed_lines": [], "summary": {"covered_lines": 0, "num_statements": 0, "percent_covered": 100.0, "percent_covered_display": "100", "missing_lines": 0, "excluded_lines": 0}, "missing_lines": [], "excluded_lines": []}}}, "src\\config\\settings.py": {"executed_lines": [1, 3, 4, 5, 7, 8, 10, 13, 14, 15, 17, 18, 19, 21, 22, 24, 25, 26, 29, 30, 31, 32, 33, 34, 38, 41, 42, 50, 51, 52, 55, 59, 67, 75, 76, 77, 78, 81, 84, 85, 86, 89, 90, 93, 97, 101, 102, 103, 104, 105, 106, 109, 110, 111, 115, 119, 123, 128, 129, 130, 131, 132, 133, 135, 136, 137, 138, 139, 140, 142, 144, 145, 146, 147, 150, 151, 152, 153, 160, 161, 162, 164, 165, 166, 167, 169, 171, 172, 174, 175, 176, 180, 181, 185, 188, 189, 190], "summary": {"covered_lines": 96, "num_statements": 98, "percent_covered": 97.95918367346938, "percent_covered_display": "98", "missing_lines": 2, "excluded_lines": 0}, "missing_lines": [141, 148], "excluded_lines": [], "functions": {"SymbolConfig.from_triplet": {"executed_lines": [24, 25, 26, 29, 30, 31, 32, 33, 34, 38], "summary": {"covered_lines": 10, "num_statements": 10, "percent_covered": 100.0, "percent_covered_display": "100", "missing_lines": 0, "excluded_lines": 0}, "missing_lines": [], "excluded_lines": []}, "Settings.parse_symbol_timeframes_csv": {"executed_lines": [131, 132, 133], "summary": {"covered_lines": 3, "num_statements": 3, "percent_covered": 100.0, "percent_covered_display": "100", "missing_lines": 0, "excluded_lines": 0}, "missing_lines": [], "excluded_lines": []}, "Settings.validate_log_level": {"executed_lines": [138, 139, 140, 142], "summary": {"covered_lines": 4, "num_statements": 5, "percent_covered": 80.0, "percent_covered_display": "80", "missing_lines": 1, "excluded_lines": 0}, "missing_lines": [141], "excluded_lines": []}, "Settings.apply_dashboard_testnet_alias": {"executed_lines": [147, 150, 151, 152, 153, 160, 161, 162, 164, 165, 166, 167, 169], "summary": {"covered_lines": 13, "num_statements": 14, "percent_covered": 92.85714285714286, "percent_covered_display": "93", "missing_lines": 1, "excluded_lines": 0}, "missing_lines": [148], "excluded_lines": []}, "Settings.validate_commodities_gate": {"executed_lines": [174, 175, 176, 180, 181, 185], "summary": {"covered_lines": 6, "num_statements": 6, "percent_covered": 100.0, "percent_covered_display": "100", "missing_lines": 0, "excluded_lines": 0}, "missing_lines": [], "excluded_lines": []}, "get_settings": {"executed_lines": [190], "summary": {"covered_lines": 1, "num_statements": 1, "percent_covered": 100.0, "percent_covered_display": "100", "missing_lines": 0, "excluded_lines": 0}, "missing_lines": [], "excluded_lines": []}, "": {"executed_lines": [1, 3, 4, 5, 7, 8, 10, 13, 14, 15, 17, 18, 19, 21, 22, 41, 42, 50, 51, 52, 55, 59, 67, 75, 76, 77, 78, 81, 84, 85, 86, 89, 90, 93, 97, 101, 102, 103, 104, 105, 106, 109, 110, 111, 115, 119, 123, 128, 129, 130, 135, 136, 137, 144, 145, 146, 171, 172, 188, 189], "summary": {"covered_lines": 59, "num_statements": 59, "percent_covered": 100.0, "percent_covered_display": "100", "missing_lines": 0, "excluded_lines": 0}, "missing_lines": [], "excluded_lines": []}}, "classes": {"SymbolConfig": {"executed_lines": [24, 25, 26, 29, 30, 31, 32, 33, 34, 38], "summary": {"covered_lines": 10, "num_statements": 10, "percent_covered": 100.0, "percent_covered_display": "100", "missing_lines": 0, "excluded_lines": 0}, "missing_lines": [], "excluded_lines": []}, "Settings": {"executed_lines": [131, 132, 133, 138, 139, 140, 142, 147, 150, 151, 152, 153, 160, 161, 162, 164, 165, 166, 167, 169, 174, 175, 176, 180, 181, 185], "summary": {"covered_lines": 26, "num_statements": 28, "percent_covered": 92.85714285714286, "percent_covered_display": "93", "missing_lines": 2, "excluded_lines": 0}, "missing_lines": [141, 148], "excluded_lines": []}, "": {"executed_lines": [1, 3, 4, 5, 7, 8, 10, 13, 14, 15, 17, 18, 19, 21, 22, 41, 42, 50, 51, 52, 55, 59, 67, 75, 76, 77, 78, 81, 84, 85, 86, 89, 90, 93, 97, 101, 102, 103, 104, 105, 106, 109, 110, 111, 115, 119, 123, 128, 129, 130, 135, 136, 137, 144, 145, 146, 171, 172, 188, 189, 190], "summary": {"covered_lines": 60, "num_statements": 60, "percent_covered": 100.0, "percent_covered_display": "100", "missing_lines": 0, "excluded_lines": 0}, "missing_lines": [], "excluded_lines": []}}}, "src\\dashboard\\__init__.py": {"executed_lines": [1, 3, 4, 6], "summary": {"covered_lines": 3, "num_statements": 3, "percent_covered": 100.0, "percent_covered_display": "100", "missing_lines": 0, "excluded_lines": 0}, "missing_lines": [], "excluded_lines": [], "functions": {"": {"executed_lines": [1, 3, 4, 6], "summary": {"covered_lines": 3, "num_statements": 3, "percent_covered": 100.0, "percent_covered_display": "100", "missing_lines": 0, "excluded_lines": 0}, "missing_lines": [], "excluded_lines": []}}, "classes": {"": {"executed_lines": [1, 3, 4, 6], "summary": {"covered_lines": 3, "num_statements": 3, "percent_covered": 100.0, "percent_covered_display": "100", "missing_lines": 0, "excluded_lines": 0}, "missing_lines": [], "excluded_lines": []}}}, "src\\dashboard\\analysis.py": {"executed_lines": [1, 3, 5, 6, 8, 10, 11, 12, 15, 16, 17, 18, 19, 20, 23, 24, 25, 26, 27, 28, 29, 32, 33, 34, 35, 36, 37, 38, 39, 42, 43, 44, 45, 48, 49, 50, 51, 52, 55, 56, 57, 58, 59, 62, 64, 65, 66, 67, 69, 75, 76, 77, 78, 81, 82, 83, 84, 85, 86, 89, 90, 91, 93, 99, 115, 116, 117, 118, 119, 120, 121, 122, 123, 124, 125, 127, 128, 129, 130, 131, 132, 133, 134, 136, 139, 155, 156, 157, 158, 159, 160, 161, 162, 163, 164, 165, 166, 167, 168, 169, 177, 178, 192, 193, 194, 195, 198, 201, 216, 217, 218, 219, 220, 222, 223, 230, 233, 234, 235, 236, 237, 240, 241, 242, 243, 244, 245, 246, 248, 249, 250, 251, 252, 255, 256, 257, 258, 260, 261, 262, 263, 264, 265, 266, 267, 271, 274, 277, 278, 279, 280, 281, 282, 283, 286, 293, 294, 299, 300, 301, 308, 314, 315, 328, 329, 330, 331, 332, 333, 345, 346, 359, 360, 361, 362, 374, 375, 388, 401, 404, 408, 409, 410, 411, 412, 413, 414, 415, 417, 418, 420, 421], "summary": {"covered_lines": 191, "num_statements": 195, "percent_covered": 97.94871794871794, "percent_covered_display": "98", "missing_lines": 4, "excluded_lines": 0}, "missing_lines": [196, 268, 269, 389], "excluded_lines": [], "functions": {"build_market_analysis": {"executed_lines": [64, 65, 66, 67, 69, 75, 76, 77, 78], "summary": {"covered_lines": 9, "num_statements": 9, "percent_covered": 100.0, "percent_covered_display": "100", "missing_lines": 0, "excluded_lines": 0}, "missing_lines": [], "excluded_lines": []}, "_build_allocation_view": {"executed_lines": [82, 83, 84, 85, 86, 89, 90, 91, 93, 99], "summary": {"covered_lines": 10, "num_statements": 10, "percent_covered": 100.0, "percent_covered_display": "100", "missing_lines": 0, "excluded_lines": 0}, "missing_lines": [], "excluded_lines": []}, "_build_pnl_weighted_view": {"executed_lines": [116, 117, 118, 119, 120, 121, 122, 123, 124, 125, 127, 128, 129, 130, 131, 132, 133, 134, 136, 139], "summary": {"covered_lines": 20, "num_statements": 20, "percent_covered": 100.0, "percent_covered_display": "100", "missing_lines": 0, "excluded_lines": 0}, "missing_lines": [], "excluded_lines": []}, "_build_concentration_view": {"executed_lines": [156, 157, 158, 159, 160, 161, 162, 163, 164, 165, 166, 167, 168, 169, 177, 178, 192, 193, 194, 195, 198, 201], "summary": {"covered_lines": 22, "num_statements": 23, "percent_covered": 95.65217391304348, "percent_covered_display": "96", "missing_lines": 1, "excluded_lines": 0}, "missing_lines": [196], "excluded_lines": []}, "_build_bias_views": {"executed_lines": [217, 218, 219, 220, 222, 223], "summary": {"covered_lines": 6, "num_statements": 6, "percent_covered": 100.0, "percent_covered_display": "100", "missing_lines": 0, "excluded_lines": 0}, "missing_lines": [], "excluded_lines": []}, "_resolve_direction_from_net": {"executed_lines": [233, 234, 235, 236, 237], "summary": {"covered_lines": 5, "num_statements": 5, "percent_covered": 100.0, "percent_covered_display": "100", "missing_lines": 0, "excluded_lines": 0}, "missing_lines": [], "excluded_lines": []}, "_compute_exposure_by_side": {"executed_lines": [241, 242, 243, 244, 245, 246, 248, 249, 250, 251, 252], "summary": {"covered_lines": 11, "num_statements": 11, "percent_covered": 100.0, "percent_covered_display": "100", "missing_lines": 0, "excluded_lines": 0}, "missing_lines": [], "excluded_lines": []}, "_extract_position_exposure": {"executed_lines": [256, 257, 258, 260, 261, 262, 263, 264, 265, 266, 267, 271], "summary": {"covered_lines": 12, "num_statements": 14, "percent_covered": 85.71428571428571, "percent_covered_display": "86", "missing_lines": 2, "excluded_lines": 0}, "missing_lines": [268, 269], "excluded_lines": []}, "_resolve_confidence": {"executed_lines": [277, 278, 279, 280, 281, 282, 283], "summary": {"covered_lines": 7, "num_statements": 7, "percent_covered": 100.0, "percent_covered_display": "100", "missing_lines": 0, "excluded_lines": 0}, "missing_lines": [], "excluded_lines": []}, "_build_bias_reason": {"executed_lines": [293, 294, 299, 300, 301], "summary": {"covered_lines": 5, "num_statements": 5, "percent_covered": 100.0, "percent_covered_display": "100", "missing_lines": 0, "excluded_lines": 0}, "missing_lines": [], "excluded_lines": []}, "_build_opportunities": {"executed_lines": [314, 315, 328, 329, 330, 331, 332, 333, 345, 346, 359, 360, 361, 362, 374, 375, 388, 401], "summary": {"covered_lines": 18, "num_statements": 19, "percent_covered": 94.73684210526316, "percent_covered_display": "95", "missing_lines": 1, "excluded_lines": 0}, "missing_lines": [389], "excluded_lines": []}, "_top_position_by_exposure": {"executed_lines": [408, 409, 410, 411, 412, 413, 414, 415, 417, 418, 420, 421], "summary": {"covered_lines": 12, "num_statements": 12, "percent_covered": 100.0, "percent_covered_display": "100", "missing_lines": 0, "excluded_lines": 0}, "missing_lines": [], "excluded_lines": []}, "": {"executed_lines": [1, 3, 5, 6, 8, 10, 11, 12, 15, 16, 17, 18, 19, 20, 23, 24, 25, 26, 27, 28, 29, 32, 33, 34, 35, 36, 37, 38, 39, 42, 43, 44, 45, 48, 49, 50, 51, 52, 55, 56, 57, 58, 59, 62, 81, 115, 155, 216, 230, 240, 255, 274, 286, 308, 404], "summary": {"covered_lines": 54, "num_statements": 54, "percent_covered": 100.0, "percent_covered_display": "100", "missing_lines": 0, "excluded_lines": 0}, "missing_lines": [], "excluded_lines": []}}, "classes": {"MarketBias": {"executed_lines": [], "summary": {"covered_lines": 0, "num_statements": 0, "percent_covered": 100.0, "percent_covered_display": "100", "missing_lines": 0, "excluded_lines": 0}, "missing_lines": [], "excluded_lines": []}, "TradeOpportunity": {"executed_lines": [], "summary": {"covered_lines": 0, "num_statements": 0, "percent_covered": 100.0, "percent_covered_display": "100", "missing_lines": 0, "excluded_lines": 0}, "missing_lines": [], "excluded_lines": []}, "BiasView": {"executed_lines": [], "summary": {"covered_lines": 0, "num_statements": 0, "percent_covered": 100.0, "percent_covered_display": "100", "missing_lines": 0, "excluded_lines": 0}, "missing_lines": [], "excluded_lines": []}, "BiasDivergence": {"executed_lines": [], "summary": {"covered_lines": 0, "num_statements": 0, "percent_covered": 100.0, "percent_covered_display": "100", "missing_lines": 0, "excluded_lines": 0}, "missing_lines": [], "excluded_lines": []}, "BiasViews": {"executed_lines": [], "summary": {"covered_lines": 0, "num_statements": 0, "percent_covered": 100.0, "percent_covered_display": "100", "missing_lines": 0, "excluded_lines": 0}, "missing_lines": [], "excluded_lines": []}, "MarketAnalysis": {"executed_lines": [], "summary": {"covered_lines": 0, "num_statements": 0, "percent_covered": 100.0, "percent_covered_display": "100", "missing_lines": 0, "excluded_lines": 0}, "missing_lines": [], "excluded_lines": []}, "": {"executed_lines": [1, 3, 5, 6, 8, 10, 11, 12, 15, 16, 17, 18, 19, 20, 23, 24, 25, 26, 27, 28, 29, 32, 33, 34, 35, 36, 37, 38, 39, 42, 43, 44, 45, 48, 49, 50, 51, 52, 55, 56, 57, 58, 59, 62, 64, 65, 66, 67, 69, 75, 76, 77, 78, 81, 82, 83, 84, 85, 86, 89, 90, 91, 93, 99, 115, 116, 117, 118, 119, 120, 121, 122, 123, 124, 125, 127, 128, 129, 130, 131, 132, 133, 134, 136, 139, 155, 156, 157, 158, 159, 160, 161, 162, 163, 164, 165, 166, 167, 168, 169, 177, 178, 192, 193, 194, 195, 198, 201, 216, 217, 218, 219, 220, 222, 223, 230, 233, 234, 235, 236, 237, 240, 241, 242, 243, 244, 245, 246, 248, 249, 250, 251, 252, 255, 256, 257, 258, 260, 261, 262, 263, 264, 265, 266, 267, 271, 274, 277, 278, 279, 280, 281, 282, 283, 286, 293, 294, 299, 300, 301, 308, 314, 315, 328, 329, 330, 331, 332, 333, 345, 346, 359, 360, 361, 362, 374, 375, 388, 401, 404, 408, 409, 410, 411, 412, 413, 414, 415, 417, 418, 420, 421], "summary": {"covered_lines": 191, "num_statements": 195, "percent_covered": 97.94871794871794, "percent_covered_display": "98", "missing_lines": 4, "excluded_lines": 0}, "missing_lines": [196, 268, 269, 389], "excluded_lines": []}}}, "src\\dashboard\\cache.py": {"executed_lines": [1, 3, 5, 6, 7, 8, 10, 12, 13, 15, 17, 18, 21, 22, 24, 25, 27, 29, 34, 36, 37, 38, 40, 41, 44, 46, 47, 53, 54, 59, 60, 66, 67, 68, 70, 71, 72, 89, 90, 91, 94, 95, 96, 97, 102], "summary": {"covered_lines": 43, "num_statements": 46, "percent_covered": 93.47826086956522, "percent_covered_display": "93", "missing_lines": 3, "excluded_lines": 0}, "missing_lines": [42, 92, 99], "excluded_lines": [], "functions": {"DashboardCache.__init__": {"executed_lines": [25], "summary": {"covered_lines": 1, "num_statements": 1, "percent_covered": 100.0, "percent_covered_display": "100", "missing_lines": 0, "excluded_lines": 0}, "missing_lines": [], "excluded_lines": []}, "DashboardCache.save_snapshot": {"executed_lines": [29], "summary": {"covered_lines": 1, "num_statements": 1, "percent_covered": 100.0, "percent_covered_display": "100", "missing_lines": 0, "excluded_lines": 0}, "missing_lines": [], "excluded_lines": []}, "DashboardCache.load_snapshot": {"executed_lines": [36, 37, 38, 40, 41, 44], "summary": {"covered_lines": 6, "num_statements": 7, "percent_covered": 85.71428571428571, "percent_covered_display": "86", "missing_lines": 1, "excluded_lines": 0}, "missing_lines": [42], "excluded_lines": []}, "DashboardCache._persist_snapshot": {"executed_lines": [47, 53, 54, 59, 60], "summary": {"covered_lines": 5, "num_statements": 5, "percent_covered": 100.0, "percent_covered_display": "100", "missing_lines": 0, "excluded_lines": 0}, "missing_lines": [], "excluded_lines": []}, "DashboardCache._serialize_position": {"executed_lines": [68], "summary": {"covered_lines": 1, "num_statements": 1, "percent_covered": 100.0, "percent_covered_display": "100", "missing_lines": 0, "excluded_lines": 0}, "missing_lines": [], "excluded_lines": []}, "DashboardCache._deserialize_position": {"executed_lines": [72], "summary": {"covered_lines": 1, "num_statements": 1, "percent_covered": 100.0, "percent_covered_display": "100", "missing_lines": 0, "excluded_lines": 0}, "missing_lines": [], "excluded_lines": []}, "DashboardCache._normalize_datetime": {"executed_lines": [91, 94, 95, 96, 97], "summary": {"covered_lines": 5, "num_statements": 7, "percent_covered": 71.42857142857143, "percent_covered_display": "71", "missing_lines": 2, "excluded_lines": 0}, "missing_lines": [92, 99], "excluded_lines": []}, "": {"executed_lines": [1, 3, 5, 6, 7, 8, 10, 12, 13, 15, 17, 18, 21, 22, 24, 27, 34, 46, 66, 67, 70, 71, 89, 90, 102], "summary": {"covered_lines": 23, "num_statements": 23, "percent_covered": 100.0, "percent_covered_display": "100", "missing_lines": 0, "excluded_lines": 0}, "missing_lines": [], "excluded_lines": []}}, "classes": {"DashboardCache": {"executed_lines": [25, 29, 36, 37, 38, 40, 41, 44, 47, 53, 54, 59, 60, 68, 72, 91, 94, 95, 96, 97], "summary": {"covered_lines": 20, "num_statements": 23, "percent_covered": 86.95652173913044, "percent_covered_display": "87", "missing_lines": 3, "excluded_lines": 0}, "missing_lines": [42, 92, 99], "excluded_lines": []}, "": {"executed_lines": [1, 3, 5, 6, 7, 8, 10, 12, 13, 15, 17, 18, 21, 22, 24, 27, 34, 46, 66, 67, 70, 71, 89, 90, 102], "summary": {"covered_lines": 23, "num_statements": 23, "percent_covered": 100.0, "percent_covered_display": "100", "missing_lines": 0, "excluded_lines": 0}, "missing_lines": [], "excluded_lines": []}}}, "src\\dashboard\\client.py": {"executed_lines": [1, 9, 11, 12, 13, 14, 16, 18, 19, 21, 24, 25, 28, 29, 30, 31, 34, 35, 37, 38, 39, 42, 43, 49, 50, 60, 61, 62, 63, 64, 68, 70, 77, 78, 80, 81, 82, 83, 84, 85, 86, 88, 90, 91, 92, 96, 126, 127, 128, 130, 131, 138, 142, 144, 152, 153, 154, 159, 166, 167, 173, 174, 182, 183, 185, 186, 188, 189, 191, 192, 198, 199, 200, 202, 203, 209, 210, 211, 213, 214, 215, 216, 221, 222, 228, 238, 241, 242, 243, 244, 245, 246, 249, 250, 251, 253, 254, 256, 257, 258, 263, 271, 272, 273, 274, 276, 278, 279, 280, 283, 284, 285, 286, 287, 288, 309, 310, 311, 314, 315, 318, 320, 323, 324, 326, 328, 330, 341, 343, 344, 345, 349, 350, 352, 353, 361, 369, 371, 372, 374, 375, 379, 380, 382, 383, 384, 387, 388, 389, 394, 396, 398, 402], "summary": {"covered_lines": 149, "num_statements": 219, "percent_covered": 68.03652968036529, "percent_covered_display": "68", "missing_lines": 70, "excluded_lines": 0}, "missing_lines": [98, 99, 100, 101, 106, 111, 112, 113, 114, 118, 119, 124, 132, 133, 145, 146, 147, 148, 155, 156, 157, 160, 164, 168, 171, 175, 176, 180, 204, 205, 206, 207, 217, 223, 224, 230, 231, 232, 233, 234, 235, 236, 247, 259, 260, 261, 275, 281, 289, 290, 294, 295, 296, 297, 300, 302, 303, 304, 305, 307, 312, 316, 321, 373, 385, 390, 391, 392, 400, 404], "excluded_lines": [], "functions": {"DashboardAuthError.__init__": {"executed_lines": [38, 39], "summary": {"covered_lines": 2, "num_statements": 2, "percent_covered": 100.0, "percent_covered_display": "100", "missing_lines": 0, "excluded_lines": 0}, "missing_lines": [], "excluded_lines": []}, "DashboardClient.__init__": {"executed_lines": [50, 60, 61, 62, 63, 64], "summary": {"covered_lines": 6, "num_statements": 6, "percent_covered": 100.0, "percent_covered_display": "100", "missing_lines": 0, "excluded_lines": 0}, "missing_lines": [], "excluded_lines": []}, "DashboardClient.connect": {"executed_lines": [70, 77, 78, 80, 81, 82, 83, 84, 85, 86], "summary": {"covered_lines": 10, "num_statements": 10, "percent_covered": 100.0, "percent_covered_display": "100", "missing_lines": 0, "excluded_lines": 0}, "missing_lines": [], "excluded_lines": []}, "DashboardClient.close": {"executed_lines": [90, 91, 92], "summary": {"covered_lines": 3, "num_statements": 3, "percent_covered": 100.0, "percent_covered_display": "100", "missing_lines": 0, "excluded_lines": 0}, "missing_lines": [], "excluded_lines": []}, "DashboardClient._fetch_api_restrictions": {"executed_lines": [], "summary": {"covered_lines": 0, "num_statements": 12, "percent_covered": 0.0, "percent_covered_display": "0", "missing_lines": 12, "excluded_lines": 0}, "missing_lines": [98, 99, 100, 101, 106, 111, 112, 113, 114, 118, 119, 124], "excluded_lines": []}, "DashboardClient._get_um_futures_client": {"executed_lines": [127, 128, 130, 131, 138, 142], "summary": {"covered_lines": 6, "num_statements": 8, "percent_covered": 75.0, "percent_covered_display": "75", "missing_lines": 2, "excluded_lines": 0}, "missing_lines": [132, 133], "excluded_lines": []}, "DashboardClient._sync_exchange_clock": {"executed_lines": [], "summary": {"covered_lines": 0, "num_statements": 4, "percent_covered": 0.0, "percent_covered_display": "0", "missing_lines": 4, "excluded_lines": 0}, "missing_lines": [145, 146, 147, 148], "excluded_lines": []}, "DashboardClient._sync_sdk_clock": {"executed_lines": [153, 154, 159, 166, 167, 173, 174, 182, 183, 185, 186, 188, 191, 192], "summary": {"covered_lines": 14, "num_statements": 24, "percent_covered": 58.333333333333336, "percent_covered_display": "58", "missing_lines": 10, "excluded_lines": 0}, "missing_lines": [155, 156, 157, 160, 164, 168, 171, 175, 176, 180], "excluded_lines": []}, "DashboardClient._sync_sdk_clock._adjusted_get_timestamp": {"executed_lines": [189], "summary": {"covered_lines": 1, "num_statements": 1, "percent_covered": 100.0, "percent_covered_display": "100", "missing_lines": 0, "excluded_lines": 0}, "missing_lines": [], "excluded_lines": []}, "DashboardClient._restore_sdk_timestamp": {"executed_lines": [199, 200, 202, 203, 209, 210, 211], "summary": {"covered_lines": 7, "num_statements": 11, "percent_covered": 63.63636363636363, "percent_covered_display": "64", "missing_lines": 4, "excluded_lines": 0}, "missing_lines": [204, 205, 206, 207], "excluded_lines": []}, "DashboardClient._call_um_futures": {"executed_lines": [214, 215, 216, 221, 222], "summary": {"covered_lines": 5, "num_statements": 8, "percent_covered": 62.5, "percent_covered_display": "62", "missing_lines": 3, "excluded_lines": 0}, "missing_lines": [217, 223, 224], "excluded_lines": []}, "DashboardClient._validate_futures_access": {"executed_lines": [], "summary": {"covered_lines": 0, "num_statements": 7, "percent_covered": 0.0, "percent_covered_display": "0", "missing_lines": 7, "excluded_lines": 0}, "missing_lines": [230, 231, 232, 233, 234, 235, 236], "excluded_lines": []}, "DashboardClient._classify_auth_issue": {"executed_lines": [241, 242, 243, 244, 245, 246, 249, 250, 251, 253, 254, 256, 257, 258, 263], "summary": {"covered_lines": 15, "num_statements": 19, "percent_covered": 78.94736842105263, "percent_covered_display": "79", "missing_lines": 4, "excluded_lines": 0}, "missing_lines": [247, 259, 260, 261], "excluded_lines": []}, "DashboardClient._masked_key_prefix": {"executed_lines": [273, 274, 276], "summary": {"covered_lines": 3, "num_statements": 4, "percent_covered": 75.0, "percent_covered_display": "75", "missing_lines": 1, "excluded_lines": 0}, "missing_lines": [275], "excluded_lines": []}, "DashboardClient.fetch_position_risk": {"executed_lines": [279, 280, 283, 284, 285, 286, 287, 288], "summary": {"covered_lines": 8, "num_statements": 21, "percent_covered": 38.095238095238095, "percent_covered_display": "38", "missing_lines": 13,
[...]
ed_lines": 100, "num_statements": 146, "percent_covered": 68.4931506849315, "percent_covered_display": "68", "missing_lines": 46, "excluded_lines": 0}, "missing_lines": [111, 198, 248, 252, 262, 272, 280, 281, 284, 287, 290, 375, 387, 388, 389, 390, 391, 392, 393, 394, 398, 453, 460, 483, 486, 489, 492, 495, 496, 499, 500, 505, 508, 511, 521, 522, 523, 527, 532, 533, 547, 548, 549, 560, 630, 635], "excluded_lines": []}, "": {"executed_lines": [1, 10, 12, 13, 15, 16, 17, 18, 19, 21, 22, 24, 26, 27, 28, 29, 30, 31, 43, 45, 46, 55, 56, 57, 58, 59, 60, 62, 63, 64, 65, 66, 67, 68, 70, 71, 72, 73, 74, 75, 76, 77, 78, 79, 80, 81, 83, 85, 95, 96, 98, 108, 109, 113, 197, 202, 212, 242, 254, 279, 283, 289, 294, 299, 307, 315, 353, 373, 379, 405, 421, 438, 464, 482, 485, 488, 494, 498, 504, 507, 510, 520, 531, 535, 568, 594, 628], "summary": {"covered_lines": 85, "num_statements": 85, "percent_covered": 100.0, "percent_covered_display": "100", "missing_lines": 0, "excluded_lines": 0}, "missing_lines": [], "excluded_lines": []}}}, "src\\strategy\\__init__.py": {"executed_lines": [0], "summary": {"covered_lines": 0, "num_statements": 0, "percent_covered": 100.0, "percent_covered_display": "100", "missing_lines": 0, "excluded_lines": 0}, "missing_lines": [], "excluded_lines": [], "functions": {"": {"executed_lines": [], "summary": {"covered_lines": 0, "num_statements": 0, "percent_covered": 100.0, "percent_covered_display": "100", "missing_lines": 0, "excluded_lines": 0}, "missing_lines": [], "excluded_lines": []}}, "classes": {"": {"executed_lines": [], "summary": {"covered_lines": 0, "num_statements": 0, "percent_covered": 100.0, "percent_covered_display": "100", "missing_lines": 0, "excluded_lines": 0}, "missing_lines": [], "excluded_lines": []}}}, "src\\strategy\\indicators.py": {"executed_lines": [1, 12, 14, 15, 20, 26, 27, 30, 31, 32, 34, 36, 37, 39, 42, 52, 54, 55, 56, 58, 59, 60, 61, 62, 68, 75, 76, 77, 78, 84, 99, 100, 101, 103, 104, 106, 107, 108, 109, 111, 112, 113, 115, 116, 117, 118, 124, 131, 132, 133, 134, 140, 147, 148, 149, 152, 154, 155, 156], "summary": {"covered_lines": 58, "num_statements": 58, "percent_covered": 100.0, "percent_covered_display": "100", "missing_lines": 0, "excluded_lines": 0}, "missing_lines": [], "excluded_lines": [], "functions": {"smma": {"executed_lines": [26, 27, 30, 31, 32, 34, 36, 37, 39], "summary": {"covered_lines": 9, "num_statements": 9, "percent_covered": 100.0, "percent_covered_display": "100", "missing_lines": 0, "excluded_lines": 0}, "missing_lines": [], "excluded_lines": []}, "alligator": {"executed_lines": [52, 54, 55, 56, 58, 59, 60, 61, 62], "summary": {"covered_lines": 9, "num_statements": 9, "percent_covered": 100.0, "percent_covered_display": "100", "missing_lines": 0, "excluded_lines": 0}, "missing_lines": [], "excluded_lines": []}, "awesome_oscillator": {"executed_lines": [75, 76, 77, 78], "summary": {"covered_lines": 4, "num_statements": 4, "percent_covered": 100.0, "percent_covered_display": "100", "missing_lines": 0, "excluded_lines": 0}, "missing_lines": [], "excluded_lines": []}, "fractals": {"executed_lines": [99, 100, 101, 103, 104, 106, 107, 108, 109, 111, 112, 113, 115, 116, 117, 118], "summary": {"covered_lines": 16, "num_statements": 16, "percent_covered": 100.0, "percent_covered_display": "100", "missing_lines": 0, "excluded_lines": 0}, "missing_lines": [], "excluded_lines": []}, "compute_all": {"executed_lines": [131, 132, 133, 134], "summary": {"covered_lines": 4, "num_statements": 4, "percent_covered": 100.0, "percent_covered_display": "100", "missing_lines": 0, "excluded_lines": 0}, "missing_lines": [], "excluded_lines": []}, "last_valid_fractal_high": {"executed_lines": [147, 148, 149], "summary": {"covered_lines": 3, "num_statements": 3, "percent_covered": 100.0, "percent_covered_display": "100", "missing_lines": 0, "excluded_lines": 0}, "missing_lines": [], "excluded_lines": []}, "last_valid_fractal_low": {"executed_lines": [154, 155, 156], "summary": {"covered_lines": 3, "num_statements": 3, "percent_covered": 100.0, "percent_covered_display": "100", "missing_lines": 0, "excluded_lines": 0}, "missing_lines": [], "excluded_lines": []}, "": {"executed_lines": [1, 12, 14, 15, 20, 42, 68, 84, 124, 140, 152], "summary": {"covered_lines": 10, "num_statements": 10, "percent_covered": 100.0, "percent_covered_display": "100", "missing_lines": 0, "excluded_lines": 0}, "missing_lines": [], "excluded_lines": []}}, "classes": {"": {"executed_lines": [1, 12, 14, 15, 20, 26, 27, 30, 31, 32, 34, 36, 37, 39, 42, 52, 54, 55, 56, 58, 59, 60, 61, 62, 68, 75, 76, 77, 78, 84, 99, 100, 101, 103, 104, 106, 107, 108, 109, 111, 112, 113, 115, 116, 117, 118, 124, 131, 132, 133, 134, 140, 147, 148, 149, 152, 154, 155, 156], "summary": {"covered_lines": 58, "num_statements": 58, "percent_covered": 100.0, "percent_covered_display": "100", "missing_lines": 0, "excluded_lines": 0}, "missing_lines": [], "excluded_lines": []}}}, "src\\strategy\\signal_engine.py": {"executed_lines": [1, 25, 27, 28, 29, 31, 33, 34, 40, 43, 44, 45, 48, 49, 50, 51, 52, 53, 54, 55, 56, 57, 59, 60, 61, 63, 64, 65, 67, 68, 69, 71, 73, 74, 89, 90, 91, 92, 93, 94, 95, 96, 97, 98, 99, 101, 116, 117, 119, 120, 121, 123, 124, 125, 126, 128, 140, 141, 142, 149, 151, 154, 155, 157, 158, 159, 160, 162, 177, 180, 181, 182, 183, 184, 185, 187, 198, 199, 200, 209, 210, 230, 233, 234, 235, 236, 237, 238, 240, 251, 252, 253, 262, 263, 283, 285, 291, 297, 298, 299, 312, 313, 317, 318, 320, 322, 323, 325], "summary": {"covered_lines": 106, "num_statements": 113, "percent_covered": 93.80530973451327, "percent_covered_display": "94", "missing_lines": 7, "excluded_lines": 0}, "missing_lines": [70, 102, 113, 163, 164, 165, 175], "excluded_lines": [], "functions": {"Signal.risk": {"executed_lines": [61], "summary": {"covered_lines": 1, "num_statements": 1, "percent_covered": 100.0, "percent_covered_display": "100", "missing_lines": 0, "excluded_lines": 0}, "missing_lines": [], "excluded_lines": []}, "Signal.reward": {"executed_lines": [65], "summary": {"covered_lines": 1, "num_statements": 1, "percent_covered": 100.0, "percent_covered_display": "100", "missing_lines": 0, "excluded_lines": 0}, "missing_lines": [], "excluded_lines": []}, "Signal.risk_reward_ratio": {"executed_lines": [69, 71], "summary": {"covered_lines": 2, "num_statements": 3, "percent_covered": 66.66666666666667, "percent_covered_display": "67", "missing_lines": 1, "excluded_lines": 0}, "missing_lines": [70], "excluded_lines": []}, "Signal.to_dict": {"executed_lines": [74], "summary": {"covered_lines": 1, "num_statements": 1, "percent_covered": 100.0, "percent_covered_display": "100", "missing_lines": 0, "excluded_lines": 0}, "missing_lines": [], "excluded_lines": []}, "SignalEvaluation.to_dict": {"executed_lines": [], "summary": {"covered_lines": 0, "num_statements": 2, "percent_covered": 0.0, "percent_covered_display": "0", "missing_lines": 2, "excluded_lines": 0}, "missing_lines": [102, 113], "excluded_lines": []}, "SignalEngine.__init__": {"executed_lines": [120, 121], "summary": {"covered_lines": 2, "num_statements": 2, "percent_covered": 100.0, "percent_covered_display": "100", "missing_lines": 0, "excluded_lines": 0}, "missing_lines": [], "excluded_lines": []}, "SignalEngine.consume_last_evaluation": {"executed_lines": [124, 125, 126], "summary": {"covered_lines": 3, "num_statements": 3, "percent_covered": 100.0, "percent_covered_display": "100", "missing_lines": 0, "excluded_lines": 0}, "missing_lines": [], "excluded_lines": []}, "SignalEngine.evaluate": {"executed_lines": [140, 141, 142, 149, 151, 154, 155, 157, 158, 159, 160, 162, 177, 180, 181, 182, 183, 184, 185, 187, 198, 199, 200, 209, 210, 230, 233, 234, 235, 236, 237, 238, 240, 251, 252, 253, 262, 263, 283, 285, 291, 297, 298, 299, 312, 313], "summary": {"covered_lines": 46, "num_statements": 50, "percent_covered": 92.0, "percent_covered_display": "92", "missing_lines": 4, "excluded_lines": 0}, "missing_lines": [163, 164, 165, 175], "excluded_lines": []}, "SignalEngine._is_alligator_bullish": {"executed_lines": [320], "summary": {"covered_lines": 1, "num_statements": 1, "percent_covered": 100.0, "percent_covered_display": "100", "missing_lines": 0, "excluded_lines": 0}, "missing_lines": [], "excluded_lines": []}, "SignalEngine._is_alligator_bearish": {"executed_lines": [325], "summary": {"covered_lines": 1, "num_statements": 1, "percent_covered": 100.0, "percent_covered_display": "100", "missing_lines": 0, "excluded_lines": 0}, "missing_lines": [], "excluded_lines": []}, "": {"executed_lines": [1, 25, 27, 28, 29, 31, 33, 34, 40, 43, 44, 45, 48, 49, 50, 51, 52, 53, 54, 55, 56, 57, 59, 60, 63, 64, 67, 68, 73, 89, 90, 91, 92, 93, 94, 95, 96, 97, 98, 99, 101, 116, 117, 119, 123, 128, 317, 318, 322, 323], "summary": {"covered_lines": 48, "num_statements": 48, "percent_covered": 100.0, "percent_covered_display": "100", "missing_lines": 0, "excluded_lines": 0}, "missing_lines": [], "excluded_lines": []}}, "classes": {"Direction": {"executed_lines": [], "summary": {"covered_lines": 0, "num_statements": 0, "percent_covered": 100.0, "percent_covered_display": "100", "missing_lines": 0, "excluded_lines": 0}, "missing_lines": [], "excluded_lines": []}, "Signal": {"executed_lines": [61, 65, 69, 71, 74], "summary": {"covered_lines": 5, "num_statements": 6, "percent_covered": 83.33333333333333, "percent_covered_display": "83", "missing_lines": 1, "excluded_lines": 0}, "missing_lines": [70], "excluded_lines": []}, "SignalEvaluation": {"executed_lines": [], "summary": {"covered_lines": 0, "num_statements": 2, "percent_covered": 0.0, "percent_covered_display": "0", "missing_lines": 2, "excluded_lines": 0}, "missing_lines": [102, 113], "excluded_lines": []}, "SignalEngine": {"executed_lines": [120, 121, 124, 125, 126, 140, 141, 142, 149, 151, 154, 155, 157, 158, 159, 160, 162, 177, 180, 181, 182, 183, 184, 185, 187, 198, 199, 200, 209, 210, 230, 233, 234, 235, 236, 237, 238, 240, 251, 252, 253, 262, 263, 283, 285, 291, 297, 298, 299, 312, 313, 320, 325], "summary": {"covered_lines": 53, "num_statements": 57, "percent_covered": 92.98245614035088, "percent_covered_display": "93", "missing_lines": 4, "excluded_lines": 0}, "missing_lines": [163, 164, 165, 175], "excluded_lines": []}, "": {"executed_lines": [1, 25, 27, 28, 29, 31, 33, 34, 40, 43, 44, 45, 48, 49, 50, 51, 52, 53, 54, 55, 56, 57, 59, 60, 63, 64, 67, 68, 73, 89, 90, 91, 92, 93, 94, 95, 96, 97, 98, 99, 101, 116, 117, 119, 123, 128, 317, 318, 322, 323], "summary": {"covered_lines": 48, "num_statements": 48, "percent_covered": 100.0, "percent_covered_display": "100", "missing_lines": 0, "excluded_lines": 0}, "missing_lines": [], "excluded_lines": []}}}, "src\\trading\\__init__.py": {"executed_lines": [0], "summary": {"covered_lines": 0, "num_statements": 0, "percent_covered": 100.0, "percent_covered_display": "100", "missing_lines": 0, "excluded_lines": 0}, "missing_lines": [], "excluded_lines": [], "functions": {"": {"executed_lines": [], "summary": {"covered_lines": 0, "num_statements": 0, "percent_covered": 100.0, "percent_covered_display": "100", "missing_lines": 0, "excluded_lines": 0}, "missing_lines": [], "excluded_lines": []}}, "classes": {"": {"executed_lines": [], "summary": {"covered_lines": 0, "num_statements": 0, "percent_covered": 100.0, "percent_covered_display": "100", "missing_lines": 0, "excluded_lines": 0}, "missing_lines": [], "excluded_lines": []}}}, "src\\trading\\order_manager.py": {"executed_lines": [1, 13, 15, 16, 17, 18, 20, 21, 22, 23, 24, 25, 27, 30, 31, 32, 33, 34, 35, 38, 39, 40, 41, 42, 43, 44, 45, 46, 47, 48, 49, 50, 51, 52, 53, 54, 55, 56, 57, 58, 59, 61, 62, 86, 87, 89, 92, 93, 94, 96, 101, 102, 103, 104, 107, 108, 111, 112, 121, 122, 124, 134, 135, 136, 137, 143, 144, 145, 151, 154, 155, 166, 169, 170, 171, 172, 178, 179, 180, 186, 187, 190, 207, 208, 211, 212], "summary": {"covered_lines": 84, "num_statements": 87, "percent_covered": 96.55172413793103, "percent_covered_display": "97", "missing_lines": 3, "excluded_lines": 0}, "missing_lines": [117, 118, 119], "excluded_lines": [], "functions": {"Trade.to_dict": {"executed_lines": [62], "summary": {"covered_lines": 1, "num_statements": 1, "percent_covered": 100.0, "percent_covered_display": "100", "missing_lines": 0, "excluded_lines": 0}, "missing_lines": [], "excluded_lines": []}, "OrderManager.__init__": {"executed_lines": [92, 93, 94], "summary": {"covered_lines": 3, "num_statements": 3, "percent_covered": 100.0, "percent_covered_display": "100", "missing_lines": 0, "excluded_lines": 0}, "missing_lines": [], "excluded_lines": []}, "OrderManager.execute": {"executed_lines": [101, 102, 103, 104, 107, 108, 111, 112, 121, 122, 124, 134, 135, 136, 137, 143, 144, 145, 151, 154, 155, 166, 169, 170, 171, 172, 178, 179, 180, 186, 187, 190, 207, 208], "summary": {"covered_lines": 34, "num_statements": 37, "percent_covered": 91.89189189189189, "percent_covered_display": "92", "missing_lines": 3, "excluded_lines": 0}, "missing_lines": [117, 118, 119], "excluded_lines": []}, "_failed_trade": {"executed_lines": [212], "summary": {"covered_lines": 1, "num_statements": 1, "percent_covered": 100.0, "percent_covered_display": "100", "missing_lines": 0, "excluded_lines": 0}, "missing_lines": [], "excluded_lines": []}, "": {"executed_lines": [1, 13, 15, 16, 17, 18, 20, 21, 22, 23, 24, 25, 27, 30, 31, 32, 33, 34, 35, 38, 39, 40, 41, 42, 43, 44, 45, 46, 47, 48, 49, 50, 51, 52, 53, 54, 55, 56, 57, 58, 59, 61, 86, 87, 89, 96, 211], "summary": {"covered_lines": 45, "num_statements": 45, "percent_covered": 100.0, "percent_covered_display": "100", "missing_lines": 0, "excluded_lines": 0}, "missing_lines": [], "excluded_lines": []}}, "classes": {"TradeStatus": {"executed_lines": [], "summary": {"covered_lines": 0, "num_statements": 0, "percent_covered": 100.0, "percent_covered_display": "100", "missing_lines": 0, "excluded_lines": 0}, "missing_lines": [], "excluded_lines": []}, "Trade": {"executed_lines": [62], "summary": {"covered_lines": 1, "num_statements": 1, "percent_covered": 100.0, "percent_covered_display": "100", "missing_lines": 0, "excluded_lines": 0}, "missing_lines": [], "excluded_lines": []}, "OrderManager": {"executed_lines": [92, 93, 94, 101, 102, 103, 104, 107, 108, 111, 112, 121, 122, 124, 134, 135, 136, 137, 143, 144, 145, 151, 154, 155, 166, 169, 170, 171, 172, 178, 179, 180, 186, 187, 190, 207, 208], "summary": {"covered_lines": 37, "num_statements": 40, "percent_covered": 92.5, "percent_covered_display": "92", "missing_lines": 3, "excluded_lines": 0}, "missing_lines": [117, 118, 119], "excluded_lines": []}, "": {"executed_lines": [1, 13, 15, 16, 17, 18, 20, 21, 22, 23, 24, 25, 27, 30, 31, 32, 33, 34, 35, 38, 39, 40, 41, 42, 43, 44, 45, 46, 47, 48, 49, 50, 51, 52, 53, 54, 55, 56, 57, 58, 59, 61, 86, 87, 89, 96, 211, 212], "summary": {"covered_lines": 46, "num_statements": 46, "percent_covered": 100.0, "percent_covered_display": "100", "missing_lines": 0, "excluded_lines": 0}, "missing_lines": [], "excluded_lines": []}}}, "src\\trading\\risk_manager.py": {"executed_lines": [1, 16, 18, 19, 20, 22, 23, 25, 28, 29, 30, 31, 32, 33, 34, 35, 36, 37, 38, 40, 41, 54, 55, 56, 57, 58, 61, 62, 64, 72, 73, 74, 75, 76, 77, 78, 79, 81, 82, 83, 85, 86, 87, 88, 90, 91, 93, 105, 106, 107, 108, 109, 110, 114, 124, 132, 134, 135, 136, 141, 142, 145, 146, 149, 150, 151, 153, 154, 162, 169, 172, 174, 175, 180, 181, 184, 185, 193, 199, 201, 213, 214, 215, 217, 218, 219, 220, 221, 223, 224, 225, 226, 228, 229], "summary": {"covered_lines": 92, "num_statements": 93, "percent_covered": 98.9247311827957, "percent_covered_display": "99", "missing_lines": 1, "excluded_lines": 0}, "missing_lines": [227], "excluded_lines": [], "functions": {"PositionSize.to_dict": {"executed_lines": [41], "summary": {"covered_lines": 1, "num_statements": 1, "percent_covered": 100.0, "percent_covered_display": "100", "missing_lines": 0, "excluded_lines": 0}, "missing_lines": [], "excluded_lines": []}, "RiskManager.__init__": {"executed_lines": [72, 73, 74, 75, 76, 77, 78, 79], "summary": {"covered_lines": 8, "num_statements": 8, "percent_covered": 100.0, "percent_covered_display": "100", "missing_lines": 0, "excluded_lines": 0}, "missing_lines": [], "excluded_lines": []}, "RiskManager.last_rejection": {"executed_lines": [83], "summary": {"covered_lines": 1, "num_statements": 1, "percent_covered": 100.0, "percent_covered_display": "100", "missing_lines": 0, "excluded_lines": 0}, "missing_lines": [], "excluded_lines": []}, "RiskManager.consume_last_rejection": {"executed_lines": [86, 87, 88], "summary": {"covered_lines": 3, "num_statements": 3, "percent_covered": 100.0, "percent_covered_display": "100", "missing_lines": 0, "excluded_lines": 0}, "missing_lines": [], "excluded_lines": []}, "RiskManager._set_rejection": {"executed_lines": [91], "summary": {"covered_lines": 1, "num_statements": 1, "percent_covered": 100.0, "percent_covered_display": "100", "missing_lines": 0, "excluded_lines": 0}, "missing_lines": [], "excluded_lines": []}, "RiskManager.calculate": {"executed_lines": [105, 106, 107, 108, 109, 110, 114, 124, 132, 134, 135, 136, 141, 142, 145, 146, 149, 150, 151, 153, 154, 162, 169, 172, 174, 175, 180, 181, 184, 185, 193, 199, 201, 213, 214, 215], "summary": {"covered_lines": 36, "num_statements": 36, "percent_covered": 100.0, "percent_covered_display": "100", "missing_lines": 0, "excluded_lines": 0}, "missing_lines": [], "excluded_lines": []}, "RiskManager._refresh_intraday_reference": {"executed_lines": [218, 219, 220, 221], "summary": {"covered_lines": 4, "num_statements": 4, "percent_covered": 100.0, "percent_covered_display": "100", "missing_lines": 0, "excluded_lines": 0}, "missing_lines": [], "excluded_lines": []}, "RiskManager._intraday_loss_limit_reached": {"executed_lines": [224, 225, 226, 228, 229], "summary": {"covered_lines": 5, "num_statements": 6, "percent_covered": 83.33333333333333, "percent_covered_display": "83", "missing_lines": 1, "excluded_lines": 0}, "missing_lines": [227], "excluded_lines": []}, "": {"executed_lines": [1, 16, 18, 19, 20, 22, 23, 25, 28, 29, 30, 31, 32, 33, 34, 35, 36, 37, 38, 40, 54, 55, 56, 57, 58, 61, 62, 64, 81, 82, 85, 90, 93, 217, 223], "summary": {"covered_lines": 33, "num_statements": 33, "percent_covered": 100.0, "percent_covered_display": "100", "missing_lines": 0, "excluded_lines": 0}, "missing_lines": [], "excluded_lines": []}}, "classes": {"PositionSize": {"executed_lines": [41], "summary": {"covered_lines": 1, "num_statements": 1, "percent_covered": 100.0, "percent_covered_display": "100", "missing_lines": 0, "excluded_lines": 0}, "missing_lines": [], "excluded_lines": []}, "RiskRejection": {"executed_lines": [], "summary": {"covered_lines": 0, "num_statements": 0, "percent_covered": 100.0, "percent_covered_display": "100", "missing_lines": 0, "excluded_lines": 0}, "missing_lines": [], "excluded_lines": []}, "RiskManager": {"executed_lines": [72, 73, 74, 75, 76, 77, 78, 79, 83, 86, 87, 88, 91, 105, 106, 107, 108, 109, 110, 114, 124, 132, 134, 135, 136, 141, 142, 145, 146, 149, 150, 151, 153, 154, 162, 169, 172, 174, 175, 180, 181, 184, 185, 193, 199, 201, 213, 214, 215, 218, 219, 220, 221, 224, 225, 226, 228, 229], "summary": {"covered_lines": 58, "num_statements": 59, "percent_covered": 98.30508474576271, "percent_covered_display": "98", "missing_lines": 1, "excluded_lines": 0}, "missing_lines": [227], "excluded_lines": []}, "": {"executed_lines": [1, 16, 18, 19, 20, 22, 23, 25, 28, 29, 30, 31, 32, 33, 34, 35, 36, 37, 38, 40, 54, 55, 56, 57, 58, 61, 62, 64, 81, 82, 85, 90, 93, 217, 223], "summary": {"covered_lines": 33, "num_statements": 33, "percent_covered": 100.0, "percent_covered_display": "100", "missing_lines": 0, "excluded_lines": 0}, "missing_lines": [], "excluded_lines": []}}}}, "totals": {"covered_lines": 3578, "num_statements": 4418, "percent_covered": 80.98687188773201, "percent_covered_display": "81", "missing_lines": 840, "excluded_lines": 1}}