{"meta": {"format": 3, "version": "7.11.3", "timestamp": "2026-05-07T05:40:38.661391", "branch_coverage": false, "show_contexts": false}, "files": {"src\\__init__.py": {"executed_lines": [0], "summary": {"covered_lines": 0, "num_statements": 0, "percent_covered": 100.0, "percent_covered_display": "100", "missing_lines": 0, "excluded_lines": 0}, "missing_lines": [], "excluded_lines": [], "functions": {"": {"executed_lines": [], "summary": {"covered_lines": 0, "num_statements": 0, "percent_covered": 100.0, "percent_covered_display": "100", "missing_lines": 0, "excluded_lines": 0}, "missing_lines": [], "excluded_lines": []}}, "classes": {"": {"executed_lines": [], "summary": {"covered_lines": 0, "num_statements": 0, "percent_covered": 100.0, "percent_covered_display": "100", "missing_lines": 0, "excluded_lines": 0}, "missing_lines": [], "excluded_lines": []}}}, "src\\api\\__init__.py": {"executed_lines": [1, 3, 5], "summary": {"covered_lines": 2, "num_statements": 2, "percent_covered": 100.0, "percent_covered_display": "100", "missing_lines": 0, "excluded_lines": 0}, "missing_lines": [], "excluded_lines": [], "functions": {"": {"executed_lines": [1, 3, 5], "summary": {"covered_lines": 2, "num_statements": 2, "percent_covered": 100.0, "percent_covered_display": "100", "missing_lines": 0, "excluded_lines": 0}, "missing_lines": [], "excluded_lines": []}}, "classes": {"": {"executed_lines": [1, 3, 5], "summary": {"covered_lines": 2, "num_statements": 2, "percent_covered": 100.0, "percent_covered_display": "100", "missing_lines": 0, "excluded_lines": 0}, "missing_lines": [], "excluded_lines": []}}}, "src\\api\\main.py": {"executed_lines": [1, 3, 5, 6, 7, 8, 9, 11, 12, 13, 14, 15, 16, 17, 18, 19, 20, 21, 22, 23, 24, 25, 26, 28, 30, 33, 34, 35, 37, 40, 43, 47, 48, 49, 50, 51, 52, 53, 56, 57, 59, 60, 61, 62, 63, 64, 65, 66, 68, 69, 70, 71, 72, 73, 74, 76, 77, 81, 85, 86, 87, 95, 96, 101, 102, 108, 109, 110, 111, 113, 114, 118, 119, 121, 123, 124, 125, 126, 130, 132, 138, 139, 140, 141, 142, 143, 144, 146, 147, 149, 151, 154], "summary": {"covered_lines": 91, "num_statements": 95, "percent_covered": 95.78947368421052, "percent_covered_display": "96", "missing_lines": 4, "excluded_lines": 0}, "missing_lines": [38, 41, 44, 127], "excluded_lines": [], "functions": {"_OfflinePositionStream.__init__": {"executed_lines": [35], "summary": {"covered_lines": 1, "num_statements": 1, "percent_covered": 100.0, "percent_covered_display": "100", "missing_lines": 0, "excluded_lines": 0}, "missing_lines": [], "excluded_lines": []}, "_OfflinePositionStream.get_positions": {"executed_lines": [], "summary": {"covered_lines": 0, "num_statements": 1, "percent_covered": 0.0, "percent_covered_display": "0", "missing_lines": 1, "excluded_lines": 0}, "missing_lines": [38], "excluded_lines": []}, "_OfflinePositionStream.get_status": {"executed_lines": [], "summary": {"covered_lines": 0, "num_statements": 1, "percent_covered": 0.0, "percent_covered_display": "0", "missing_lines": 1, "excluded_lines": 0}, "missing_lines": [41], "excluded_lines": []}, "_OfflinePositionStream.stop": {"executed_lines": [], "summary": {"covered_lines": 0, "num_statements": 1, "percent_covered": 0.0, "percent_covered_display": "0", "missing_lines": 1, "excluded_lines": 0}, "missing_lines": [44], "excluded_lines": []}, "_safe_call": {"executed_lines": [48, 49, 50, 51, 52, 53], "summary": {"covered_lines": 6, "num_statements": 6, "percent_covered": 100.0, "percent_covered_display": "100", "missing_lines": 0, "excluded_lines": 0}, "missing_lines": [], "excluded_lines": []}, "lifespan": {"executed_lines": [59, 60, 61, 62, 63, 64, 65, 66, 68, 69, 70, 71, 72, 73, 74, 76, 77, 81, 85, 86, 87, 95, 96, 101, 102, 108, 109, 110, 111, 113, 114, 118, 119, 121, 123, 124, 125, 126], "summary": {"covered_lines": 38, "num_statements": 39, "percent_covered": 97.43589743589743, "percent_covered_display": "97", "missing_lines": 1, "excluded_lines": 0}, "missing_lines": [127], "excluded_lines": []}, "create_app": {"executed_lines": [132, 138, 139, 140, 141, 142, 143, 144, 146, 147, 151], "summary": {"covered_lines": 11, "num_statements": 11, "percent_covered": 100.0, "percent_covered_display": "100", "missing_lines": 0, "excluded_lines": 0}, "missing_lines": [], "excluded_lines": []}, "create_app.read_index": {"executed_lines": [149], "summary": {"covered_lines": 1, "num_statements": 1, "percent_covered": 100.0, "percent_covered_display": "100", "missing_lines": 0, "excluded_lines": 0}, "missing_lines": [], "excluded_lines": []}, "": {"executed_lines": [1, 3, 5, 6, 7, 8, 9, 11, 12, 13, 14, 15, 16, 17, 18, 19, 20, 21, 22, 23, 24, 25, 26, 28, 30, 33, 34, 37, 40, 43, 47, 56, 57, 130, 154], "summary": {"covered_lines": 34, "num_statements": 34, "percent_covered": 100.0, "percent_covered_display": "100", "missing_lines": 0, "excluded_lines": 0}, "missing_lines": [], "excluded_lines": []}}, "classes": {"_OfflinePositionStream": {"executed_lines": [35], "summary": {"covered_lines": 1, "num_statements": 4, "percent_covered": 25.0, "percent_covered_display": "25", "missing_lines": 3, "excluded_lines": 0}, "missing_lines": [38, 41, 44], "excluded_lines": []}, "": {"executed_lines": [1, 3, 5, 6, 7, 8, 9, 11, 12, 13, 14, 15, 16, 17, 18, 19, 20, 21, 22, 23, 24, 25, 26, 28, 30, 33, 34, 37, 40, 43, 47, 48, 49, 50, 51, 52, 53, 56, 57, 59, 60, 61, 62, 63, 64, 65, 66, 68, 69, 70, 71, 72, 73, 74, 76, 77, 81, 85, 86, 87, 95, 96, 101, 102, 108, 109, 110, 111, 113, 114, 118, 119, 121, 123, 124, 125, 126, 130, 132, 138, 139, 140, 141, 142, 143, 144, 146, 147, 149, 151, 154], "summary": {"covered_lines": 90, "num_statements": 91, "percent_covered": 98.9010989010989, "percent_covered_display": "99", "missing_lines": 1, "excluded_lines": 0}, "missing_lines": [127], "excluded_lines": []}}}, "src\\api\\routes\\__init__.py": {"executed_lines": [1, 3, 5], "summary": {"covered_lines": 2, "num_statements": 2, "percent_covered": 100.0, "percent_covered_display": "100", "missing_lines": 0, "excluded_lines": 0}, "missing_lines": [], "excluded_lines": [], "functions": {"": {"executed_lines": [1, 3, 5], "summary": {"covered_lines": 2, "num_statements": 2, "percent_covered": 100.0, "percent_covered_display": "100", "missing_lines": 0, "excluded_lines": 0}, "missing_lines": [], "excluded_lines": []}}, "classes": {"": {"executed_lines": [1, 3, 5], "summary": {"covered_lines": 2, "num_statements": 2, "percent_covered": 100.0, "percent_covered_display": "100", "missing_lines": 0, "excluded_lines": 0}, "missing_lines": [], "excluded_lines": []}}}, "src\\api\\routes\\backtest.py": {"executed_lines": [1, 3, 5, 6, 7, 8, 10, 11, 13, 15, 18, 35, 36], "summary": {"covered_lines": 12, "num_statements": 41, "percent_covered": 29.26829268292683, "percent_covered_display": "29", "missing_lines": 29, "excluded_lines": 0}, "missing_lines": [19, 20, 21, 22, 23, 24, 25, 26, 27, 28, 30, 31, 32, 51, 52, 57, 58, 59, 60, 62, 63, 64, 65, 66, 67, 71, 73, 74, 75], "excluded_lines": [], "functions": {"_serialize": {"executed_lines": [], "summary": {"covered_lines": 0, "num_statements": 13, "percent_covered": 0.0, "percent_covered_display": "0", "missing_lines": 13, "excluded_lines": 0}, "missing_lines": [19, 20, 21, 22, 23, 24, 25, 26, 27, 28, 30, 31, 32], "excluded_lines": []}, "get_backtest": {"executed_lines": [], "summary": {"covered_lines": 0, "num_statements": 16, "percent_covered": 0.0, "percent_covered_display": "0", "missing_lines": 16, "excluded_lines": 0}, "missing_lines": [51, 52, 57, 58, 59, 60, 62, 63, 64, 65, 66, 67, 71, 73, 74, 75], "excluded_lines": []}, "": {"executed_lines": [1, 3, 5, 6, 7, 8, 10, 11, 13, 15, 18, 35, 36], "summary": {"covered_lines": 12, "num_statements": 12, "percent_covered": 100.0, "percent_covered_display": "100", "missing_lines": 0, "excluded_lines": 0}, "missing_lines": [], "excluded_lines": []}}, "classes": {"": {"executed_lines": [1, 3, 5, 6, 7, 8, 10, 11, 13, 15, 18, 35, 36], "summary": {"covered_lines": 12, "num_statements": 41, "percent_covered": 29.26829268292683, "percent_covered_display": "29", "missing_lines": 29, "excluded_lines": 0}, "missing_lines": [19, 20, 21, 22, 23, 24, 25, 26, 27, 28, 30, 31, 32, 51, 52, 57, 58, 59, 60, 62, 63, 64, 65, 66, 67, 71, 73, 74, 75], "excluded_lines": []}}}, "src\\api\\routes\\health.py": {"executed_lines": [1, 3, 5, 7, 8, 10, 12, 13, 14, 15, 18, 19, 22, 28, 29, 30, 31, 33, 34, 36, 37, 38, 41, 42, 48, 49, 50, 61, 62, 63, 64, 65, 76, 78, 90, 91, 93, 94, 96, 108, 109, 110, 111, 112, 114, 115, 126, 129, 132], "summary": {"covered_lines": 48, "num_statements": 49, "percent_covered": 97.95918367346938, "percent_covered_display": "98", "missing_lines": 1, "excluded_lines": 0}, "missing_lines": [97], "excluded_lines": [], "functions": {"_to_iso8601": {"executed_lines": [19], "summary": {"covered_lines": 1, "num_statements": 1, "percent_covered": 100.0, "percent_covered_display": "100", "missing_lines": 0, "excluded_lines": 0}, "missing_lines": [], "excluded_lines": []}, "_get_bot_process_status": {"executed_lines": [28, 29, 30, 31, 33, 34, 36, 37, 38], "summary": {"covered_lines": 9, "num_statements": 9, "percent_covered": 100.0, "percent_covered_display": "100", "missing_lines": 0, "excluded_lines": 0}, "missing_lines": [], "excluded_lines": []}, "health_check": {"executed_lines": [48, 49, 50, 61, 62, 63, 64, 65, 76, 78], "summary": {"covered_lines": 10, "num_statements": 10, "percent_covered": 100.0, "percent_covered_display": "100", "missing_lines": 0, "excluded_lines": 0}, "missing_lines": [], "excluded_lines": []}, "get_bot_activity": {"executed_lines": [93, 94, 96, 108, 109, 110, 111, 112, 114, 115, 126, 129, 132], "summary": {"covered_lines": 13, "num_statements": 14, "percent_covered": 92.85714285714286, "percent_covered_display": "93", "missing_lines": 1, "excluded_lines": 0}, "missing_lines": [97], "excluded_lines": []}, "": {"executed_lines": [1, 3, 5, 7, 8, 10, 12, 13, 14, 15, 18, 22, 41, 42, 90, 91], "summary": {"covered_lines": 15, "num_statements": 15, "percent_covered": 100.0, "percent_covered_display": "100", "missing_lines": 0, "excluded_lines": 0}, "missing_lines": [], "excluded_lines": []}}, "classes": {"": {"executed_lines": [1, 3, 5, 7, 8, 10, 12, 13, 14, 15, 18, 19, 22, 28, 29, 30, 31, 33, 34, 36, 37, 38, 41, 42, 48, 49, 50, 61, 62, 63, 64, 65, 76, 78, 90, 91, 93, 94, 96, 108, 109, 110, 111, 112, 114, 115, 126, 129, 132], "summary": {"covered_lines": 48, "num_statements": 49, "percent_covered": 97.95918367346938, "percent_covered_display": "98", "missing_lines": 1, "excluded_lines": 0}, "missing_lines": [97], "excluded_lines": []}}}, "src\\api\\routes\\onboarding.py": {"executed_lines": [1, 3, 5, 6, 7, 8, 9, 11, 12, 13, 15, 16, 18, 19, 20, 23, 24, 25, 26, 27, 29, 30, 31, 32, 33, 34, 35, 37, 38, 41, 42, 48, 49, 50, 51, 52, 53, 56, 57, 60, 61, 63, 64, 65, 66, 67, 68, 69, 70, 71, 74, 75, 79, 80, 81, 82, 87, 88, 89, 90, 92, 93, 96, 97, 101, 102, 104, 105, 108, 109, 110, 113, 114, 118, 119, 123, 124, 125, 126, 127, 128, 134, 135, 141, 142, 143, 148, 149, 162, 163, 166, 167, 177, 178, 179, 182, 183, 185, 186, 187, 188, 191, 192, 197, 200, 201, 204, 205, 206, 207, 208, 214, 215, 216, 218, 219, 220, 221, 223, 224, 225, 226, 227, 228, 235, 237, 238, 257, 258, 261, 262, 267, 270, 271, 274, 275, 276, 278, 279, 284, 285, 287, 295, 296, 297, 302], "summary": {"covered_lines": 145, "num_statements": 171, "percent_covered": 84.7953216374269, "percent_covered_display": "85", "missing_lines": 26, "excluded_lines": 0}, "missing_lines": [54, 62, 72, 76, 83, 84, 91, 106, 168, 169, 170, 171, 172, 173, 174, 180, 184, 198, 202, 209, 247, 248, 252, 268, 272, 277], "excluded_lines": [], "functions": {"_is_write_authorized": {"executed_lines": [24, 25, 26, 27, 29, 30, 31, 32, 33, 34, 35, 37, 38], "summary": {"covered_lines": 13, "num_statements": 13, "percent_covered": 100.0, "percent_covered_display": "100", "missing_lines": 0, "excluded_lines": 0}, "missing_lines": [], "excluded_lines": []}, "_unauthorized_response": {"executed_lines": [42], "summary": {"covered_lines": 1, "num_statements": 1, "percent_covered": 100.0, "percent_covered_display": "100", "missing_lines": 0, "excluded_lines": 0}, "missing_lines": [], "excluded_lines": []}, "_serialize_session": {"executed_lines": [49, 50, 51, 52, 53, 56, 57], "summary": {"covered_lines": 7, "num_statements": 8, "percent_covered": 87.5, "percent_covered_display": "88", "missing_lines": 1, "excluded_lines": 0}, "missing_lines": [54], "excluded_lines": []}, "_serialize_backtest": {"executed_lines": [61, 63, 64, 65, 66, 67, 68, 69, 70, 71, 74, 75], "summary": {"covered_lines": 12, "num_statements": 15, "percent_covered": 80.0, "percent_covered_display": "80", "missing_lines": 3, "excluded_lines": 0}, "missing_lines": [62, 72, 76], "excluded_lines": []}, "_active_symbols": {"executed_lines": [80, 81, 82], "summary": {"covered_lines": 3, "num_statements": 5, "percent_covered": 60.0, "percent_covered_display": "60", "missing_lines": 2, "excluded_lines": 0}, "missing_lines": [83, 84], "excluded_lines": []}, "list_sessions": {"executed_lines": [89, 90, 92, 93], "summary": {"covered_lines": 4, "num_statements": 5, "percent_covered": 80.0, "percent_covered_display": "80", "missing_lines": 1, "excluded_lines": 0}, "missing_lines": [91], "excluded_lines": []}, "create_session": {"executed_lines": [101, 102, 104, 105, 108, 109, 110, 113, 114, 118, 119, 123, 124, 125, 126, 127, 128, 134, 135, 141, 142, 143, 148, 149, 162, 163], "summary": {"covered_lines": 26, "num_statements": 27, "percent_covered": 96.29629629629629, "percent_covered_display": "96", "missing_lines": 1, "excluded_lines": 0}, "missing_lines": [106], "excluded_lines": []}, "get_session": {"executed_lines": [], "summary": {"covered_lines": 0, "num_statements": 7, "percent_covered": 0.0, "percent_covered_display": "0", "missing_lines": 7, "excluded_lines": 0}, "missing_lines": [168, 169, 170, 171, 172, 173, 174], "excluded_lines": []}, "delete_session": {"executed_lines": [179, 182, 183, 185, 186, 187, 188], "summary": {"covered_lines": 7, "num_statements": 9, "percent_covered": 77.77777777777777, "percent_covered_display": "78", "missing_lines": 2, "excluded_lines": 0}, "missing_lines": [180, 184], "excluded_lines": []}, "run_backtest": {"executed_lines": [197, 200, 201, 204, 205, 206, 207, 208, 214, 215, 216, 218, 219, 220, 221, 223, 224, 225, 226, 227, 228, 235, 237, 238, 257, 258], "summary": {"covered_lines": 26, "num_statements": 32, "percent_covered": 81.25, "percent_covered_display": "81", "missing_lines": 6, "excluded_lines": 0}, "missing_lines": [198, 202, 209, 247, 248, 252], "excluded_lines": []}, "approve_session": {"executed_lines": [267, 270, 271, 274, 275, 276, 278, 279, 284, 285, 287, 295, 296, 297, 302], "summary": {"covered_lines": 15, "num_statements": 18, "percent_covered": 83.33333333333333, "percent_covered_display": "83", "missing_lines": 3, "excluded_lines": 0}, "missing_lines": [268, 272, 277], "excluded_lines": []}, "": {"executed_lines": [1, 3, 5, 6, 7, 8, 9, 11, 12, 13, 15, 16, 18, 19, 20, 23, 41, 48, 60, 79, 87, 88, 96, 97, 166, 167, 177, 178, 191, 192, 261, 262], "summary": {"covered_lines": 31, "num_statements": 31, "percent_covered": 100.0, "percent_covered_display": "100", "missing_lines": 0, "excluded_lines": 0}, "missing_lines": [], "excluded_lines": []}}, "classes": {"": {"executed_lines": [1, 3, 5, 6, 7, 8, 9, 11, 12, 13, 15, 16, 18, 19, 20, 23, 24, 25, 26, 27, 29, 30, 31, 32, 33, 34, 35, 37, 38, 41, 42, 48, 49, 50, 51, 52, 53, 56, 57, 60, 61, 63, 64, 65, 66, 67, 68, 69, 70, 71, 74, 75, 79, 80, 81, 82, 87, 88, 89, 90, 92, 93, 96, 97, 101, 102, 104, 105, 108, 109, 110, 113, 114, 118, 119, 123, 124, 125, 126, 127, 128, 134, 135, 141, 142, 143, 148, 149, 162, 163, 166, 167, 177, 178, 179, 182, 183, 185, 186, 187, 188, 191, 192, 197, 200, 201, 204, 205, 206, 207, 208, 214, 215, 216, 218, 219, 220, 221, 223, 224, 225, 226, 227, 228, 235, 237, 238, 257, 258, 261, 262, 267, 270, 271, 274, 275, 276, 278, 279, 284, 285, 287, 295, 296, 297, 302], "summary": {"covered_lines": 145, "num_statements": 171, "percent_covered": 84.7953216374269, "percent_covered_display": "85", "missing_lines": 26, "excluded_lines": 0}, "missing_lines": [54, 62, 72, 76, 83, 84, 91, 106, 168, 169, 170, 171, 172, 173, 174, 180, 184, 198, 202, 209, 247, 248, 252, 268, 272, 277], "excluded_lines": []}}}, "src\\api\\routes\\performance.py": {"executed_lines": [1, 3, 5, 7, 8, 10, 13, 14, 20, 21, 22, 23, 27, 28, 29, 30, 31, 37, 38, 40, 41, 42, 43, 44, 45, 56, 57, 59, 60, 61, 62, 63, 64], "summary": {"covered_lines": 32, "num_statements": 36, "percent_covered": 88.88888888888889, "percent_covered_display": "89", "missing_lines": 4, "excluded_lines": 0}, "missing_lines": [52, 53, 71, 72], "excluded_lines": [], "functions": {"get_performance": {"executed_lines": [20, 21, 22, 23, 27, 28, 29, 30, 31], "summary": {"covered_lines": 9, "num_statements": 9, "percent_covered": 100.0, "percent_covered_display": "100", "missing_lines": 0, "excluded_lines": 0}, "missing_lines": [], "excluded_lines": []}, "get_performance_by_symbol": {"executed_lines": [40, 41, 42, 43, 44, 45], "summary": {"covered_lines": 6, "num_statements": 8, "percent_covered": 75.0, "percent_covered_display": "75", "missing_lines": 2, "excluded_lines": 0}, "missing_lines": [52, 53], "excluded_lines": []}, "get_performance_by_timeframe": {"executed_lines": [59, 60, 61, 62, 63, 64], "summary": {"covered_lines": 6, "num_statements": 8, "percent_covered": 75.0, "percent_covered_display": "75", "missing_lines": 2, "excluded_lines": 0}, "missing_lines": [71, 72], "excluded_lines": []}, "": {"executed_lines": [1, 3, 5, 7, 8, 10, 13, 14, 37, 38, 56, 57], "summary": {"covered_lines": 11, "num_statements": 11, "percent_covered": 100.0, "percent_covered_display": "100", "missing_lines": 0, "excluded_lines": 0}, "missing_lines": [], "excluded_lines": []}}, "classes": {"": {"executed_lines": [1, 3, 5, 7, 8, 10, 13, 14, 20, 21, 22, 23, 27, 28, 29, 30, 31, 37, 38, 40, 41, 42, 43, 44, 45, 56, 57, 59, 60, 61, 62, 63, 64], "summary": {"covered_lines": 32, "num_statements": 36, "percent_covered": 88.88888888888889, "percent_covered_display": "89", "missing_lines": 4, "excluded_lines": 0}, "missing_lines": [52, 53, 71, 72], "excluded_lines": []}}}, "src\\api\\routes\\positions.py": {"executed_lines": [1, 3, 5, 6, 7, 9, 10, 12, 13, 14, 16, 17, 20, 21, 24, 27, 28, 29, 30, 31, 35, 36, 37, 38, 39, 42, 46, 47, 65, 66, 75, 76, 96, 97, 98, 103, 106, 107, 110, 111, 112, 113, 114, 115, 124, 125, 126, 127, 128, 129, 130, 138, 139, 142, 143, 144, 145, 146, 147, 150, 151, 152, 155, 156, 157, 158, 164, 165, 166, 172, 173, 175, 176, 179, 180, 182, 183, 184, 187, 190, 191, 193, 194, 195, 200, 203, 204, 206, 208, 209, 210, 211, 213, 214, 215, 216, 217, 218, 220, 221], "summary": {"covered_lines": 99, "num_statements": 113, "percent_covered": 87.61061946902655, "percent_covered_display": "88", "missing_lines": 14, "excluded_lines": 0}, "missing_lines": [32, 33, 43, 44, 99, 116, 117, 121, 153, 159, 160, 161, 167, 185], "excluded_lines": [], "functions": {"_to_iso8601": {"executed_lines": [21], "summary": {"covered_lines": 1, "num_statements": 1, "percent_covered": 100.0, "percent_covered_display": "100", "missing_lines": 0, "excluded_lines": 0}, "missing_lines": [], "excluded_lines": []}, "_serialize_position": {"executed_lines": [27, 28, 29, 30, 31, 35, 36, 37, 38, 39, 42, 46, 47], "summary": {"covered_lines": 13, "num_statements": 17, "percent_covered": 76.47058823529412, "percent_covered_display": "76", "missing_lines": 4, "excluded_lines": 0}, "missing_lines": [32, 33, 43, 44], "excluded_lines": []}, "_serialize_summary": {"executed_lines": [66], "summary": {"covered_lines": 1, "num_statements": 1, "percent_covered": 100.0, "percent_covered_display": "100", "missing_lines": 0, "excluded_lines": 0}, "missing_lines": [], "excluded_lines": []}, "_serialize_market_analysis": {"executed_lines": [76], "summary": {"covered_lines": 1, "num_statements": 1, "percent_covered": 100.0, "percent_covered_display": "100", "missing_lines": 0, "excluded_lines": 0}, "missing_lines": [], "excluded_lines": []}, "_get_position_stream": {"executed_lines": [97, 98, 103], "summary": {"covered_lines": 3, "num_statements": 4, "percent_covered": 75.0, "percent_covered_display": "75", "missing_lines": 1, "excluded_lines": 0}, "missing_lines": [99], "excluded_lines": []}, "_get_repository": {"executed_lines": [107], "summary": {"covered_lines": 1, "num_statements": 1, "percent_covered": 100.0, "percent_covered_display": "100", "missing_lines": 0, "excluded_lines": 0}, "missing_lines": [], "excluded_lines": []}, "_load_open_trade_sl_tp": {"executed_lines": [111, 112, 113, 114, 115], "summary": {"covered_lines": 5, "num_statements": 8, "percent_covered": 62.5, "percent_covered_display": "62", "missing_lines": 3, "excluded_lines": 0}, "missing_lines": [116, 117, 121], "excluded_lines": []}, "_build_snapshot": {"executed_lines": [125, 126, 127, 128, 129, 130], "summary": {"covered_lines": 6, "num_statements": 6, "percent_covered": 100.0, "percent_covered_display": "100", "missing_lines": 0, "excluded_lines": 0}, "missing_lines": [], "excluded_lines": []}, "_is_stream_active": {"executed_lines": [139], "summary": {"covered_lines": 1, "num_statements": 1, "percent_covered": 100.0, "percent_covered_display": "100", "missing_lines": 0, "excluded_lines": 0}, "missing_lines": [], "excluded_lines": []}, "_ensure_websocket_clients": {"executed_lines": [143, 144, 145, 146, 147], "summary": {"covered_lines": 5, "num_statements": 5, "percent_covered": 100.0, "percent_covered_display": "100", "missing_lines": 0, "excluded_lines": 0}, "missing_lines": [], "excluded_lines": []}, "_broadcast_snapshot": {"executed_lines": [151, 152, 155, 156, 157, 158], "summary": {"covered_lines": 6, "num_statements": 10, "percent_covered": 60.0, "percent_covered_display": "60", "missing_lines": 4, "excluded_lines": 0}, "missing_lines": [153, 159, 160, 161], "excluded_lines": []}, "_attach_update_callback": {"executed_lines": [165, 166, 172, 175, 176], "summary": {"covered_lines": 5, "num_statements": 6, "percent_covered": 83.33333333333333, "percent_covered_display": "83", "missing_lines": 1, "excluded_lines": 0}, "missing_lines": [167], "excluded_lines": []}, "_attach_update_callback._on_update": {"executed_lines": [173], "summary": {"covered_lines": 1, "num_statements": 1, "percent_covered": 100.0, "percent_covered_display": "100", "missing_lines": 0, "excluded_lines": 0}, "missing_lines": [], "excluded_lines": []}, "get_health": {"executed_lines": [182, 183, 184, 187], "summary": {"covered_lines": 4, "num_statements": 5, "percent_covered": 80.0, "percent_covered_display": "80", "missing_lines": 1, "excluded_lines": 0}, "missing_lines": [185], "excluded_lines": []}, "get_positions": {"executed_lines": [193, 194, 195, 200], "summary": {"covered_lines": 4, "num_statements": 4, "percent_covered": 100.0, "percent_covered_display": "100", "missing_lines": 0, "excluded_lines": 0}, "missing_lines": [], "excluded_lines": []}, "websocket_positions": {"executed_lines": [206, 208, 209, 210, 211, 213, 214, 215, 216, 217, 218, 220, 221], "summary": {"covered_lines": 13, "num_statements": 13, "percent_covered": 100.0, "percent_covered_display": "100", "missing_lines": 0, "excluded_lines": 0}, "missing_lines": [], "excluded_lines": []}, "": {"executed_lines": [1, 3, 5, 6, 7, 9, 10, 12, 13, 14, 16, 17, 20, 24, 65, 75, 96, 106, 110, 124, 138, 142, 150, 164, 179, 180, 190, 191, 203, 204], "summary": {"covered_lines": 29, "num_statements": 29, "percent_covered": 100.0, "percent_covered_display": "100", "missing_lines": 0, "excluded_lines": 0}, "missing_lines": [], "excluded_lines": []}}, "classes": {"": {"executed_lines": [1, 3, 5, 6, 7, 9, 10, 12, 13, 14, 16, 17, 20, 21, 24, 27, 28, 29, 30, 31, 35, 36, 37, 38, 39, 42, 46, 47, 65, 66, 75, 76, 96, 97, 98, 103, 106, 107, 110, 111, 112, 113, 114, 115, 124, 125, 126, 127, 128, 129, 130, 138, 139, 142, 143, 144, 145, 146, 147, 150, 151, 152, 155, 156, 157, 158, 164, 165, 166, 172, 173, 175, 176, 179, 180, 182, 183, 184, 187, 190, 191, 193, 194, 195, 200, 203, 204, 206, 208, 209, 210, 211, 213, 214, 215, 216, 217, 218, 220, 221], "summary": {"covered_lines": 99, "num_statements": 113, "percent_covered": 87.61061946902655, "percent_covered_display": "88", "missing_lines": 14, "excluded_lines": 0}, "missing_lines": [32, 33, 43, 44, 99, 116, 117, 121, 153, 159, 160, 161, 167, 185], "excluded_lines": []}}}, "src\\api\\routes\\trades.py": {"executed_lines": [1, 3, 5, 6, 8, 9, 11, 14, 15, 18, 19, 20, 21, 22, 23, 24, 27, 28, 30, 31, 32, 34, 35, 36, 37, 39, 40], "summary": {"covered_lines": 26, "num_statements": 26, "percent_covered": 100.0, "percent_covered_display": "100", "missing_lines": 0, "excluded_lines": 0}, "missing_lines": [], "excluded_lines": [], "functions": {"_to_iso8601": {"executed_lines": [15], "summary": {"covered_lines": 1, "num_statements": 1, "percent_covered": 100.0, "percent_covered_display": "100", "missing_lines": 0, "excluded_lines": 0}, "missing_lines": [], "excluded_lines": []}, "_normalize_trade": {"executed_lines": [19, 20, 21, 22, 23, 24], "summary": {"covered_lines": 6, "num_statements": 6, "percent_covered": 100.0, "percent_covered_display": "100", "missing_lines": 0, "excluded_lines": 0}, "missing_lines": [], "excluded_lines": []}, "get_trade_history": {"executed_lines": [30, 31, 32, 34, 35, 36, 37, 39, 40], "summary": {"covered_lines": 9, "num_statements": 9, "percent_covered": 100.0, "percent_covered_display": "100", "missing_lines": 0, "excluded_lines": 0}, "missing_lines": [], "excluded_lines": []}, "": {"executed_lines": [1, 3, 5, 6, 8, 9, 11, 14, 18, 27, 28], "summary": {"covered_lines": 10, "num_statements": 10, "percent_covered": 100.0, "percent_covered_display": "100", "missing_lines": 0, "excluded_lines": 0}, "missing_lines": [], "excluded_lines": []}}, "classes": {"": {"executed_lines": [1, 3, 5, 6, 8, 9, 11, 14, 15, 18, 19, 20, 21, 22, 23, 24, 27, 28, 30, 31, 32, 34, 35, 36, 37, 39, 40], "summary": {"covered_lines": 26, "num_statements": 26, "percent_covered": 100.0, "percent_covered_display": "100", "missing_lines": 0, "excluded_lines": 0}, "missing_lines": [], "excluded_lines": []}}}, "src\\backtest\\__init__.py": {"executed_lines": [0], "summary": {"covered_lines": 0, "num_statements": 0, "percent_covered": 100.0, "percent_covered_display": "100", "missing_lines": 0, "excluded_lines": 0}, "missing_lines": [], "excluded_lines": [], "functions": {"": {"executed_lines": [], "summary": {"covered_lines": 0, "num_statements": 0, "percent_covered": 100.0, "percent_covered_display": "100", "missing_lines": 0, "excluded_lines": 0}, "missing_lines": [], "excluded_lines": []}}, "classes": {"": {"executed_lines": [], "summary": {"covered_lines": 0, "num_statements": 0, "percent_covered": 100.0, "percent_covered_display": "100", "missing_lines": 0, "excluded_lines": 0}, "missing_lines": [], "excluded_lines": []}}}, "src\\backtest\\engine.py": {"executed_lines": [1, 3, 4, 6, 9, 24, 25, 26, 27, 30, 31, 32, 33, 34, 36, 37, 38, 39, 41, 42, 43, 44, 45, 46, 47, 48, 49, 51, 53, 54, 55, 56, 58, 60, 61, 62, 64, 65, 66, 75, 76, 77, 78, 79, 81, 82, 83, 86, 87, 88, 89, 90, 91, 92, 93, 94, 95, 97, 106, 113, 114, 116, 117, 124, 125, 127, 128, 129, 130, 132, 133, 134, 135, 136, 137, 138, 140, 141, 142, 143, 144, 145, 146, 155, 156, 157, 161, 162, 163, 165, 181, 183, 184, 185, 186, 187, 195, 196], "summary": {"covered_lines": 98, "num_statements": 107, "percent_covered": 91.58878504672897, "percent_covered_display": "92", "missing_lines": 9, "excluded_lines": 0}, "missing_lines": [50, 59, 148, 149, 150, 151, 152, 153, 159], "excluded_lines": [], "functions": {"BacktestEngine.__init__": {"executed_lines": [32, 33, 34], "summary": {"covered_lines": 3, "num_statements": 3, "percent_covered": 100.0, "percent_covered_display": "100", "missing_lines": 0, "excluded_lines": 0}, "missing_lines": [], "excluded_lines": []}, "BacktestEngine._fetch_ohlcv": {"executed_lines": [37, 38, 39, 41, 42, 43, 44, 45, 46, 47, 48, 49, 51, 53, 54, 55, 56, 58, 60, 61, 62], "summary": {"covered_lines": 21, "num_statements": 23, "percent_covered": 91.30434782608695, "percent_covered_display": "91", "missing_lines": 2, "excluded_lines": 0}, "missing_lines": [50, 59], "excluded_lines": []}, "BacktestEngine._calc_metrics": {"executed_lines": [65, 66, 75, 76, 77, 78, 79, 81, 82, 83, 86, 87, 88, 89, 90, 91, 92, 93, 94, 95, 97], "summary": {"covered_lines": 21, "num_statements": 21, "percent_covered": 100.0, "percent_covered_display": "100", "missing_lines": 0, "excluded_lines": 0}, "missing_lines": [], "excluded_lines": []}, "BacktestEngine.run": {"executed_lines": [113, 114, 116, 117, 124, 125, 127, 128, 129, 130, 132, 133, 134, 135, 136, 137, 138, 140, 141, 142, 143, 144, 145, 146, 155, 156, 157, 161, 162, 163, 165, 181, 183, 184, 185, 186, 187, 195, 196], "summary": {"covered_lines": 39, "num_statements": 46, "percent_covered": 84.78260869565217, "percent_covered_display": "85", "missing_lines": 7, "excluded_lines": 0}, "missing_lines": [148, 149, 150, 151, 152, 153, 159], "excluded_lines": []}, "": {"executed_lines": [1, 3, 4, 6, 9, 24, 25, 26, 27, 30, 31, 36, 64, 106], "summary": {"covered_lines": 14, "num_statements": 14, "percent_covered": 100.0, "percent_covered_display": "100", "missing_lines": 0, "excluded_lines": 0}, "missing_lines": [], "excluded_lines": []}}, "classes": {"BacktestEngine": {"executed_lines": [32, 33, 34, 37, 38, 39, 41, 42, 43, 44, 45, 46, 47, 48, 49, 51, 53, 54, 55, 56, 58, 60, 61, 62, 65, 66, 75, 76, 77, 78, 79, 81, 82, 83, 86, 87, 88, 89, 90, 91, 92, 93, 94, 95, 97, 113, 114, 116, 117, 124, 125, 127, 128, 129, 130, 132, 133, 134, 135, 136, 137, 138, 140, 141, 142, 143, 144, 145, 146, 155, 156, 157, 161, 162, 163, 165, 181, 183, 184, 185, 186, 187, 195, 196], "summary": {"covered_lines": 84, "num_statements": 93, "percent_covered": 90.3225806451613, "percent_covered_display": "90", "missing_lines": 9, "excluded_lines": 0}, "missing_lines": [50, 59, 148, 149, 150, 151, 152, 153, 159], "excluded_lines": []}, "": {"executed_lines": [1, 3, 4, 6, 9, 24, 25, 26, 27, 30, 31, 36, 64, 106], "summary": {"covered_lines": 14, "num_statements": 14, "percent_covered": 100.0, "percent_covered_display": "100", "missing_lines": 0, "excluded_lines": 0}, "missing_lines": [], "excluded_lines": []}}}, "src\\backtest\\models.py": {"executed_lines": [1, 3, 4, 7, 8, 9, 10, 11, 12, 13, 14, 15, 16, 17, 18, 19, 20, 23, 24, 25, 26, 27, 28, 29, 30, 31, 32, 33, 34, 35], "summary": {"covered_lines": 30, "num_statements": 30, "percent_covered": 100.0, "percent_covered_display": "100", "missing_lines": 0, "excluded_lines": 0}, "missing_lines": [], "excluded_lines": [], "functions": {"": {"executed_lines": [1, 3, 4, 7, 8, 9, 10, 11, 12, 13, 14, 15, 16, 17, 18, 19, 20, 23, 24, 25, 26, 27, 28, 29, 30, 31, 32, 33, 34, 35], "summary": {"covered_lines": 30, "num_statements": 30, "percent_covered": 100.0, "percent_covered_display": "100", "missing_lines": 0, "excluded_lines": 0}, "missing_lines": [], "excluded_lines": []}}, "classes": {"BacktestTrade": {"executed_lines": [], "summary": {"covered_lines": 0, "num_statements": 0, "percent_covered": 100.0, "percent_covered_display": "100", "missing_lines": 0, "excluded_lines": 0}, "missing_lines": [], "excluded_lines": []}, "BacktestResult": {"executed_lines": [], "summary": {"covered_lines": 0, "num_statements": 0, "percent_covered": 100.0, "percent_covered_display": "100", "missing_lines": 0, "excluded_lines": 0}, "missing_lines": [], "excluded_lines": []}, "": {"executed_lines": [1, 3, 4, 7, 8, 9, 10, 11, 12, 13, 14, 15, 16, 17, 18, 19, 20, 23, 24, 25, 26, 27, 28, 29, 30, 31, 32, 33, 34, 35], "summary": {"covered_lines": 30, "num_statements": 30, "percent_covered": 100.0, "percent_covered_display": "100", "missing_lines": 0, "excluded_lines": 0}, "missing_lines": [], "excluded_lines": []}}}, "src\\backtest\\runner.py": {"executed_lines": [], "summary": {"covered_lines": 0, "num_statements": 51, "percent_covered": 0.0, "percent_covered_display": "0", "missing_lines": 51, "excluded_lines": 0}, "missing_lines": [2, 4, 5, 6, 7, 8, 9, 11, 12, 13, 16, 17, 18, 19, 20, 21, 22, 23, 26, 27, 28, 29, 30, 31, 32, 34, 36, 37, 38, 39, 40, 41, 42, 43, 45, 46, 47, 48, 49, 50, 51, 54, 55, 56, 57, 58, 59, 60, 62, 65, 66], "excluded_lines": [], "functions": {"_to_dict": {"executed_lines": [], "summary": {"covered_lines": 0, "num_statements": 7, "percent_covered": 0.0, "percent_covered_display": "0", "missing_lines": 7, "excluded_lines": 0}, "missing_lines": [17, 18, 19, 20, 21, 22, 23], "excluded_lines": []}, "_run": {"executed_lines": [], "summary": {"covered_lines": 0, "num_statements": 22, "percent_covered": 0.0, "percent_covered_display": "0", "missing_lines": 22, "excluded_lines": 0}, "missing_lines": [27, 28, 29, 30, 31, 32, 34, 36, 37, 38, 39, 40, 41, 42, 43, 45, 46, 47, 48, 49, 50, 51], "excluded_lines": []}, "main": {"executed_lines": [], "summary": {"covered_lines": 0, "num_statements": 7, "percent_covered": 0.0, "percent_covered_display": "0", "missing_lines": 7, "excluded_lines": 0}, "missing_lines": [55, 56, 57, 58, 59, 60, 62], "excluded_lines": []}, "": {"executed_lines": [], "summary": {"covered_lines": 0, "num_statements": 15, "percent_covered": 0.0, "percent_covered_display": "0", "missing_lines": 15, "excluded_lines": 0}, "missing_lines": [2, 4, 5, 6, 7, 8, 9, 11, 12, 13, 16, 26, 54, 65, 66], "excluded_lines": []}}, "classes": {"": {"executed_lines": [], "summary": {"covered_lines": 0, "num_statements": 51, "percent_covered": 0.0, "percent_covered_display": "0", "missing_lines": 51, "excluded_lines": 0}, "missing_lines": [2, 4, 5, 6, 7, 8, 9, 11, 12, 13, 16, 17, 18, 19, 20, 21, 22, 23, 26, 27, 28, 29, 30, 31, 32, 34, 36, 37, 38, 39, 40, 41, 42, 43, 45, 46, 47, 48, 49, 50, 51, 54, 55, 56, 57, 58, 59, 60, 62, 65, 66], "excluded_lines": []}}}, "src\\config\\__init__.py": {"executed_lines": [0], "summary": {"covered_lines": 0, "num_statements": 0, "percent_covered": 100.0, "percent_covered_display": "100", "missing_lines": 0, "excluded_lines": 0}, "missing_lines": [], "excluded_lines": [], "functions": {"": {"executed_lines": [], "summary": {"covered_lines": 0, "num_statements": 0, "percent_covered": 100.0, "percent_covered_display": "100", "missing_lines": 0, "excluded_lines": 0}, "missing_lines": [], "excluded_lines": []}}, "classes": {"": {"executed_lines": [], "summary": {"covered_lines": 0, "num_statements": 0, "percent_covered": 100.0, "percent_covered_display": "100", "missing_lines": 0, "excluded_lines": 0}, "missing_lines": [], "excluded_lines": []}}}, "src\\config\\settings.py": {"executed_lines": [1, 3, 4, 5, 7, 8, 10, 13, 14, 15, 17, 18, 19, 21, 22, 24, 25, 26, 29, 30, 31, 32, 35, 36, 44, 45, 46, 51, 59, 60, 61, 62, 65, 68, 69, 72, 73, 76, 80, 84, 85, 88, 89, 90, 94, 98, 102, 107, 108, 109, 110, 111, 112, 114, 115, 116, 117, 118, 119, 121, 123, 124, 125, 126, 129, 130, 131, 132, 139, 140, 141, 143, 144, 145, 146, 148, 150, 151, 153, 154, 155, 159, 160, 164, 167, 168, 169], "summary": {"covered_lines": 86, "num_statements": 88, "percent_covered": 97.72727272727273, "percent_covered_display": "98", "missing_lines": 2, "excluded_lines": 0}, "missing_lines": [120, 127], "excluded_lines": [], "functions": {"SymbolConfig.from_triplet": {"executed_lines": [24, 25, 26, 29, 30, 31, 32], "summary": {"covered_lines": 7, "num_statements": 7, "percent_covered": 100.0, "percent_covered_display": "100", "missing_lines": 0, "excluded_lines": 0}, "missing_lines": [], "excluded_lines": []}, "Settings.parse_symbol_timeframes_csv": {"executed_lines": [110, 111, 112], "summary": {"covered_lines": 3, "num_statements": 3, "percent_covered": 100.0, "percent_covered_display": "100", "missing_lines": 0, "excluded_lines": 0}, "missing_lines": [], "excluded_lines": []}, "Settings.validate_log_level": {"executed_lines": [117, 118, 119, 121], "summary": {"covered_lines": 4, "num_statements": 5, "percent_covered": 80.0, "percent_covered_display": "80", "missing_lines": 1, "excluded_lines": 0}, "missing_lines": [120], "excluded_lines": []}, "Settings.apply_dashboard_testnet_alias": {"executed_lines": [126, 129, 130, 131, 132, 139, 140, 141, 143, 144, 145, 146, 148], "summary": {"covered_lines": 13, "num_statements": 14, "percent_covered": 92.85714285714286, "percent_covered_display": "93", "missing_lines": 1, "excluded_lines": 0}, "missing_lines": [127], "excluded_lines": []}, "Settings.validate_commodities_gate": {"executed_lines": [153, 154, 155, 159, 160, 164], "summary": {"covered_lines": 6, "num_statements": 6, "percent_covered": 100.0, "percent_covered_display": "100", "missing_lines": 0, "excluded_lines": 0}, "missing_lines": [], "excluded_lines": []}, "get_settings": {"executed_lines": [169], "summary": {"covered_lines": 1, "num_statements": 1, "percent_covered": 100.0, "percent_covered_display": "100", "missing_lines": 0, "excluded_lines": 0}, "missing_lines": [], "excluded_lines": []}, "": {"executed_lines": [1, 3, 4, 5, 7, 8, 10, 13, 14, 15, 17, 18, 19, 21, 22, 35, 36, 44, 45, 46, 51, 59, 60, 61, 62, 65, 68, 69, 72, 73, 76, 80, 84, 85, 88, 89, 90, 94, 98, 102, 107, 108, 109, 114, 115, 116, 123, 124, 125, 150, 151, 167, 168], "summary": {"covered_lines": 52, "num_statements": 52, "percent_covered": 100.0, "percent_covered_display": "100", "missing_lines": 0, "excluded_lines": 0}, "missing_lines": [], "excluded_lines": []}}, "classes": {"SymbolConfig": {"executed_lines": [24, 25, 26, 29, 30, 31, 32], "summary": {"covered_lines": 7, "num_statements": 7, "percent_covered": 100.0, "percent_covered_display": "100", "missing_lines": 0, "excluded_lines": 0}, "missing_lines": [], "excluded_lines": []}, "Settings": {"executed_lines": [110, 111, 112, 117, 118, 119, 121, 126, 129, 130, 131, 132, 139, 140, 141, 143, 144, 145, 146, 148, 153, 154, 155, 159, 160, 164], "summary": {"covered_lines": 26, "num_statements": 28, "percent_covered": 92.85714285714286, "percent_covered_display": "93", "missing_lines": 2, "excluded_lines": 0}, "missing_lines": [120, 127], "excluded_lines": []}, "": {"executed_lines": [1, 3, 4, 5, 7, 8, 10, 13, 14, 15, 17, 18, 19, 21, 22, 35, 36, 44, 45, 46, 51, 59, 60, 61, 62, 65, 68, 69, 72, 73, 76, 80, 84, 85, 88, 89, 90, 94, 98, 102, 107, 108, 109, 114, 115, 116, 123, 124, 125, 150, 151, 167, 168, 169], "summary": {"covered_lines": 53, "num_statements": 53, "percent_covered": 100.0, "percent_covered_display": "100", "missing_lines": 0, "excluded_lines": 0}, "missing_lines": [], "excluded_lines": []}}}, "src\\dashboard\\__init__.py": {"executed_lines": [1, 3, 4, 6], "summary": {"covered_lines": 3, "num_statements": 3, "percent_covered": 100.0, "percent_covered_display": "100", "missing_lines": 0, "excluded_lines": 0}, "missing_lines": [], "excluded_lines": [], "functions": {"": {"executed_lines": [1, 3, 4, 6], "summary": {"covered_lines": 3, "num_statements": 3, "percent_covered": 100.0, "percent_covered_display": "100", "missing_lines": 0, "excluded_lines": 0}, "missing_lines": [], "excluded_lines": []}}, "classes": {"": {"executed_lines": [1, 3, 4, 6], "summary": {"covered_lines": 3, "num_statements": 3, "percent_covered": 100.0, "percent_covered_display": "100", "missing_lines": 0, "excluded_lines": 0}, "missing_lines": [], "excluded_lines": []}}}, "src\\dashboard\\analysis.py": {"executed_lines": [1, 3, 5, 6, 8, 10, 11, 12, 15, 16, 17, 18, 19, 20, 23, 24, 25, 26, 27, 28, 29, 32, 33, 34, 35, 38, 40, 41, 42, 44, 45, 51, 63, 65, 66, 74, 75, 76, 83, 84, 85, 88, 89, 90, 91, 92, 93, 94, 96, 97, 98, 99, 100, 103, 104, 105, 106, 108, 109, 110, 111, 112, 113, 114, 115, 119, 122, 125, 127, 128, 129, 130, 131, 134, 141, 147, 148, 149, 156, 162, 176, 177, 178, 179, 180, 181, 193, 194, 207, 208, 209, 210, 222, 223, 236, 249, 252, 256, 257, 258, 259, 260, 261, 262, 263, 265, 266, 268, 269], "summary": {"covered_lines": 108, "num_statements": 114, "percent_covered": 94.73684210526316, "percent_covered_display": "95", "missing_lines": 6, "excluded_lines": 0}, "missing_lines": [116, 117, 126, 142, 163, 237], "excluded_lines": [], "functions": {"build_market_analysis": {"executed_lines": [40, 41, 42, 44, 45, 51, 63, 65, 66, 74, 75, 76, 83, 84, 85], "summary": {"covered_lines": 15, "num_statements": 15, "percent_covered": 100.0, "percent_covered_display": "100", "missing_lines": 0, "excluded_lines": 0}, "missing_lines": [], "excluded_lines": []}, "_compute_exposure_by_side": {"executed_lines": [89, 90, 91, 92, 93, 94, 96, 97, 98, 99, 100], "summary": {"covered_lines": 11, "num_statements": 11, "percent_covered": 100.0, "percent_covered_display": "100", "missing_lines": 0, "excluded_lines": 0}, "missing_lines": [], "excluded_lines": []}, "_extract_position_exposure": {"executed_lines": [104, 105, 106, 108, 109, 110, 111, 112, 113, 114, 115, 119], "summary": {"covered_lines": 12, "num_statements": 14, "percent_covered": 85.71428571428571, "percent_covered_display": "86", "missing_lines": 2, "excluded_lines": 0}, "missing_lines": [116, 117], "excluded_lines": []}, "_resolve_confidence": {"executed_lines": [125, 127, 128, 129, 130, 131], "summary": {"covered_lines": 6, "num_statements": 7, "percent_covered": 85.71428571428571, "percent_covered_display": "86", "missing_lines": 1, "excluded_lines": 0}, "missing_lines": [126], "excluded_lines": []}, "_build_bias_reason": {"executed_lines": [141, 147, 148, 149], "summary": {"covered_lines": 4, "num_statements": 5, "percent_covered": 80.0, "percent_covered_display": "80", "missing_lines": 1, "excluded_lines": 0}, "missing_lines": [142], "excluded_lines": []}, "_build_opportunities": {"executed_lines": [162, 176, 177, 178, 179, 180, 181, 193, 194, 207, 208, 209, 210, 222, 223, 236, 249], "summary": {"covered_lines": 17, "num_statements": 19, "percent_covered": 89.47368421052632, "percent_covered_display": "89", "missing_lines": 2, "excluded_lines": 0}, "missing_lines": [163, 237], "excluded_lines": []}, "_top_position_by_exposure": {"executed_lines": [256, 257, 258, 259, 260, 261, 262, 263, 265, 266, 268, 269], "summary": {"covered_lines": 12, "num_statements": 12, "percent_covered": 100.0, "percent_covered_display": "100", "missing_lines": 0, "excluded_lines": 0}, "missing_lines": [], "excluded_lines": []}, "": {"executed_lines": [1, 3, 5, 6, 8, 10, 11, 12, 15, 16, 17, 18, 19, 20, 23, 24, 25, 26, 27, 28, 29, 32, 33, 34, 35, 38, 88, 103, 122, 134, 156, 252], "summary": {"covered_lines": 31, "num_statements": 31, "percent_covered": 100.0, "percent_covered_display": "100", "missing_lines": 0, "excluded_lines": 0}, "missing_lines": [], "excluded_lines": []}}, "classes": {"MarketBias": {"executed_lines": [], "summary": {"covered_lines": 0, "num_statements": 0, "percent_covered": 100.0, "percent_covered_display": "100", "missing_lines": 0, "excluded_lines": 0}, "missing_lines": [], "excluded_lines": []}, "TradeOpportunity": {"executed_lines": [], "summary": {"covered_lines": 0, "num_statements": 0, "percent_covered": 100.0, "percent_covered_display": "100", "missing_lines": 0, "excluded_lines": 0}, "missing_lines": [], "excluded_lines": []}, "MarketAnalysis": {"executed_lines": [], "summary": {"covered_lines": 0, "num_statements": 0, "percent_covered": 100.0, "percent_covered_display": "100", "missing_lines": 0, "excluded_lines": 0}, "missing_lines": [], "excluded_lines": []}, "": {"executed_lines": [1, 3, 5, 6, 8, 10, 11, 12, 15, 16, 17, 18, 19, 20, 23, 24, 25, 26, 27, 28, 29, 32, 33, 34, 35, 38, 40, 41, 42, 44, 45, 51, 63, 65, 66, 74, 75, 76, 83, 84, 85, 88, 89, 90, 91, 92, 93, 94, 96, 97, 98, 99, 100, 103, 104, 105, 106, 108, 109, 110, 111, 112, 113, 114, 115, 119, 122, 125, 127, 128, 129, 130, 131, 134, 141, 147, 148, 149, 156, 162, 176, 177, 178, 179, 180, 181, 193, 194, 207, 208, 209, 210, 222, 223, 236, 249, 252, 256, 257, 258, 259, 260, 261, 262, 263, 265, 266, 268, 269], "summary": {"covered_lines": 108, "num_statements": 114, "percent_covered": 94.73684210526316, "percent_covered_display": "95", "missing_lines": 6, "excluded_lines": 0}, "missing_lines": [116, 117, 126, 142, 163, 237], "excluded_lines": []}}}, "src\\dashboard\\cache.py": {"executed_lines": [1, 3, 5, 6, 7, 8, 10, 12, 13, 15, 17, 18, 21, 22, 24, 25, 27, 29, 34, 36, 37, 38, 40, 41, 44, 46, 47, 53, 54, 59, 60, 66, 67, 68, 70, 71, 72, 89, 90, 91, 94, 95, 96, 97, 102], "summary": {"covered_lines": 43, "num_statements": 46, "percent_covered": 93.47826086956522, "percent_covered_display": "93", "missing_lines": 3, "excluded_lines": 0}, "missing_lines": [42, 92, 99], "excluded_lines": [], "functions": {"DashboardCache.__init__": {"executed_lines": [25], "summary": {"covered_lines": 1, "num_statements": 1, "percent_covered": 100.0, "percent_covered_display": "100", "missing_lines": 0, "excluded_lines": 0}, "missing_lines": [], "excluded_lines": []}, "DashboardCache.save_snapshot": {"executed_lines": [29], "summary": {"covered_lines": 1, "num_statements": 1, "percent_covered": 100.0, "percent_covered_display": "100", "missing_lines": 0, "excluded_lines": 0}, "missing_lines": [], "excluded_lines": []}, "DashboardCache.load_snapshot": {"executed_lines": [36, 37, 38, 40, 41, 44], "summary": {"covered_lines": 6, "num_statements": 7, "percent_covered": 85.71428571428571, "percent_covered_display": "86", "missing_lines": 1, "excluded_lines": 0}, "missing_lines": [42], "excluded_lines": []}, "DashboardCache._persist_snapshot": {"executed_lines": [47, 53, 54, 59, 60], "summary": {"covered_lines": 5, "num_statements": 5, "percent_covered": 100.0, "percent_covered_display": "100", "missing_lines": 0, "excluded_lines": 0}, "missing_lines": [], "excluded_lines": []}, "DashboardCache._serialize_position": {"executed_lines": [68], "summary": {"covered_lines": 1, "num_statements": 1, "percent_covered": 100.0, "percent_covered_display": "100", "missing_lines": 0, "excluded_lines": 0}, "missing_lines": [], "excluded_lines": []}, "DashboardCache._deserialize_position": {"executed_lines": [72], "summary": {"covered_lines": 1, "num_statements": 1, "percent_covered": 100.0, "percent_covered_display": "100", "missing_lines": 0, "excluded_lines": 0}, "missing_lines": [], "excluded_lines": []}, "DashboardCache._normalize_datetime": {"executed_lines": [91, 94, 95, 96, 97], "summary": {"covered_lines": 5, "num_statements": 7, "percent_covered": 71.42857142857143, "percent_covered_display": "71", "missing_lines": 2, "excluded_lines": 0}, "missing_lines": [92, 99], "excluded_lines": []}, "": {"executed_lines": [1, 3, 5, 6, 7, 8, 10, 12, 13, 15, 17, 18, 21, 22, 24, 27, 34, 46, 66, 67, 70, 71, 89, 90, 102], "summary": {"covered_lines": 23, "num_statements": 23, "percent_covered": 100.0, "percent_covered_display": "100", "missing_lines": 0, "excluded_lines": 0}, "missing_lines": [], "excluded_lines": []}}, "classes": {"DashboardCache": {"executed_lines": [25, 29, 36, 37, 38, 40, 41, 44, 47, 53, 54, 59, 60, 68, 72, 91, 94, 95, 96, 97], "summary": {"covered_lines": 20, "num_statements": 23, "percent_covered": 86.95652173913044, "percent_covered_display": "87", "missing_lines": 3, "excluded_lines": 0}, "missing_lines": [42, 92, 99], "excluded_lines": []}, "": {"executed_lines": [1, 3, 5, 6, 7, 8, 10, 12, 13, 15, 17, 18, 21, 22, 24, 27, 34, 46, 66, 67, 70, 71, 89, 90, 102], "summary": {"covered_lines": 23, "num_statements": 23, "percent_covered": 100.0, "percent_covered_display": "100", "missing_lines": 0, "excluded_lines": 0}, "missing_lines": [], "excluded_lines": []}}}, "src\\dashboard\\client.py": {"executed_lines": [1, 9, 11, 12, 13, 14, 16, 18, 19, 21, 24, 25, 28, 29, 30, 31, 34, 35, 37, 38, 39, 42, 43, 49, 50, 60, 61, 62, 63, 64, 68, 70, 77, 78, 80, 81, 82, 83, 84, 85, 86, 88, 96, 126, 144, 152, 153, 154, 159, 166, 167, 173, 174, 182, 183, 185, 186, 188, 189, 191, 192, 198, 199, 202, 203, 209, 210, 211, 213, 228, 238, 241, 242, 243, 244, 245, 246, 249, 250, 251, 253, 254, 256, 257, 258, 263, 271, 272, 273, 274, 276, 278, 279, 280, 283, 284, 285, 286, 287, 288, 309, 320, 323, 326, 330, 341, 343, 344, 345, 349, 350, 352, 353, 361, 369, 371, 372, 374, 375, 379, 380, 382, 383, 384, 387, 388, 389, 394, 396, 398, 402], "summary": {"covered_lines": 127, "num_statements": 219, "percent_covered": 57.990867579908674, "percent_covered_display": "58", "missing_lines": 92, "excluded_lines": 0}, "missing_lines": [90, 91, 92, 98, 99, 100, 101, 106, 111, 112, 113, 114, 118, 119, 124, 127, 128, 130, 131, 132, 133, 138, 142, 145, 146, 147, 148, 155, 156, 157, 160, 164, 168, 171, 175, 176, 180, 200, 204, 205, 206, 207, 214, 215, 216, 217, 221, 222, 223, 224, 230, 231, 232, 233, 234, 235, 236, 247, 259, 260, 261, 275, 281, 289, 290, 294, 295, 296, 297, 300, 302, 303, 304, 305, 307, 310, 311, 312, 314, 315, 316, 318, 321, 324, 328, 373, 385, 390, 391, 392, 400, 404], "excluded_lines": [], "functions": {"DashboardAuthError.__init__": {"executed_lines": [38, 39], "summary": {"covered_lines": 2, "num_statements": 2, "percent_covered": 100.0, "percent_covered_display": "100", "missing_lines": 0, "excluded_lines": 0}, "missing_lines": [], "excluded_lines": []}, "DashboardClient.__init__": {"executed_lines": [50, 60, 61, 62, 63, 64], "summary": {"covered_lines": 6, "num_statements": 6, "percent_covered": 100.0, "percent_covered_display": "100", "missing_lines": 0, "excluded_lines": 0}, "missing_lines": [], "excluded_lines": []}, "DashboardClient.connect": {"executed_lines": [70, 77, 78, 80, 81, 82, 83, 84, 85, 86], "summary": {"covered_lines": 10, "num_statements": 10, "percent_covered": 100.0, "percent_covered_display": "100", "missing_lines": 0, "excluded_lines": 0}, "missing_lines": [], "excluded_lines": []}, "DashboardClient.close": {"executed_lines": [], "summary": {"covered_lines": 0, "num_statements": 3, "percent_covered": 0.0, "percent_covered_display": "0", "missing_lines": 3, "excluded_lines": 0}, "missing_lines": [90, 91, 92], "excluded_lines": []}, "DashboardClient._fetch_api_restrictions": {"executed_lines": [], "summary": {"covered_lines": 0, "num_statements": 12, "percent_covered": 0.0, "percent_covered_display": "0", "missing_lines": 12, "excluded_lines": 0}, "missing_lines": [98, 99, 100, 101, 106, 111, 112, 113, 114, 118, 119, 124], "excluded_lines": []}, "DashboardClient._get_um_futures_client": {"executed_lines": [], "summary": {"covered_lines": 0, "num_statements": 8, "percent_covered": 0.0, "percent_covered_display": "0", "missing_lines": 8, "excluded_lines": 0}, "missing_lines": [127, 128, 130, 131, 132, 133, 138, 142], "excluded_lines": []}, "DashboardClient._sync_exchange_clock": {"executed_lines": [], "summary": {"covered_lines": 0, "num_statements": 4, "percent_covered": 0.0, "percent_covered_display": "0", "missing_lines": 4, "excluded_lines": 0}, "missing_lines": [145, 146, 147, 148], "excluded_lines": []}, "DashboardClient._sync_sdk_clock": {"executed_lines": [153, 154, 159, 166, 167, 173, 174, 182, 183, 185, 186, 188, 191, 192], "summary": {"covered_lines": 14, "num_statements": 24, "percent_covered": 58.333333333333336, "percent_covered_display": "58", "missing_lines": 10, "excluded_lines": 0}, "missing_lines": [155, 156, 157, 160, 164, 168, 171, 175, 176, 180], "excluded_lines": []}, "DashboardClient._sync_sdk_clock._adjusted_get_timestamp": {"executed_lines": [189], "summary": {"covered_lines": 1, "num_statements": 1, "percent_covered": 100.0, "percent_covered_display": "100", "missing_lines": 0, "excluded_lines": 0}, "missing_lines": [], "excluded_lines": []}, "DashboardClient._restore_sdk_timestamp": {"executed_lines": [199, 202, 203, 209, 210, 211], "summary": {"covered_lines": 6, "num_statements": 11, "percent_covered": 54.54545454545455, "percent_covered_display": "55", "missing_lines": 5, "excluded_lines": 0}, "missing_lines": [200, 204, 205, 206, 207], "excluded_lines": []}, "DashboardClient._call_um_futures": {"executed_lines": [], "summary": {"covered_lines": 0, "num_statements": 8, "percent_covered": 0.0, "percent_covered_display": "0", "missing_lines": 8, "excluded_lines": 0}, "missing_lines": [214, 215, 216, 217, 221, 222, 223, 224], "excluded_lines": []}, "DashboardClient._validate_futures_access": {"executed_lines": [], "summary": {"covered_lines": 0, "num_statements": 7, "percent_covered": 0.0, "percent_covered_display": "0", "missing_lines": 7, "excluded_lines": 0}, "missing_lines": [230, 231, 232, 233, 234, 235, 236], "excluded_lines": []}, "DashboardClient._classify_auth_issue": {"executed_lines": [241, 242, 243, 244, 245, 246, 249, 250, 251, 253, 254, 256, 257, 258, 263], "summary": {"covered_lines": 15, "num_statements": 19, "percent_covered": 78.94736842105263, "percent_covered_display": "79", "missing_lines": 4, "excluded_lines": 0}, "missing_lines": [247, 259, 260, 261], "excluded_lines": []}, "DashboardClient._masked_key_prefix": {"executed_lines": [273, 274, 276], "summary": {"covered_lines": 3, "num_statements": 4, "percent_covered": 75.0, "percent_covered_display": "75", "missing_lines": 1, "excluded_lines": 0}, "missing_lines": [275], "excluded_lines": []}, "DashboardClient.fetch_position_risk": {"executed_lines": [279, 280, 283, 284, 285, 286, 287, 288], "summary": {"covered_lines": 8, "num_statements": 21, "percent_covered": 38.095238095238095, "percent_covered_display": "38", "missing_lines": 13, "excluded_lines": 0}, "missing_lines": [281, 289, 290, 294, 295, 296, 297, 300, 302, 303, 304, 305, 307], "excluded_lines": []}, "DashboardClient.create_listen_key": {"executed_lines": [], "summary": {"covered_lines": 0, "num_statements": 7, "percent_covered": 0.0, "percent_covered_display": "0", "missing_lines": 7, "excluded_lines": 0}, "missing_lines": [310, 311, 312, 314, 315, 316, 318], "excluded_lines": []}, "DashboardClient.renew_listen_key": {"executed_lines": [], "summary": {"covered_lines": 0, "num_statements": 1, "percent_covered": 0.0, "percent_covered_display": "0", "missing_lines": 1, "excluded_lines": 0}, "missing_lines": [321], "excluded_lines": []}, "DashboardClient.delete_listen_key": {"executed_lines": [], "summary": {"covered_lines": 0, "num_statements": 1, "percent_covered": 0.0, "percent_covered_display": "0", "missing_lines": 1, "excluded_lines": 0}, "missing_lines": [324], "excluded_lines": []}, "DashboardClient.get_last_response_headers": {"executed_lines": [], "summary": {"covered_lines": 0, "num_statements": 1, "percent_covered": 0.0, "percent_covered_display": "0", "missing_lines": 1, "excluded_lines": 0}, "missing_lines": [328], "excluded_lines": []}, "DashboardClient._validate_readonly_permissions": {"executed_lines": [341, 343, 344, 345, 349, 350, 352, 353, 361], "summary": {"covered_lines": 9, "num_statements": 9, "percent_covered": 100.0, "percent_covered_display": "100", "missing_lines": 0, "excluded_lines": 0}, "missing_lines": [], "excluded_lines": []}, "DashboardClient.fetch_open_positions": {"executed_lines": [371, 372, 374, 375, 379, 380, 382, 383, 384, 387, 388, 389, 394, 396], "summary": {"covered_lines": 14, "num_statements": 19, "percent_covered": 73.6842105263158, "percent_covered_display": "74", "missing_lines": 5, "excluded_lines": 0}, "missing_lines": [373, 385, 390, 391, 392], "excluded_lines": []}, "DashboardClient.fetch_ticker": {"executed_lines": [], "summary": {"covered_lines": 0, "num_statements": 1, "percent_covered": 0.0, "percent_covered_display": "0", "missing_lines": 1, "excluded_lines": 0}, "missing_lines": [400], "excluded_lines": []}, "DashboardClient.fetch_balance": {"executed_lines": [], "summary": {"covered_lines": 0, "num_statements": 1, "percent_covered": 0.0, "percent_covered_display": "0", "missing_lines": 1, "excluded_lines": 0}, "missing_lines": [404], "excluded_lines": []}, "": {"executed_lines": [1, 9, 11, 12, 13, 14, 16, 18, 19, 21, 24, 25, 28, 29, 30, 31, 34, 35, 37, 42, 43, 49, 68, 88, 96, 126, 144, 152, 198, 213, 228, 238, 271, 272, 278, 309, 320, 323, 326, 330, 369, 398, 402], "summary": {"covered_lines": 39, "num_statements": 39, "percent_covered": 100.0, "percent_covered_display": "100", "missing_lines": 0, "excluded_lines": 0}, "missing_lines": [], "excluded_lines": []}}, "classes": {"DashboardClientError": {"executed_lines": [], "summary": {"covered_lines": 0, "num_statements": 0, "percent_covered": 100.0, "percent_covered_display": "100", "missing_lines": 0, "excluded_lines": 0}, "missing_lines": [], "excluded_lines": []}, "DashboardAuthIssue": {"executed_lines": [], "summary": {"covered_lines": 0, "num_statements": 0, "percent_covered": 100.0, "percent_covered_display": "100", "missing_lines": 0, "excluded_lines": 0}, "missing_lines": [], "excluded_lines": []}, "DashboardAuthError": {"executed_lines": [38, 39], "summary": {"covered_lines": 2, "num_statements": 2, "percent_covered": 100.0, "percent_covered_display": "100", "missing_lines": 0, "excluded_lines": 0}, "missing_lines": [], "excluded_lines": []}, "DashboardClient": {"executed_lines": [50, 60, 61, 62, 63, 64, 70, 77, 78, 80, 81, 82, 83, 84, 85, 86, 153, 154, 159, 166, 167, 173, 174, 182, 183, 185, 186, 188, 189, 191, 192, 199, 202, 203, 209, 210, 211, 241, 242, 243, 244, 245, 246, 249, 250, 251, 253, 254, 256, 257, 258, 263, 273, 274, 276, 279, 280, 283, 284, 285, 286, 287, 288, 341, 343, 344, 345, 349, 350, 352, 353, 361, 371, 372, 374, 375, 379, 380, 382, 383, 384, 387, 388, 389, 394, 396], "summary": {"covered_lines": 86, "num_statements": 178, "percent_covered": 48.31460674157304, "percent_covered_display": "48", "missing_lines": 92, "excluded_lines": 0}, "missing_lines": [90, 91, 92, 98, 99, 100, 101, 106, 111, 112, 113, 114, 118, 119, 124, 127, 128, 130, 131, 132, 133, 138, 142, 145, 146, 147, 148, 155, 156, 157, 160, 164, 168, 171, 175, 176, 180, 200, 204, 205, 206, 207, 214, 215, 216, 217, 221, 222, 223, 224, 230, 231, 232, 233, 234, 235, 236, 247, 259, 260, 261, 275, 281, 289, 290, 294, 295, 296, 297, 300, 302, 303, 304, 305, 307, 310, 311, 312, 314, 315, 316, 318, 321, 324, 328, 373, 385, 390, 391, 392, 400, 404], "excluded_lines": []}, "": {"executed_lines": [1, 9, 11, 12, 13, 14, 16, 18, 19, 21, 24, 25, 28, 29, 30, 31, 34, 35, 37, 42, 43, 49, 68, 88, 96, 126, 144, 152, 198, 213, 228, 238, 271, 272, 278, 309, 320, 323, 326, 330, 369, 398, 402], "summary": {"covered_lines": 39, "num_statements": 39, "percent_covered": 100.0, "percent_covered_display": "100", "missing_lines": 0, "excluded_lines": 0}, "missing_lines": [], "excluded_lines": []}}}, "src\\dashboard\\models.py": {"executed_lines": [1, 3, 5, 6, 7, 9, 11, 14, 16, 17, 19, 22, 25, 26, 27, 29, 30, 31, 32, 33, 34, 35, 36, 37, 38, 40, 41, 47, 48, 50, 51, 52, 54, 55, 57, 58, 59, 60, 63, 64, 65, 67, 68, 69, 70, 71, 73, 74, 77, 84, 88, 89, 91, 92, 93, 94, 95, 96, 97, 98, 102, 103, 104, 105, 110, 119], "summary": {"covered_lines": 63, "num_statements": 67, "percent_covered": 94.02985074626865, "percent_covered_display": "94", "missing_lines": 4, "excluded_lines": 0}, "missing_lines": [20, 75, 99, 100], "excluded_lines": [], "functions": {"_validate_utc_datetime": {"executed_lines": [16, 17, 19, 22], "summary": {"covered_lines": 4, "num_statements": 5, "percent_covered": 80.0, "percent_covered_display": "80", "missing_lines": 1, "excluded_lines": 0}, "missing_lines": [20], "excluded_lines": []}, "PositionView.__post_init__": {"executed_lines": [41], "summary": {"covered_lines": 1, "num_statements": 1, "percent_covered": 100.0, "percent_covered_display": "100", "missing_lines": 0, "excluded_lines": 0}, "missing_lines": [], "excluded_lines": []}, "PositionView.position_size_usdt": {"executed_lines": [50, 51, 52], "summary": {"covered_lines": 3, "num_statements": 3, "percent_covered": 100.0, "percent_covered_display": "100", "missing_lines": 0, "excluded_lines": 0}, "missing_lines": [], "excluded_lines": []}, "PositionView.roi_adjusted_pct": {"executed_lines": [57, 58, 59, 60], "summary": {"covered_lines": 4, "num_statements": 4, "percent_covered": 100.0, "percent_covered_display": "100", "missing_lines": 0, "excluded_lines": 0}, "missing_lines": [], "excluded_lines": []}, "AccountSummary.__post_init__": {"executed_lines": [74, 77], "summary": {"covered_lines": 2, "num_statements": 3, "percent_covered": 66.66666666666667, "percent_covered_display": "67", "missing_lines": 1, "excluded_lines": 0}, "missing_lines": [75], "excluded_lines": []}, "build_account_summary": {"executed_lines": [88, 89, 91, 102, 103, 104, 105, 110], "summary": {"covered_lines": 8, "num_statements": 8, "percent_covered": 100.0, "percent_covered_display": "100", "missing_lines": 0, "excluded_lines": 0}, "missing_lines": [], "excluded_lines": []}, "build_account_summary._extract_position_size": {"executed_lines": [92, 93, 94, 95, 96, 97, 98], "summary": {"covered_lines": 7, "num_statements": 9, "percent_covered": 77.77777777777777, "percent_covered_display": "78", "missing_lines": 2, "excluded_lines": 0}, "missing_lines": [99, 100], "excluded_lines": []}, "": {"executed_lines": [1, 3, 5, 6, 7, 9, 11, 14, 25, 26, 27, 29, 30, 31, 32, 33, 34, 35, 36, 37, 38, 40, 47, 48, 54, 55, 63, 64, 65, 67, 68, 69, 70, 71, 73, 84, 119], "summary": {"covered_lines": 34, "num_statements": 34, "percent_covered": 100.0, "percent_covered_display": "100", "missing_lines": 0, "excluded_lines": 0}, "missing_lines": [], "excluded_lines": []}}, "classes": {"PositionView": {"executed_lines": [41, 50, 51, 52, 57, 58, 59, 60], "summary": {"covered_lines": 8, "num_statements": 8, "percent_covered": 100.0, "percent_covered_display": "100", "missing_lines": 0, "excluded_lines": 0}, "missing_lines": [], "excluded_lines": []}, "AccountSummary": {"executed_lines": [74, 77], "summary": {"covered_lines": 2, "num_statements": 3, "percent_covered": 66.66666666666667, "percent_covered_display": "67", "missing_lines": 1, "excluded_lines": 0}, "missing_lines": [75], "excluded_lines": []}, "": {"executed_lines": [1, 3, 5, 6, 7, 9, 11, 14, 16, 17, 19, 22, 25, 26, 27, 29, 30, 31, 32, 33, 34, 35, 36, 37, 38, 40, 47, 48, 54, 55, 63, 64, 65, 67, 68, 69, 70, 71, 73, 84, 88, 89, 91, 92, 93, 94, 95, 96, 97, 98, 102, 103, 104, 105, 110, 119], "summary": {"covered_lines": 53, "num_statements": 56, "percent_covered": 94.64285714285714, "percent_covered_display": "95", "missing_lines": 3, "excluded_lines": 0}, "missing_lines": [20, 99, 100], "excluded_lines": []}}}, "src\\dashboard\\stream.py": {"executed_lines": [1, 3, 5, 6, 7, 8, 9, 10, 11, 13, 14, 16, 17, 18, 19, 21, 23, 24, 25, 26, 27, 28, 29, 30, 31, 33, 34, 37, 43, 44, 46, 56, 57, 58, 59, 60, 61, 63, 64, 65, 66, 67, 68, 69, 70, 72, 73, 74, 75, 76, 77, 78, 80, 82, 85, 87, 88, 89, 90, 91, 95, 96, 97, 98, 99, 100, 106, 107, 108, 109, 110, 113, 114, 115, 117, 121, 125, 129, 130, 131, 132, 137, 139, 141, 142, 143, 145, 150, 151, 153, 154, 155, 157, 158, 159, 161, 162, 164, 165, 166, 168, 170, 172, 174, 176, 177, 179, 180, 182, 183, 184, 185, 186, 187, 190, 191, 194, 195, 196, 200, 202, 203, 204, 205, 206, 208, 210, 211, 212, 213, 215, 216, 218, 219, 222, 223, 224, 226, 227, 228, 229, 236, 237, 242, 243, 246, 247, 248, 249, 251, 252, 253, 254, 256, 257, 258, 261, 262, 266, 267, 268, 270, 271, 275, 277, 280, 294, 296, 301, 302, 311, 312, 317, 319, 320, 321, 322, 323, 325, 326, 331, 332, 336, 337, 338, 339, 340, 345, 346, 347, 348, 349, 350, 352, 353, 354, 356, 357, 363, 364, 365, 367, 368, 369, 371, 372, 373, 375, 376, 377, 379, 381, 382, 384, 385, 386, 395, 396, 397, 408, 409, 410, 412, 414, 416, 417, 418, 434, 435, 437, 451, 494, 503, 508, 509, 512, 513, 514, 515, 516, 517, 518, 527, 528, 529, 530, 540, 542, 555, 561, 565, 566, 574, 575, 579, 582, 583, 584, 586, 587, 588, 589, 590, 592, 593, 594, 595, 596, 597, 600, 603, 604, 607, 609, 610, 612, 613, 614, 616, 617, 618, 619, 620, 622, 623, 624, 626, 628, 629, 630, 631, 633, 634, 635, 636, 637, 641], "summary": {"covered_lines": 295, "num_statements": 382, "percent_covered": 77.22513089005236, "percent_covered_display": "77", "missing_lines": 87, "excluded_lines": 0}, "missing_lines": [39, 40, 83, 188, 192, 207, 220, 231, 232, 234, 235, 238, 239, 240, 244, 259, 263, 264, 278, 303, 304, 309, 313, 314, 315, 324, 327, 358, 359, 387, 388, 389, 399, 400, 401, 402, 403, 404, 420, 421, 423, 424, 425, 427, 428, 429, 431, 432, 433, 439, 440, 442, 443, 444, 449, 453, 455, 456, 460, 461, 462, 466, 467, 469, 470, 477, 479, 480, 481, 482, 487, 488, 496, 498, 499, 500, 501, 510, 568, 569, 570, 572, 580, 598, 601, 625, 638], "excluded_lines": [], "functions": {"_default_session_factory": {"executed_lines": [], "summary": {"covered_lines": 0, "num_statements": 2, "percent_covered": 0.0, "percent_covered_display": "0", "missing_lines": 2, "excluded_lines": 0}, "missing_lines": [39, 40], "excluded_lines": []}, "PositionStream.__init__": {"executed_lines": [56, 57, 58, 59, 60, 61, 63, 64, 65, 66, 67, 68, 69, 70, 72, 73, 74, 75, 76, 77, 78], "summary": {"covered_lines": 21, "num_statements": 21, "percent_covered": 100.0, "percent_covered_display": "100", "missing_lines": 0, "excluded_lines": 0}, "missing_lines": [], "excluded_lines": []}, "PositionStream.start": {"executed_lines": [82, 85, 87, 88, 89, 90, 91, 95, 96, 97, 98, 99, 100, 106, 107, 108, 109, 110, 113, 114, 115, 117, 121, 125, 129, 130, 131, 132, 137], "summary": {"covered_lines": 29, "num_statements": 30, "percent_covered": 96.66666666666667, "percent_covered_display": "97", "missing_lines": 1, "excluded_lines": 0}, "missing_lines": [83], "excluded_lines": []}, "PositionStream.stop": {"executed_lines": [141, 142, 143, 145, 150, 151, 153, 154, 155, 157, 158, 159, 161, 162, 164, 165, 166], "summary": {"covered_lines": 17, "num_statements": 17, "percent_covered": 100.0, "percent_covered_display": "100", "missing_lines": 0, "excluded_lines": 0}, "missing_lines": [], "excluded_lines": []}, "PositionStream.get_positions": {"executed_lines": [170], "summary": {"covered_lines": 1, "num_statements": 1, "percent_covered": 100.0, "percent_covered_display": "100", "missing_lines": 0, "excluded_lines": 0}, "missing_lines": [], "excluded_lines": []}, "PositionStream.get_status": {"executed_lines": [174], "summary": {"covered_lines": 1, "num_statements": 1, "percent_covered": 100.0, "percent_covered_display": "100", "missing_lines": 0, "excluded_lines": 0}, "missing_lines": [], "excluded_lines": []}, "PositionStream.has_non_recoverable_auth_failure": {"executed_lines": [177], "summary": {"covered_lines": 1, "num_statements": 1, "percent_covered": 100.0, "percent_covered_display": "100", "missing_lines": 0, "excluded_lines": 0}, "missing_lines": [], "excluded_lines": []}, "PositionStream.get_non_recoverable_auth_reason": {"executed_lines": [180], "summary": {"covered_lines": 1, "num_statements": 1, "percent_covered": 100.0, "percent_covered_display": "100", "missing_lines": 0, "excluded_lines": 0}, "missing_lines": [], "excluded_lines": []}, "PositionStream._load_initial_snapshot": {"executed_lines": [183, 184, 185, 186, 187, 190, 191, 194, 195, 196, 200, 202, 203, 204, 205, 206, 208, 210, 211, 212, 213], "summary": {"covered_lines": 21, "num_statements": 24, "percent_covered": 87.5, "percent_covered_display": "88", "missing_lines": 3, "excluded_lines": 0}, "missing_lines": [188, 192, 207], "excluded_lines": []}, "PositionStream._create_listen_key": {"executed_lines": [216], "summary": {"covered_lines": 1, "num_statements": 1, "percent_covered": 100.0, "percent_covered_display": "100", "missing_lines": 0, "excluded_lines": 0}, "missing_lines": [], "excluded_lines": []}, "PositionStream._consume_stream": {"executed_lines": [219, 222, 223, 224, 226, 227, 228, 229, 236, 237], "summary": {"covered_lines": 10, "num_statements": 18, "percent_covered": 55.55555555555556, "percent_covered_display": "56", "missing_lines": 8, "excluded_lines": 0}, "missing_lines": [220, 231, 232, 234, 235, 238, 239, 240], "excluded_lines": []}, "PositionStream._handle_stream_payload": {"executed_lines": [243, 246, 247, 248, 249], "summary": {"covered_lines": 5, "num_statements": 6, "percent_covered": 83.33333333333333, "percent_covered_display": "83", "missing_lines": 1, "excluded_lines": 0}, "missing_lines": [244], "excluded_lines": []}, "PositionStream._apply_account_update": {"executed_lines": [252, 253, 254, 256, 257, 258, 261, 262, 266, 267, 268, 270, 271, 275, 277, 280, 294], "summary": {"covered_lines": 17, "num_statements": 21, "percent_covered": 80.95238095238095, "percent_covered_display": "81", "missing_lines": 4, "excluded_lines": 0}, "missing_lines": [259, 263, 264, 278], "excluded_lines": []}, "PositionStream._fetch_position_snapshot": {"executed_lines": [301, 302, 311, 312, 317], "summary": {"covered_lines": 5, "num_statements": 11, "percent_covered": 45.45454545454545, "percent_covered_display": "45", "missing_lines": 6, "excluded_lines": 0}, "missing_lines": [303, 304, 309, 313, 314, 315], "excluded_lines": []}, "PositionStream._keepalive_listen_key": {"executed_lines": [320, 321, 322, 323, 325, 326, 331, 332, 336, 337, 338, 339, 340, 345, 346, 347, 348, 349, 350], "summary": {"covered_lines": 19, "num_statements": 21, "percent_covered": 90.47619047619048, "percent_covered_display": "90", "missing_lines": 2, "excluded_lines": 0}, "missing_lines": [324, 327], "excluded_lines": []}, "PositionStream._delete_listen_key": {"executed_lines": [353, 354, 356, 357], "summary": {"covered_lines": 4, "num_statements": 6, "percent_covered": 66.66666666666667, "percent_covered_display": "67", "missing_lines": 2, "excluded_lines": 0}, "missing_lines": [358, 359], "excluded_lines": []}, "PositionStream._close_session": {"executed_lines": [364, 365, 367, 368, 369], "summary": {"covered_lines": 5, "num_statements": 5, "percent_covered": 100.0, "percent_covered_display": "100", "missing_lines": 0, "excluded_lines": 0}, "missing_lines": [], "excluded_lines": []}, "PositionStream._set_status": {"executed_lines": [372, 373, 375, 376, 377, 379, 381, 382, 384, 385, 386], "summary": {"covered_lines": 11, "num_statements": 14, "percent_covered": 78.57142857142857, "percent_covered_display": "79", "missing_lines": 3, "excluded_lines": 0}, "missing_lines": [387, 388, 389], "excluded_lines": []}, "PositionStream._notify_update": {"executed_lines": [396, 397], "summary": {"covered_lines": 2, "num_statements": 8, "percent_covered": 25.0, "percent_covered_display": "25", "missing_lines": 6, "excluded_lines": 0}, "missing_lines": [399, 400, 401, 402, 403, 404], "excluded_lines": []}, "PositionStream._save_current_snapshot": {"executed_lines": [409, 410, 412], "summary": {"covered_lines": 3, "num_statements": 3, "percent_covered": 100.0, "percent_covered_display": "100", "missing_lines": 0, "excluded_lines": 0}, "missing_lines": [], "excluded_lines": []}, "PositionStream._health_check_loop": {"executed_lines": [416, 417, 418, 434, 435], "summary": {"covered_lines": 5, "num_statements": 16, "percent_covered": 31.25, "percent_covered_display": "31", "missing_lines": 11, "excluded_lines": 0}, "missing_lines": [420, 421, 423, 424, 425, 427, 428, 429, 431, 432, 433], "excluded_lines": []}, "PositionStream._check_stream_freshness": {"executed_lines": [], "summary": {"covered_lines": 0, "num_statements": 6, "percent_covered": 0.0, "percent_covered_display": "0", "missing_lines": 6, "excluded_lines": 0}, "missing_lines": [439, 440, 442, 443, 444, 449], "excluded_lines": []}, "PositionStream._attempt_recovery": {"executed_lines": [], "summary": {"covered_lines": 0, "num_statements": 17, "percent_covered": 0.0, "percent_covered_display": "0", "missing_lines": 17, "excluded_lines": 0}, "missing_lines": [453, 455, 456, 460, 461, 462, 466, 467, 469, 470, 477, 479, 480, 481, 482, 487, 488], "excluded_lines": []}, "PositionStream._calculate_backoff": {"executed_lines": [], "summary": {"covered_lines": 0, "num_statements": 5, "percent_covered": 0.0, "percent_covered_display": "0", "missing_lines": 5, "excluded_lines": 0}, "missing_lines": [496, 498, 499, 500, 501], "excluded_lines": []}, "PositionStream._build_snapshot_position": {"executed_lines": [508, 509, 512, 513, 514, 515, 516, 517, 518, 527, 528, 529, 530, 540, 542], "summary": {"covered_lines": 15, "num_statements": 16, "percent_covered": 93.75, "percent_covered_display": "94", "missing_lines": 1, "excluded_lines": 0}, "missing_lines": [510], "excluded_lines": []}, "PositionStream._resolve_snapshot_margin": {"executed_lines": [561, 565, 566], "summary": {"covered_lines": 3, "num_statements": 7, "percent_covered": 42.857142857142854, "percent_covered_display": "43", "missing_lines": 4, "excluded_lines": 0}, "missing_lines": [568, 569, 570, 572], "excluded_lines": []}, "PositionStream._infer_leverage": {"executed_lines": [575, 579, 582, 583, 584, 586, 587, 588, 589, 590, 592, 593, 594, 595, 596, 597], "summary": {"covered_lines": 16, "num_statements": 18, "percent_covered": 88.88888888888889, "percent_covered_display": "89", "missing_lines": 2, "excluded_lines": 0}, "missing_lines": [580, 598], "excluded_lines": []}, "PositionStream._resolve_stream_margin": {"executed_lines": [], "summary": {"covered_lines": 0, "num_statements": 1, "percent_covered": 0.0, "percent_covered_display": "0", "missing_lines": 1, "excluded_lines": 0}, "missing_lines": [601], "excluded_lines": []}, "PositionStream._build_stream_url": {"executed_lines": [604, 607], "summary": {"covered_lines": 2, "num_statements": 2, "percent_covered": 100.0, "percent_covered_display": "100", "missing_lines": 0, "excluded_lines": 0}, "missing_lines": [], "excluded_lines": []}, "PositionStream._is_testnet": {"executed_lines": [610], "summary": {"covered_lines": 1, "num_statements": 1, "percent_covered": 100.0, "percent_covered_display": "100", "missing_lines": 0, "excluded_lines": 0}, "missing_lines": [], "excluded_lines": []}, "PositionStream._resolve_side": {"executed_lines": [614], "summary": {"covered_lines": 1, "num_statements": 1, "percent_covered": 100.0, "percent_covered_display": "100", "missing_lines": 0, "excluded_lines": 0}, "missing_lines": [], "excluded_lines": []}, "PositionStream._to_float": {"executed_lines": [618, 619, 620], "summary": {"covered_lines": 3, "num_statements": 3, "percent_covered": 100.0, "percent_covered_display": "100", "missing_lines": 0, "excluded_lines": 0}, "missing_lines": [], "excluded_lines": []}, "PositionStream._maybe_float": {"executed_lines": [624, 626], "summary": {"covered_lines": 2, "num_statements": 3, "percent_covered": 66.66666666666667, "percent_covered_display": "67", "missing_lines": 1, "excluded_lines": 0}, "missing_lines": [625], "excluded_lines": []}, "PositionStream._maybe_liquidation_price": {"executed_lines": [630, 631], "summary": {"covered_lines": 2, "num_statements": 2, "percent_covered": 100.0, "percent_covered_display": "100", "missing_lines": 0, "excluded_lines": 0}, "missing_lines": [], "excluded_lines": []}, "PositionStream._first_non_empty": {"executed_lines": [635, 636, 637], "summary": {"covered_lines": 3, "num_statements": 4, "percent_covered": 75.0, "percent_covered_display": "75", "missing_lines": 1, "excluded_lines": 0}, "missing_lines": [638], "excluded_lines": []}, "": {"executed_lines": [1, 3, 5, 6, 7, 8, 9, 10, 11, 13, 14, 16, 17, 18, 19, 21, 23, 24, 25, 26, 27, 28, 29, 30, 31, 33, 34, 37, 43, 44, 46, 80, 139, 168, 172, 176, 179, 182, 215, 218, 242, 251, 296, 319, 352, 363, 371, 395, 408, 414, 437, 451, 494, 503, 555, 574, 600, 603, 609, 612, 613, 616, 617, 622, 623, 628, 629, 633, 634, 641], "summary": {"covered_lines": 68, "num_statements": 68, "percent_covered": 100.0, "percent_covered_display": "100", "missing_lines": 0, "excluded_lines": 0}, "missing_lines": [], "excluded_lines": []}}, "classes": {"PositionStream": {"executed_lines": [56, 57, 58, 59, 60, 61, 63, 64, 65, 66, 67, 68, 69, 70, 72, 73, 74, 75, 76, 77, 78, 82, 85, 87, 88, 89, 90, 91, 95, 96, 97, 98, 99, 100, 106, 107, 108, 109, 110, 113, 114, 115, 117, 121, 125, 129, 130, 131, 132, 137, 141, 142, 143, 145, 150, 151, 153, 154, 155, 157, 158, 159, 161, 162, 164, 165, 166, 170, 174, 177, 180, 183, 184, 185, 186, 187, 190, 191, 194, 195, 196, 200, 202, 203, 204, 205, 206, 208, 210, 211, 212, 213, 216, 219, 222, 223, 224, 226, 227, 228, 229, 236, 237, 243, 246, 247, 248, 249, 252, 253, 254, 256, 257, 258, 261, 262, 266, 267, 268, 270, 271, 275, 277, 280, 294, 301, 302, 311, 312, 317, 320, 321, 322, 323, 325, 326, 331, 332, 336, 337, 338, 339, 340, 345, 346, 347, 348, 349, 350, 353, 354, 356, 357, 364, 365, 367, 368, 369, 372, 373, 375, 376, 377, 379, 381, 382, 384, 385, 386, 396, 397, 409, 410, 412, 416, 417, 418, 434, 435, 508, 509, 512, 513, 514, 515, 516, 517, 518, 527, 528, 529, 530, 540, 542, 561, 565, 566, 575, 579, 582, 583, 584, 586, 587, 588, 589, 590, 592, 593, 594, 595, 596, 597, 604, 607, 610, 614, 618, 619, 620, 624, 626, 630, 631, 635, 636, 637], "summary": {"covered_lines": 227, "num_statements": 312, "percent_covered": 72.75641025641026, "percent_covered_display": "73", "missing_lines": 85, "excluded_lines": 0}, "missing_lines": [83, 188, 192, 207, 220, 231, 232, 234, 235, 238, 239, 240, 244, 259, 263, 264, 278, 303, 304, 309, 313, 314, 315, 324, 327, 358, 359, 387, 388, 389, 399, 400, 401, 402, 403, 404, 420, 421, 423, 424, 425, 427, 428, 429, 431, 432, 433, 439, 440, 442, 443, 444, 449, 453, 455, 456, 460, 461, 462, 466, 467, 469, 470, 477, 479, 480, 481, 482, 487, 488, 496, 498, 499, 500, 501, 510, 568, 569, 570, 572, 580, 598, 601, 625, 638], "excluded_lines": []}, "": {"executed_lines": [1, 3, 5, 6, 7, 8, 9, 10, 11, 13, 14, 16, 17, 18, 19, 21, 23, 24, 25, 26, 27, 28, 29, 30, 31, 33, 34, 37, 43, 44, 46, 80, 139, 168, 172, 176, 179, 182, 215, 218, 242, 251, 296, 319, 352, 363, 371, 395, 408, 414, 437, 451, 494, 503, 555, 574, 600, 603, 609, 612, 613, 616, 617, 622, 623, 628, 629, 633, 634, 641], "summary": {"covered_lines": 68, "num_statements": 70, "percent_covered": 97.14285714285714, "percent_covered_display": "97", "missing_lines": 2, "excluded_lines": 0}, "missing_lines": [39, 40], "excluded_lines": []}}}, "src\\dashboard\\ui.py": {"executed_lines": [1, 3, 5, 6, 8, 14, 21, 34, 35, 36, 42, 69, 70, 71, 73, 75, 80, 85, 86, 89, 91, 94, 95, 96, 97, 100, 101, 108, 109, 110, 117, 118, 126, 131, 134, 145, 150, 172, 175, 177, 186, 187, 195, 196, 205, 206, 215, 222, 225, 232, 233, 234, 245], "summary": {"covered_lines": 51, "num_statements": 51, "percent_covered": 100.0, "percent_covered_display": "100", "missing_lines": 0, "excluded_lines": 0}, "missing_lines": [], "excluded_lines": [], "functions": {"DashboardSnapshotBuilder.build_snapshot": {"executed_lines": [80, 85, 86], "summary": {"covered_lines": 3, "num_statements": 3, "percent_covered": 100.0, "percent_covered_display": "100", "missing_lines": 0, "excluded_lines": 0}, "missing_lines": [], "excluded_lines": []}, "_format_timestamp": {"executed_lines": [91], "summary": {"covered_lines": 1, "num_statements": 1, "percent_covered": 100.0, "percent_covered_display": "100", "missing_lines": 0, "excluded_lines": 0}, "missing_lines": [], "excluded_lines": []}, "_mask_market_fields": {"executed_lines": [95, 96, 97], "summary": {"covered_lines": 3, "num_statements": 3, "percent_covered": 100.0, "percent_covered_display": "100", "missing_lines": 0, "excluded_lines": 0}, "missing_lines": [], "excluded_lines": []}, "_build_status_indicator": {"executed_lines": [101], "summary": {"covered_lines": 1, "num_statements": 1, "percent_covered": 100.0, "percent_covered_display": "100", "missing_lines": 0, "excluded_lines": 0}, "missing_lines": [], "excluded_lines": []}, "_build_banner": {"executed_lines": [109, 110, 117, 118], "summary": {"covered_lines": 4, "num_statements": 4, "percent_covered": 100.0, "percent_covered_display": "100", "missing_lines": 0, "excluded_lines": 0}, "missing_lines": [], "excluded_lines": []}, "_build_alert": {"executed_lines": [131, 134], "summary": {"covered_lines": 2, "num_statements": 2, "percent_covered": 100.0, "percent_covered_display": "100", "missing_lines": 0, "excluded_lines": 0}, "missing_lines": [], "excluded_lines": []}, "serialize_position_table": {"executed_lines": [150, 172], "summary": {"covered_lines": 2, "num_statements": 2, "percent_covered": 100.0, "percent_covered_display": "100", "missing_l
[...]
7, "num_statements": 7, "percent_covered": 100.0, "percent_covered_display": "100", "missing_lines": 0, "excluded_lines": 0}, "missing_lines": [], "excluded_lines": []}, "MongoRepository.get_last_bot_activity_at": {"executed_lines": [328, 333, 338, 339, 340, 342, 343, 344, 345, 347, 350], "summary": {"covered_lines": 11, "num_statements": 13, "percent_covered": 84.61538461538461, "percent_covered_display": "85", "missing_lines": 2, "excluded_lines": 0}, "missing_lines": [341, 348], "excluded_lines": []}, "MongoRepository._fetch_closed_trades": {"executed_lines": [353, 358, 359, 360, 361, 362, 366], "summary": {"covered_lines": 7, "num_statements": 7, "percent_covered": 100.0, "percent_covered_display": "100", "missing_lines": 0, "excluded_lines": 0}, "missing_lines": [], "excluded_lines": []}, "MongoRepository.create_onboarding_session": {"executed_lines": [], "summary": {"covered_lines": 0, "num_statements": 1, "percent_covered": 0.0, "percent_covered_display": "0", "missing_lines": 1, "excluded_lines": 0}, "missing_lines": [371], "excluded_lines": []}, "MongoRepository.get_onboarding_session": {"executed_lines": [], "summary": {"covered_lines": 0, "num_statements": 1, "percent_covered": 0.0, "percent_covered_display": "0", "missing_lines": 1, "excluded_lines": 0}, "missing_lines": [374], "excluded_lines": []}, "MongoRepository.list_onboarding_sessions": {"executed_lines": [], "summary": {"covered_lines": 0, "num_statements": 2, "percent_covered": 0.0, "percent_covered_display": "0", "missing_lines": 2, "excluded_lines": 0}, "missing_lines": [379, 382], "excluded_lines": []}, "MongoRepository.update_onboarding_session": {"executed_lines": [], "summary": {"covered_lines": 0, "num_statements": 2, "percent_covered": 0.0, "percent_covered_display": "0", "missing_lines": 2, "excluded_lines": 0}, "missing_lines": [385, 386], "excluded_lines": []}, "MongoRepository.delete_onboarding_session": {"executed_lines": [], "summary": {"covered_lines": 0, "num_statements": 2, "percent_covered": 0.0, "percent_covered_display": "0", "missing_lines": 2, "excluded_lines": 0}, "missing_lines": [391, 392], "excluded_lines": []}, "MongoRepository.save_signal": {"executed_lines": [], "summary": {"covered_lines": 0, "num_statements": 2, "percent_covered": 0.0, "percent_covered_display": "0", "missing_lines": 2, "excluded_lines": 0}, "missing_lines": [397, 398], "excluded_lines": []}, "MongoRepository.audit": {"executed_lines": [], "summary": {"covered_lines": 0, "num_statements": 2, "percent_covered": 0.0, "percent_covered_display": "0", "missing_lines": 2, "excluded_lines": 0}, "missing_lines": [404, 409], "excluded_lines": []}, "": {"executed_lines": [1, 10, 12, 13, 15, 16, 17, 19, 20, 22, 24, 25, 26, 27, 30, 82, 83, 85, 89, 90, 94, 139, 144, 154, 184, 196, 221, 225, 231, 236, 241, 249, 257, 293, 309, 326, 352, 370, 373, 378, 384, 390, 396, 402], "summary": {"covered_lines": 42, "num_statements": 42, "percent_covered": 100.0, "percent_covered_display": "100", "missing_lines": 0, "excluded_lines": 0}, "missing_lines": [], "excluded_lines": []}}, "classes": {"MongoRepository": {"executed_lines": [86, 87, 145, 146, 147, 148, 149, 150, 151, 152, 163, 169, 170, 171, 172, 173, 174, 175, 176, 178, 182, 238, 239, 243, 244, 245, 246, 247, 251, 252, 253, 254, 255, 259, 290, 291, 295, 299, 300, 315, 319, 320, 321, 322, 323, 324, 328, 333, 338, 339, 340, 342, 343, 344, 345, 347, 350, 353, 358, 359, 360, 361, 362, 366], "summary": {"covered_lines": 64, "num_statements": 98, "percent_covered": 65.3061224489796, "percent_covered_display": "65", "missing_lines": 34, "excluded_lines": 0}, "missing_lines": [92, 96, 97, 106, 107, 114, 115, 129, 130, 137, 140, 190, 194, 204, 214, 222, 223, 226, 229, 232, 341, 348, 371, 374, 379, 382, 385, 386, 391, 392, 397, 398, 404, 409], "excluded_lines": []}, "": {"executed_lines": [1, 10, 12, 13, 15, 16, 17, 19, 20, 22, 24, 25, 26, 27, 30, 32, 33, 42, 43, 44, 45, 46, 47, 49, 50, 51, 52, 53, 54, 55, 57, 58, 59, 60, 61, 62, 63, 64, 65, 66, 67, 68, 70, 72, 82, 83, 85, 89, 90, 94, 139, 144, 154, 184, 196, 221, 225, 231, 236, 241, 249, 257, 293, 309, 326, 352, 370, 373, 378, 384, 390, 396, 402], "summary": {"covered_lines": 71, "num_statements": 71, "percent_covered": 100.0, "percent_covered_display": "100", "missing_lines": 0, "excluded_lines": 0}, "missing_lines": [], "excluded_lines": []}}}, "src\\strategy\\__init__.py": {"executed_lines": [0], "summary": {"covered_lines": 0, "num_statements": 0, "percent_covered": 100.0, "percent_covered_display": "100", "missing_lines": 0, "excluded_lines": 0}, "missing_lines": [], "excluded_lines": [], "functions": {"": {"executed_lines": [], "summary": {"covered_lines": 0, "num_statements": 0, "percent_covered": 100.0, "percent_covered_display": "100", "missing_lines": 0, "excluded_lines": 0}, "missing_lines": [], "excluded_lines": []}}, "classes": {"": {"executed_lines": [], "summary": {"covered_lines": 0, "num_statements": 0, "percent_covered": 100.0, "percent_covered_display": "100", "missing_lines": 0, "excluded_lines": 0}, "missing_lines": [], "excluded_lines": []}}}, "src\\strategy\\indicators.py": {"executed_lines": [1, 12, 14, 15, 20, 26, 27, 30, 31, 32, 34, 36, 37, 39, 42, 52, 54, 55, 56, 58, 59, 60, 61, 62, 68, 75, 76, 77, 78, 84, 99, 100, 101, 103, 104, 106, 107, 108, 109, 111, 112, 113, 115, 116, 117, 118, 124, 131, 132, 133, 134, 140, 147, 148, 149, 152, 154, 155, 156], "summary": {"covered_lines": 58, "num_statements": 58, "percent_covered": 100.0, "percent_covered_display": "100", "missing_lines": 0, "excluded_lines": 0}, "missing_lines": [], "excluded_lines": [], "functions": {"smma": {"executed_lines": [26, 27, 30, 31, 32, 34, 36, 37, 39], "summary": {"covered_lines": 9, "num_statements": 9, "percent_covered": 100.0, "percent_covered_display": "100", "missing_lines": 0, "excluded_lines": 0}, "missing_lines": [], "excluded_lines": []}, "alligator": {"executed_lines": [52, 54, 55, 56, 58, 59, 60, 61, 62], "summary": {"covered_lines": 9, "num_statements": 9, "percent_covered": 100.0, "percent_covered_display": "100", "missing_lines": 0, "excluded_lines": 0}, "missing_lines": [], "excluded_lines": []}, "awesome_oscillator": {"executed_lines": [75, 76, 77, 78], "summary": {"covered_lines": 4, "num_statements": 4, "percent_covered": 100.0, "percent_covered_display": "100", "missing_lines": 0, "excluded_lines": 0}, "missing_lines": [], "excluded_lines": []}, "fractals": {"executed_lines": [99, 100, 101, 103, 104, 106, 107, 108, 109, 111, 112, 113, 115, 116, 117, 118], "summary": {"covered_lines": 16, "num_statements": 16, "percent_covered": 100.0, "percent_covered_display": "100", "missing_lines": 0, "excluded_lines": 0}, "missing_lines": [], "excluded_lines": []}, "compute_all": {"executed_lines": [131, 132, 133, 134], "summary": {"covered_lines": 4, "num_statements": 4, "percent_covered": 100.0, "percent_covered_display": "100", "missing_lines": 0, "excluded_lines": 0}, "missing_lines": [], "excluded_lines": []}, "last_valid_fractal_high": {"executed_lines": [147, 148, 149], "summary": {"covered_lines": 3, "num_statements": 3, "percent_covered": 100.0, "percent_covered_display": "100", "missing_lines": 0, "excluded_lines": 0}, "missing_lines": [], "excluded_lines": []}, "last_valid_fractal_low": {"executed_lines": [154, 155, 156], "summary": {"covered_lines": 3, "num_statements": 3, "percent_covered": 100.0, "percent_covered_display": "100", "missing_lines": 0, "excluded_lines": 0}, "missing_lines": [], "excluded_lines": []}, "": {"executed_lines": [1, 12, 14, 15, 20, 42, 68, 84, 124, 140, 152], "summary": {"covered_lines": 10, "num_statements": 10, "percent_covered": 100.0, "percent_covered_display": "100", "missing_lines": 0, "excluded_lines": 0}, "missing_lines": [], "excluded_lines": []}}, "classes": {"": {"executed_lines": [1, 12, 14, 15, 20, 26, 27, 30, 31, 32, 34, 36, 37, 39, 42, 52, 54, 55, 56, 58, 59, 60, 61, 62, 68, 75, 76, 77, 78, 84, 99, 100, 101, 103, 104, 106, 107, 108, 109, 111, 112, 113, 115, 116, 117, 118, 124, 131, 132, 133, 134, 140, 147, 148, 149, 152, 154, 155, 156], "summary": {"covered_lines": 58, "num_statements": 58, "percent_covered": 100.0, "percent_covered_display": "100", "missing_lines": 0, "excluded_lines": 0}, "missing_lines": [], "excluded_lines": []}}}, "src\\strategy\\signal_engine.py": {"executed_lines": [1, 25, 27, 28, 29, 31, 33, 34, 40, 43, 44, 45, 48, 49, 50, 51, 52, 53, 54, 55, 56, 57, 59, 60, 61, 63, 64, 65, 67, 68, 69, 71, 73, 74, 89, 90, 92, 93, 95, 107, 108, 109, 111, 114, 115, 117, 118, 119, 120, 122, 126, 129, 130, 131, 132, 133, 134, 136, 147, 148, 149, 158, 159, 162, 163, 164, 165, 166, 167, 169, 180, 181, 182, 191, 192, 194, 195, 199, 200, 202, 204, 205, 207], "summary": {"covered_lines": 81, "num_statements": 84, "percent_covered": 96.42857142857143, "percent_covered_display": "96", "missing_lines": 3, "excluded_lines": 0}, "missing_lines": [70, 123, 124], "excluded_lines": [], "functions": {"Signal.risk": {"executed_lines": [61], "summary": {"covered_lines": 1, "num_statements": 1, "percent_covered": 100.0, "percent_covered_display": "100", "missing_lines": 0, "excluded_lines": 0}, "missing_lines": [], "excluded_lines": []}, "Signal.reward": {"executed_lines": [65], "summary": {"covered_lines": 1, "num_statements": 1, "percent_covered": 100.0, "percent_covered_display": "100", "missing_lines": 0, "excluded_lines": 0}, "missing_lines": [], "excluded_lines": []}, "Signal.risk_reward_ratio": {"executed_lines": [69, 71], "summary": {"covered_lines": 2, "num_statements": 3, "percent_covered": 66.66666666666667, "percent_covered_display": "67", "missing_lines": 1, "excluded_lines": 0}, "missing_lines": [70], "excluded_lines": []}, "Signal.to_dict": {"executed_lines": [74], "summary": {"covered_lines": 1, "num_statements": 1, "percent_covered": 100.0, "percent_covered_display": "100", "missing_lines": 0, "excluded_lines": 0}, "missing_lines": [], "excluded_lines": []}, "SignalEngine.__init__": {"executed_lines": [93], "summary": {"covered_lines": 1, "num_statements": 1, "percent_covered": 100.0, "percent_covered_display": "100", "missing_lines": 0, "excluded_lines": 0}, "missing_lines": [], "excluded_lines": []}, "SignalEngine.evaluate": {"executed_lines": [107, 108, 109, 111, 114, 115, 117, 118, 119, 120, 122, 126, 129, 130, 131, 132, 133, 134, 136, 147, 148, 149, 158, 159, 162, 163, 164, 165, 166, 167, 169, 180, 181, 182, 191, 192, 194, 195], "summary": {"covered_lines": 38, "num_statements": 40, "percent_covered": 95.0, "percent_covered_display": "95", "missing_lines": 2, "excluded_lines": 0}, "missing_lines": [123, 124], "excluded_lines": []}, "SignalEngine._is_alligator_bullish": {"executed_lines": [202], "summary": {"covered_lines": 1, "num_statements": 1, "percent_covered": 100.0, "percent_covered_display": "100", "missing_lines": 0, "excluded_lines": 0}, "missing_lines": [], "excluded_lines": []}, "SignalEngine._is_alligator_bearish": {"executed_lines": [207], "summary": {"covered_lines": 1, "num_statements": 1, "percent_covered": 100.0, "percent_covered_display": "100", "missing_lines": 0, "excluded_lines": 0}, "missing_lines": [], "excluded_lines": []}, "": {"executed_lines": [1, 25, 27, 28, 29, 31, 33, 34, 40, 43, 44, 45, 48, 49, 50, 51, 52, 53, 54, 55, 56, 57, 59, 60, 63, 64, 67, 68, 73, 89, 90, 92, 95, 199, 200, 204, 205], "summary": {"covered_lines": 35, "num_statements": 35, "percent_covered": 100.0, "percent_covered_display": "100", "missing_lines": 0, "excluded_lines": 0}, "missing_lines": [], "excluded_lines": []}}, "classes": {"Direction": {"executed_lines": [], "summary": {"covered_lines": 0, "num_statements": 0, "percent_covered": 100.0, "percent_covered_display": "100", "missing_lines": 0, "excluded_lines": 0}, "missing_lines": [], "excluded_lines": []}, "Signal": {"executed_lines": [61, 65, 69, 71, 74], "summary": {"covered_lines": 5, "num_statements": 6, "percent_covered": 83.33333333333333, "percent_covered_display": "83", "missing_lines": 1, "excluded_lines": 0}, "missing_lines": [70], "excluded_lines": []}, "SignalEngine": {"executed_lines": [93, 107, 108, 109, 111, 114, 115, 117, 118, 119, 120, 122, 126, 129, 130, 131, 132, 133, 134, 136, 147, 148, 149, 158, 159, 162, 163, 164, 165, 166, 167, 169, 180, 181, 182, 191, 192, 194, 195, 202, 207], "summary": {"covered_lines": 41, "num_statements": 43, "percent_covered": 95.34883720930233, "percent_covered_display": "95", "missing_lines": 2, "excluded_lines": 0}, "missing_lines": [123, 124], "excluded_lines": []}, "": {"executed_lines": [1, 25, 27, 28, 29, 31, 33, 34, 40, 43, 44, 45, 48, 49, 50, 51, 52, 53, 54, 55, 56, 57, 59, 60, 63, 64, 67, 68, 73, 89, 90, 92, 95, 199, 200, 204, 205], "summary": {"covered_lines": 35, "num_statements": 35, "percent_covered": 100.0, "percent_covered_display": "100", "missing_lines": 0, "excluded_lines": 0}, "missing_lines": [], "excluded_lines": []}}}, "src\\trading\\__init__.py": {"executed_lines": [0], "summary": {"covered_lines": 0, "num_statements": 0, "percent_covered": 100.0, "percent_covered_display": "100", "missing_lines": 0, "excluded_lines": 0}, "missing_lines": [], "excluded_lines": [], "functions": {"": {"executed_lines": [], "summary": {"covered_lines": 0, "num_statements": 0, "percent_covered": 100.0, "percent_covered_display": "100", "missing_lines": 0, "excluded_lines": 0}, "missing_lines": [], "excluded_lines": []}}, "classes": {"": {"executed_lines": [], "summary": {"covered_lines": 0, "num_statements": 0, "percent_covered": 100.0, "percent_covered_display": "100", "missing_lines": 0, "excluded_lines": 0}, "missing_lines": [], "excluded_lines": []}}}, "src\\trading\\order_manager.py": {"executed_lines": [1, 13, 15, 16, 17, 18, 20, 21, 22, 23, 24, 25, 27, 30, 31, 32, 33, 34, 35, 38, 39, 40, 41, 42, 43, 44, 45, 46, 47, 48, 49, 50, 51, 52, 53, 54, 55, 56, 57, 58, 59, 61, 62, 86, 87, 89, 92, 93, 94, 96, 101, 102, 103, 104, 107, 108, 111, 112, 121, 122, 124, 134, 135, 136, 137, 143, 144, 145, 151, 154, 155, 166, 169, 170, 171, 172, 178, 179, 180, 186, 187, 190, 207, 208, 211, 212], "summary": {"covered_lines": 84, "num_statements": 87, "percent_covered": 96.55172413793103, "percent_covered_display": "97", "missing_lines": 3, "excluded_lines": 0}, "missing_lines": [117, 118, 119], "excluded_lines": [], "functions": {"Trade.to_dict": {"executed_lines": [62], "summary": {"covered_lines": 1, "num_statements": 1, "percent_covered": 100.0, "percent_covered_display": "100", "missing_lines": 0, "excluded_lines": 0}, "missing_lines": [], "excluded_lines": []}, "OrderManager.__init__": {"executed_lines": [92, 93, 94], "summary": {"covered_lines": 3, "num_statements": 3, "percent_covered": 100.0, "percent_covered_display": "100", "missing_lines": 0, "excluded_lines": 0}, "missing_lines": [], "excluded_lines": []}, "OrderManager.execute": {"executed_lines": [101, 102, 103, 104, 107, 108, 111, 112, 121, 122, 124, 134, 135, 136, 137, 143, 144, 145, 151, 154, 155, 166, 169, 170, 171, 172, 178, 179, 180, 186, 187, 190, 207, 208], "summary": {"covered_lines": 34, "num_statements": 37, "percent_covered": 91.89189189189189, "percent_covered_display": "92", "missing_lines": 3, "excluded_lines": 0}, "missing_lines": [117, 118, 119], "excluded_lines": []}, "_failed_trade": {"executed_lines": [212], "summary": {"covered_lines": 1, "num_statements": 1, "percent_covered": 100.0, "percent_covered_display": "100", "missing_lines": 0, "excluded_lines": 0}, "missing_lines": [], "excluded_lines": []}, "": {"executed_lines": [1, 13, 15, 16, 17, 18, 20, 21, 22, 23, 24, 25, 27, 30, 31, 32, 33, 34, 35, 38, 39, 40, 41, 42, 43, 44, 45, 46, 47, 48, 49, 50, 51, 52, 53, 54, 55, 56, 57, 58, 59, 61, 86, 87, 89, 96, 211], "summary": {"covered_lines": 45, "num_statements": 45, "percent_covered": 100.0, "percent_covered_display": "100", "missing_lines": 0, "excluded_lines": 0}, "missing_lines": [], "excluded_lines": []}}, "classes": {"TradeStatus": {"executed_lines": [], "summary": {"covered_lines": 0, "num_statements": 0, "percent_covered": 100.0, "percent_covered_display": "100", "missing_lines": 0, "excluded_lines": 0}, "missing_lines": [], "excluded_lines": []}, "Trade": {"executed_lines": [62], "summary": {"covered_lines": 1, "num_statements": 1, "percent_covered": 100.0, "percent_covered_display": "100", "missing_lines": 0, "excluded_lines": 0}, "missing_lines": [], "excluded_lines": []}, "OrderManager": {"executed_lines": [92, 93, 94, 101, 102, 103, 104, 107, 108, 111, 112, 121, 122, 124, 134, 135, 136, 137, 143, 144, 145, 151, 154, 155, 166, 169, 170, 171, 172, 178, 179, 180, 186, 187, 190, 207, 208], "summary": {"covered_lines": 37, "num_statements": 40, "percent_covered": 92.5, "percent_covered_display": "92", "missing_lines": 3, "excluded_lines": 0}, "missing_lines": [117, 118, 119], "excluded_lines": []}, "": {"executed_lines": [1, 13, 15, 16, 17, 18, 20, 21, 22, 23, 24, 25, 27, 30, 31, 32, 33, 34, 35, 38, 39, 40, 41, 42, 43, 44, 45, 46, 47, 48, 49, 50, 51, 52, 53, 54, 55, 56, 57, 58, 59, 61, 86, 87, 89, 96, 211, 212], "summary": {"covered_lines": 46, "num_statements": 46, "percent_covered": 100.0, "percent_covered_display": "100", "missing_lines": 0, "excluded_lines": 0}, "missing_lines": [], "excluded_lines": []}}}, "src\\trading\\risk_manager.py": {"executed_lines": [1, 16, 18, 20, 21, 23, 26, 27, 28, 29, 30, 31, 32, 33, 34, 35, 36, 38, 39, 52, 53, 55, 62, 63, 64, 65, 67, 77, 78, 79, 80, 83, 84, 87, 88, 89, 91, 93, 94, 95, 96, 97, 98, 106, 108, 109, 110, 113, 114, 120, 122, 134, 135], "summary": {"covered_lines": 51, "num_statements": 51, "percent_covered": 100.0, "percent_covered_display": "100", "missing_lines": 0, "excluded_lines": 0}, "missing_lines": [], "excluded_lines": [], "functions": {"PositionSize.to_dict": {"executed_lines": [39], "summary": {"covered_lines": 1, "num_statements": 1, "percent_covered": 100.0, "percent_covered_display": "100", "missing_lines": 0, "excluded_lines": 0}, "missing_lines": [], "excluded_lines": []}, "RiskManager.__init__": {"executed_lines": [62, 63, 64, 65], "summary": {"covered_lines": 4, "num_statements": 4, "percent_covered": 100.0, "percent_covered_display": "100", "missing_lines": 0, "excluded_lines": 0}, "missing_lines": [], "excluded_lines": []}, "RiskManager.calculate": {"executed_lines": [77, 78, 79, 80, 83, 84, 87, 88, 89, 91, 93, 94, 95, 96, 97, 98, 106, 108, 109, 110, 113, 114, 120, 122, 134, 135], "summary": {"covered_lines": 26, "num_statements": 26, "percent_covered": 100.0, "percent_covered_display": "100", "missing_lines": 0, "excluded_lines": 0}, "missing_lines": [], "excluded_lines": []}, "": {"executed_lines": [1, 16, 18, 20, 21, 23, 26, 27, 28, 29, 30, 31, 32, 33, 34, 35, 36, 38, 52, 53, 55, 67], "summary": {"covered_lines": 20, "num_statements": 20, "percent_covered": 100.0, "percent_covered_display": "100", "missing_lines": 0, "excluded_lines": 0}, "missing_lines": [], "excluded_lines": []}}, "classes": {"PositionSize": {"executed_lines": [39], "summary": {"covered_lines": 1, "num_statements": 1, "percent_covered": 100.0, "percent_covered_display": "100", "missing_lines": 0, "excluded_lines": 0}, "missing_lines": [], "excluded_lines": []}, "RiskManager": {"executed_lines": [62, 63, 64, 65, 77, 78, 79, 80, 83, 84, 87, 88, 89, 91, 93, 94, 95, 96, 97, 98, 106, 108, 109, 110, 113, 114, 120, 122, 134, 135], "summary": {"covered_lines": 30, "num_statements": 30, "percent_covered": 100.0, "percent_covered_display": "100", "missing_lines": 0, "excluded_lines": 0}, "missing_lines": [], "excluded_lines": []}, "": {"executed_lines": [1, 16, 18, 20, 21, 23, 26, 27, 28, 29, 30, 31, 32, 33, 34, 35, 36, 38, 52, 53, 55, 67], "summary": {"covered_lines": 20, "num_statements": 20, "percent_covered": 100.0, "percent_covered_display": "100", "missing_lines": 0, "excluded_lines": 0}, "missing_lines": [], "excluded_lines": []}}}}, "totals": {"covered_lines": 2457, "num_statements": 3072, "percent_covered": 79.98046875, "percent_covered_display": "80", "missing_lines": 615, "excluded_lines": 0}}